Removed Pin From Net: NetName=GND Pin=-2
Removed Pin From Net: NetName=+12V Pin=C1-1
Removed Pin From Net: NetName=GND Pin=C1-2
Removed Pin From Net: NetName=GND Pin=C2-2
Removed Pin From Net: NetName=+3V3 Pin=C3-1
Removed Pin From Net: NetName=GND Pin=C3-2
Removed Pin From Net: NetName=+3V3 Pin=C4-2
Removed Pin From Net: NetName=+3V3 Pin=C5-2
Removed Pin From Net: NetName=GND Pin=C6-1
Removed Pin From Net: NetName=+3V3 Pin=C6-2
Removed Pin From Net: NetName=GND Pin=C7-2
Removed Pin From Net: NetName=GND Pin=C9-1
Removed Pin From Net: NetName=TEMP_U Pin=C9-2
Removed Pin From Net: NetName=GND Pin=C10-1
Removed Pin From Net: NetName=TEMP_V Pin=C10-2
Removed Pin From Net: NetName=GND Pin=C11-1
Removed Pin From Net: NetName=TEMP_W Pin=C11-2
Removed Pin From Net: NetName=GND Pin=C12-2
Removed Pin From Net: NetName=PHASE_U Pin=C13-1
Removed Pin From Net: NetName=PHASE_U Pin=C14-1
Removed Pin From Net: NetName=GND Pin=C15-2
Removed Pin From Net: NetName=GND Pin=C16-2
Removed Pin From Net: NetName=GND Pin=C17-2
Removed Pin From Net: NetName=GND Pin=C18-1
Removed Pin From Net: NetName=GND Pin=C19-1
Removed Pin From Net: NetName=+3V3 Pin=C19-2
Removed Pin From Net: NetName=GND Pin=C20-1
Removed Pin From Net: NetName=+3V3 Pin=C20-2
Removed Pin From Net: NetName=PHASE_V Pin=C23-1
Removed Pin From Net: NetName=PHASE_V Pin=C24-1
Removed Pin From Net: NetName=GND Pin=C25-2
Removed Pin From Net: NetName=GND Pin=C26-2
Removed Pin From Net: NetName=GND Pin=C28-1
Removed Pin From Net: NetName=GND Pin=C29-1
Removed Pin From Net: NetName=+3V3 Pin=C29-2
Removed Pin From Net: NetName=GND Pin=C30-1
Removed Pin From Net: NetName=+3V3 Pin=C30-2
Removed Pin From Net: NetName=GND Pin=C31-1
Removed Pin From Net: NetName=+12V Pin=C31-2
Removed Pin From Net: NetName=GND Pin=C32-1
Removed Pin From Net: NetName=+12V Pin=C32-2
Removed Pin From Net: NetName=PHASE_W Pin=C33-1
Removed Pin From Net: NetName=PHASE_W Pin=C34-1
Removed Pin From Net: NetName=GND Pin=C35-2
Removed Pin From Net: NetName=GND Pin=C36-2
Removed Pin From Net: NetName=GND Pin=C37-2
Removed Pin From Net: NetName=GND Pin=C38-1
Removed Pin From Net: NetName=GND Pin=C39-1
Removed Pin From Net: NetName=+3V3 Pin=C39-2
Removed Pin From Net: NetName=GND Pin=C40-1
Removed Pin From Net: NetName=+3V3 Pin=C40-2
Removed Pin From Net: NetName=GND Pin=C43-2
Removed Pin From Net: NetName=GND Pin=C44-2
Removed Pin From Net: NetName=GND Pin=C45-2
Removed Pin From Net: NetName=GND Pin=C46-2
Removed Pin From Net: NetName=GND Pin=C47-2
Removed Pin From Net: NetName=GND Pin=C61-1
Removed Pin From Net: NetName=GND Pin=C62-1
Removed Pin From Net: NetName=GND Pin=C63-1
Removed Pin From Net: NetName=GND Pin=C64-1
Removed Pin From Net: NetName=GND Pin=C65-1
Removed Pin From Net: NetName=GND Pin=C66-1
Removed Pin From Net: NetName=GND Pin=C67-1
Removed Pin From Net: NetName=GND Pin=C68-1
Removed Pin From Net: NetName=GND Pin=C69-1
Removed Pin From Net: NetName=GND Pin=C70-1
Removed Pin From Net: NetName=GND Pin=C71-1
Removed Pin From Net: NetName=GND Pin=C76-1
Removed Pin From Net: NetName=GND Pin=C77-1
Removed Pin From Net: NetName=GND Pin=C78-1
Removed Pin From Net: NetName=GND Pin=C79-1
Removed Pin From Net: NetName=GND Pin=C81-1
Removed Pin From Net: NetName=+12V Pin=C81-2
Removed Pin From Net: NetName=GND Pin=C82-1
Removed Pin From Net: NetName=+3V3 Pin=C82-2
Removed Pin From Net: NetName=GND Pin=C84-1
Removed Pin From Net: NetName=+12V Pin=C84-2
Removed Pin From Net: NetName=GND Pin=C85-1
Removed Pin From Net: NetName=GND Pin=C86-1
Removed Pin From Net: NetName=GND Pin=C87-1
Removed Pin From Net: NetName=GND Pin=C88-1
Removed Pin From Net: NetName=GND Pin=C89-1
Removed Pin From Net: NetName=GND Pin=C90-1
Removed Pin From Net: NetName=GND Pin=C91-1
Removed Pin From Net: NetName=GND Pin=C92-1
Removed Pin From Net: NetName=GND Pin=C93-2
Removed Pin From Net: NetName=GND Pin=C94-1
Removed Pin From Net: NetName=GND Pin=D10-1
Removed Pin From Net: NetName=GND Pin=D11-1
Removed Pin From Net: NetName=GND Pin=D12-1
Removed Pin From Net: NetName=GND Pin=J10-3
Removed Pin From Net: NetName=GND Pin=J11-3
Removed Pin From Net: NetName=GND Pin=J12-4
Removed Pin From Net: NetName=GND Pin=J14-1
Removed Pin From Net: NetName=TEMP_U Pin=J15-3
Removed Pin From Net: NetName=+3V3 Pin=J15-4
Removed Pin From Net: NetName=PHASE_U Pin=J15-5
Removed Pin From Net: NetName=OUT_U Pin=J15-6
Removed Pin From Net: NetName=TEMP_V Pin=J16-3
Removed Pin From Net: NetName=+3V3 Pin=J16-4
Removed Pin From Net: NetName=PHASE_V Pin=J16-5
Removed Pin From Net: NetName=OUT_V Pin=J16-6
Removed Pin From Net: NetName=TEMP_W Pin=J17-3
Removed Pin From Net: NetName=+3V3 Pin=J17-4
Removed Pin From Net: NetName=PHASE_W Pin=J17-5
Removed Pin From Net: NetName=OUT_W Pin=J17-6
Removed Pin From Net: NetName=GND Pin=J18-1
Removed Pin From Net: NetName=GND Pin=J25-1
Removed Pin From Net: NetName=GND Pin=J25-2
Removed Pin From Net: NetName=GND Pin=J25-3
Removed Pin From Net: NetName=GND Pin=J25-4
Removed Pin From Net: NetName=GND Pin=J25-5
Removed Pin From Net: NetName=GND Pin=J25-6
Removed Pin From Net: NetName=GND Pin=J_USB-5
Removed Pin From Net: NetName=+12V Pin=L1-2
Removed Pin From Net: NetName=+3V3 Pin=L3-2
Removed Pin From Net: NetName=PHASE_U Pin=R4-2
Removed Pin From Net: NetName=PHASE_V Pin=R5-2
Removed Pin From Net: NetName=PHASE_W Pin=R6-2
Removed Pin From Net: NetName=GND Pin=R8-1
Removed Pin From Net: NetName=GND Pin=R9-1
Removed Pin From Net: NetName=GND Pin=R10-1
Removed Pin From Net: NetName=GND Pin=R11-1
Removed Pin From Net: NetName=GND Pin=R12-1
Removed Pin From Net: NetName=TEMP_U Pin=R12-2
Removed Pin From Net: NetName=GND Pin=R13-1
Removed Pin From Net: NetName=TEMP_V Pin=R13-2
Removed Pin From Net: NetName=GND Pin=R14-1
Removed Pin From Net: NetName=TEMP_W Pin=R14-2
Removed Pin From Net: NetName=+12V Pin=R15-1
Removed Pin From Net: NetName=GND Pin=R18-2
Removed Pin From Net: NetName=GND Pin=R19-2
Removed Pin From Net: NetName=GND Pin=R20-2
Removed Pin From Net: NetName=PWM_U_HIGH Pin=R21-1
Removed Pin From Net: NetName=PWM_U_LOW Pin=R22-1
Removed Pin From Net: NetName=GND Pin=R24-1
Removed Pin From Net: NetName=+12V Pin=R27-1
Removed Pin From Net: NetName=GND Pin=R30-2
Removed Pin From Net: NetName=GND Pin=R31-2
Removed Pin From Net: NetName=GND Pin=R32-2
Removed Pin From Net: NetName=PWM_V_HIGH Pin=R33-1
Removed Pin From Net: NetName=PWM_V_LOW Pin=R34-1
Removed Pin From Net: NetName=GND Pin=R36-1
Removed Pin From Net: NetName=+12V Pin=R39-1
Removed Pin From Net: NetName=GND Pin=R42-2
Removed Pin From Net: NetName=GND Pin=R43-2
Removed Pin From Net: NetName=GND Pin=R44-2
Removed Pin From Net: NetName=PWM_W_HIGH Pin=R45-1
Removed Pin From Net: NetName=PWM_W_LOW Pin=R46-1
Removed Pin From Net: NetName=GND Pin=R48-1
Removed Pin From Net: NetName=GND Pin=R67-2
Removed Pin From Net: NetName=+3V3 Pin=R68-1
Removed Pin From Net: NetName=GND Pin=R69-2
Removed Pin From Net: NetName=+12V Pin=R70-2
Removed Pin From Net: NetName=GND Pin=R71-1
Removed Pin From Net: NetName=GND Pin=R72-1
Removed Pin From Net: NetName=+3V3 Pin=R75-2
Removed Pin From Net: NetName=OUT_U Pin=U1-1
Removed Pin From Net: NetName=GND Pin=U1-2
Removed Pin From Net: NetName=+3V3 Pin=U1-3
Removed Pin From Net: NetName=+3V3 Pin=U1-6
Removed Pin From Net: NetName=GND Pin=U1-7
Removed Pin From Net: NetName=PHASE_U Pin=U1-8
Removed Pin From Net: NetName=OUT_V Pin=U2-1
Removed Pin From Net: NetName=GND Pin=U2-2
Removed Pin From Net: NetName=+3V3 Pin=U2-3
Removed Pin From Net: NetName=+3V3 Pin=U2-6
Removed Pin From Net: NetName=GND Pin=U2-7
Removed Pin From Net: NetName=PHASE_V Pin=U2-8
Removed Pin From Net: NetName=OUT_W Pin=U3-1
Removed Pin From Net: NetName=GND Pin=U3-2
Removed Pin From Net: NetName=+3V3 Pin=U3-3
Removed Pin From Net: NetName=+3V3 Pin=U3-6
Removed Pin From Net: NetName=GND Pin=U3-7
Removed Pin From Net: NetName=PHASE_W Pin=U3-8
Removed Pin From Net: NetName=+3V3 Pin=U4-3
Removed Pin From Net: NetName=GND Pin=U4-4
Removed Pin From Net: NetName=+3V3 Pin=U4-8
Removed Pin From Net: NetName=GND Pin=U4-9
Removed Pin From Net: NetName=+12V Pin=U4-11
Removed Pin From Net: NetName=PHASE_U Pin=U4-14
Removed Pin From Net: NetName=+3V3 Pin=U5-3
Removed Pin From Net: NetName=GND Pin=U5-4
Removed Pin From Net: NetName=+3V3 Pin=U5-8
Removed Pin From Net: NetName=GND Pin=U5-9
Removed Pin From Net: NetName=+12V Pin=U5-11
Removed Pin From Net: NetName=PHASE_V Pin=U5-14
Removed Pin From Net: NetName=+3V3 Pin=U6-3
Removed Pin From Net: NetName=GND Pin=U6-4
Removed Pin From Net: NetName=+3V3 Pin=U6-8
Removed Pin From Net: NetName=GND Pin=U6-9
Removed Pin From Net: NetName=+12V Pin=U6-11
Removed Pin From Net: NetName=PHASE_W Pin=U6-14
Removed Pin From Net: NetName=GND Pin=U7-1
Removed Pin From Net: NetName=GND Pin=U7-9
Removed Pin From Net: NetName=+12V Pin=U8-3
Removed Pin From Net: NetName=+12V Pin=U8-4
Removed Pin From Net: NetName=GND Pin=U8-5
Removed Pin From Net: NetName=GND Pin=U8-8
Removed Pin From Net: NetName=GND Pin=U8-9
Removed Pin From Net: NetName=+12V Pin=U9-3
Removed Pin From Net: NetName=+12V Pin=U9-4
Removed Pin From Net: NetName=GND Pin=U9-5
Removed Pin From Net: NetName=GND Pin=U9-8
Removed Pin From Net: NetName=GND Pin=U9-9
Removed Pin From Net: NetName=GND Pin=U10-13
Removed Pin From Net: NetName=TEMP_U Pin=U10-17
Removed Pin From Net: NetName=GND Pin=U10-18
Removed Pin From Net: NetName=TEMP_V Pin=U10-26
Removed Pin From Net: NetName=TEMP_W Pin=U10-27
Removed Pin From Net: NetName=PWM_U_LOW Pin=U10-34
Removed Pin From Net: NetName=PWM_V_LOW Pin=U10-35
Removed Pin From Net: NetName=PWM_W_LOW Pin=U10-36
Removed Pin From Net: NetName=PWM_U_HIGH Pin=U10-41
Removed Pin From Net: NetName=PWM_V_HIGH Pin=U10-42
Removed Pin From Net: NetName=PWM_W_HIGH Pin=U10-43
Removed Pin From Net: NetName=GND Pin=U10-60
Removed Pin From Net: NetName=GND Pin=U10-63
Removed Pin From Net: NetName=GND Pin=U11-2
Removed Pin From Net: NetName=GND Pin=U12-2
Removed Pin From Net: NetName=+3V3 Pin=U12-5
Removed Pin From Net: NetName=GND Pin=U12-8
Removed Pin From Net: NetName=GND Pin=Y1-2
Removed Pin From Net: NetName=GND Pin=Y1-4
Removed Member From Class: ClassName=Driver Member=C13
Removed Member From Class: ClassName=Driver Member=C14
Removed Member From Class: ClassName=Driver Member=C15
Removed Member From Class: ClassName=Driver Member=C16
Removed Member From Class: ClassName=Driver Member=C17
Removed Member From Class: ClassName=Driver Member=C18
Removed Member From Class: ClassName=Driver Member=C19
Removed Member From Class: ClassName=Driver Member=C20
Removed Member From Class: ClassName=Driver Member=C24
Removed Member From Class: ClassName=Driver Member=C25
Removed Member From Class: ClassName=Driver Member=C26
Removed Member From Class: ClassName=Driver Member=C30
Removed Member From Class: ClassName=Driver Member=C31
Removed Member From Class: ClassName=Driver Member=C32
Removed Member From Class: ClassName=Driver Member=C33
Removed Member From Class: ClassName=Driver Member=C34
Removed Member From Class: ClassName=Driver Member=C35
Removed Member From Class: ClassName=Driver Member=C36
Removed Member From Class: ClassName=Driver Member=C37
Removed Member From Class: ClassName=Driver Member=C38
Removed Member From Class: ClassName=Driver Member=C39
Removed Member From Class: ClassName=Driver Member=C40
Removed Member From Class: ClassName=Driver Member=D1
Removed Member From Class: ClassName=Driver Member=D2
Removed Member From Class: ClassName=Driver Member=D3
Removed Member From Class: ClassName=Driver Member=D4
Removed Member From Class: ClassName=Driver Member=D5
Removed Member From Class: ClassName=Driver Member=D6
Removed Member From Class: ClassName=Driver Member=D7
Removed Member From Class: ClassName=Driver Member=D8
Removed Member From Class: ClassName=Driver Member=D9
Removed Member From Class: ClassName=Driver Member=J15
Removed Member From Class: ClassName=Driver Member=J16
Removed Member From Class: ClassName=Driver Member=J17
Removed Member From Class: ClassName=Driver Member=J24
Removed Member From Class: ClassName=Driver Member=J25
Removed Member From Class: ClassName=Driver Member=R15
Removed Member From Class: ClassName=Driver Member=R16
Removed Member From Class: ClassName=Driver Member=R17
Removed Member From Class: ClassName=Driver Member=R18
Removed Member From Class: ClassName=Driver Member=R19
Removed Member From Class: ClassName=Driver Member=R20
Removed Member From Class: ClassName=Driver Member=R21
Removed Member From Class: ClassName=Driver Member=R22
Removed Member From Class: ClassName=Driver Member=R23
Removed Member From Class: ClassName=Driver Member=R24
Removed Member From Class: ClassName=Driver Member=R27
Removed Member From Class: ClassName=Driver Member=R29
Removed Member From Class: ClassName=Driver Member=R30
Removed Member From Class: ClassName=Driver Member=R31
Removed Member From Class: ClassName=Driver Member=R32
Removed Member From Class: ClassName=Driver Member=R34
Removed Member From Class: ClassName=Driver Member=R36
Removed Member From Class: ClassName=Driver Member=R37
Removed Member From Class: ClassName=Driver Member=R38
Removed Member From Class: ClassName=Driver Member=R39
Removed Member From Class: ClassName=Driver Member=R40
Removed Member From Class: ClassName=Driver Member=R41
Removed Member From Class: ClassName=Driver Member=R42
Removed Member From Class: ClassName=Driver Member=R43
Removed Member From Class: ClassName=Driver Member=R44
Removed Member From Class: ClassName=Driver Member=R45
Removed Member From Class: ClassName=Driver Member=R48
Removed Member From Class: ClassName=Driver Member=R50
Removed Member From Class: ClassName=Driver Member=U4
Removed Member From Class: ClassName=Driver Member=U5
Removed Member From Class: ClassName=Driver Member=U6
Change Component Footprint: Designator=C22 Old Footprint=C0402 New Footprint=CAPC3216X178N
Change Component Footprint: Designator=C23 Old Footprint=C0402 New Footprint=CAPC3216X178N
Change Component Footprint: Designator=C27 Old Footprint=C0402 New Footprint=CAPC3216X178N
Change Component Footprint: Designator=C28 Old Footprint=C0402 New Footprint=CAPC3216X178N
Change Component Footprint: Designator=C29 Old Footprint=C0402 New Footprint=CAPC3216X178N
Change Component Footprint: Designator=C42 Old Footprint=C0402 New Footprint=CAPC3216X178N
Change Component Footprint: Designator=C4 Old Footprint=C0603 New Footprint=CAPC3216X178N
Change Component Footprint: Designator=C5 Old Footprint=C0603 New Footprint=CAPC3216X178N
Change Component Footprint: Designator=C9 Old Footprint=C0603 New Footprint=CAPC3216X178N
Change Component Footprint: Designator=C10 Old Footprint=C0603 New Footprint=CAPC3216X178N
Change Component Footprint: Designator=C11 Old Footprint=C0603 New Footprint=CAPC3216X178N
Change Component Footprint: Designator=C21 Old Footprint=C0603 New Footprint=CAPC3216X178N
Change Component Footprint: Designator=C41 Old Footprint=C0603 New Footprint=CAPC3216X178N
Change Component Footprint: Designator=C3 Old Footprint=CAPPRD250W50D630H1250 New Footprint=CAPC3216X178N
Change Component Footprint: Designator=C43 Old Footprint=CAPPRD500W65D1250H2200 New Footprint=CAPC3216X178N
Change Component Footprint: Designator=C48 Old Footprint=CAPPRD500W65D1250H2200 New Footprint=CAPC3216X178N
Change Component Footprint: Designator=C49 Old Footprint=CAPPRD500W65D1250H2200 New Footprint=CAPC3216X178N
Change Component Footprint: Designator=R2 Old Footprint=R0603 New Footprint=RESC10052X137N
Change Component Footprint: Designator=R3 Old Footprint=R0603 New Footprint=RESC10052X137N
Change Component Footprint: Designator=R14 Old Footprint=R0603 New Footprint=RESC10052X137N
Change Component Footprint: Designator=R6 Old Footprint=R0805 New Footprint=RESC10052X137N
Change Component Footprint: Designator=R11 Old Footprint=R0805 New Footprint=RESC10052X137N
Change Component Footprint: Designator=R25 Old Footprint=R1206 New Footprint=RESC10052X137N
Change Component Footprint: Designator=R26 Old Footprint=R1206 New Footprint=RESC10052X137N
Change Component Footprint: Designator=R28 Old Footprint=R1206 New Footprint=RESC10052X137N
Change Component Footprint: Designator=R33 Old Footprint=R1206 New Footprint=RESC10052X137N
Change Component Footprint: Designator=R35 Old Footprint=R1206 New Footprint=RESC10052X137N
Change Component Footprint: Designator=R46 Old Footprint=R1206 New Footprint=RESC10052X137N
Change Component Footprint: Designator=R47 Old Footprint=R1206 New Footprint=RESC10052X137N
Change Component Footprint: Designator=R49 Old Footprint=R1206 New Footprint=RESC10052X137N
Change Component Comment : Designator=R2 Old Comment=1k New Comment=0.5mR/9W
Change Component Comment : Designator=R3 Old Comment=1k New Comment=0.5mR/9W
Change Component Comment : Designator=R11 Old Comment=2.2k New Comment=0.5mR/9W
Change Component Comment : Designator=C4 Old Comment=2.2uF New Comment=2.2uF 100V
Change Component Comment : Designator=C5 Old Comment=2.2uF New Comment=2.2uF 100V
Change Component Comment : Designator=C9 Old Comment=2.2uF New Comment=2.2uF 100V
Change Component Comment : Designator=C10 Old Comment=2.2uF New Comment=2.2uF 100V
Change Component Comment : Designator=C11 Old Comment=2.2uF New Comment=2.2uF 100V
Change Component Comment : Designator=R26 Old Comment=4.7R New Comment=0.5mR/9W
Change Component Comment : Designator=R28 Old Comment=4.7R New Comment=0.5mR/9W
Change Component Comment : Designator=C21 Old Comment=4.7uF New Comment=2.2uF 100V
Change Component Comment : Designator=C41 Old Comment=4.7uF New Comment=2.2uF 100V
Change Component Comment : Designator=R14 Old Comment=10k New Comment=0.5mR/9W
Change Component Comment : Designator=R25 Old Comment=20R New Comment=0.5mR/9W
Change Component Comment : Designator=R33 Old Comment=20R New Comment=0.5mR/9W
Change Component Comment : Designator=R35 Old Comment=20R New Comment=0.5mR/9W
Change Component Comment : Designator=R46 Old Comment=20R New Comment=0.5mR/9W
Change Component Comment : Designator=R47 Old Comment=20R New Comment=0.5mR/9W
Change Component Comment : Designator=R49 Old Comment=20R New Comment=0.5mR/9W
Change Component Comment : Designator=R6 Old Comment=39k New Comment=0.5mR/9W
Change Component Comment : Designator=C22 Old Comment=100nF New Comment=2.2uF 100V
Change Component Comment : Designator=C23 Old Comment=100nF New Comment=2.2uF 100V
Change Component Comment : Designator=C27 Old Comment=100nF New Comment=2.2uF 100V
Change Component Comment : Designator=C28 Old Comment=100nF New Comment=2.2uF 100V
Change Component Comment : Designator=C29 Old Comment=100nF New Comment=2.2uF 100V
Change Component Comment : Designator=C42 Old Comment=100nF New Comment=2.2uF 100V
Change Component Comment : Designator=C3 Old Comment=100uF 25V New Comment=2.2uF 100V
Change Component Comment : Designator=C43 Old Comment=220uF 100V New Comment=2.2uF 100V
Change Component Comment : Designator=C48 Old Comment=220uF 100V New Comment=2.2uF 100V
Change Component Comment : Designator=C49 Old Comment=220uF 100V New Comment=2.2uF 100V
Change component parameters: Designator = "C3" ("C3"); Footprint = "CAPPRD250W50D630H1250"; UniqueID = "\RCRIREDV" ("\RCRIREDV")
Change component parameters (AddParameter): Name = "Manufacturer"; Value = "KYOCERA AVX"; VariantName = "[No Variations]"
Change component parameters (AddParameter): Name = "Manufacturer Part Number"; Value = "12061C225MAT2A"; VariantName = "[No Variations]"
Change component parameters (AddParameter): Name = "Price"; Value = "0.5"; VariantName = "[No Variations]"
Change component parameters (AddParameter): Name = "Supplier"; Value = "Mouser"; VariantName = "[No Variations]"
Change component parameters (AddParameter): Name = "Supplier Part Number"; Value = "581-12061C225MAT2A"; VariantName = "[No Variations]"
Change component parameters (AddParameter): Name = "Value"; Value = "2.2uF 100V"; VariantName = "[No Variations]"
Change component parameters: Designator = "C4" ("C4"); Footprint = "C0603"; UniqueID = "\TAUUUFFE" ("\TAUUUFFE")
Change component parameters (AddParameter): Name = "Manufacturer"; Value = "KYOCERA AVX"; VariantName = "[No Variations]"
Change component parameters (AddParameter): Name = "Manufacturer Part Number"; Value = "12061C225MAT2A"; VariantName = "[No Variations]"
Change component parameters (AddParameter): Name = "Price"; Value = "0.5"; VariantName = "[No Variations]"
Change component parameters (AddParameter): Name = "Supplier"; Value = "Mouser"; VariantName = "[No Variations]"
Change component parameters (AddParameter): Name = "Supplier Part Number"; Value = "581-12061C225MAT2A"; VariantName = "[No Variations]"
Change component parameters (AddParameter): Name = "Value"; Value = "2.2uF 100V"; VariantName = "[No Variations]"
Change component parameters: Designator = "C5" ("C5"); Footprint = "C0603"; UniqueID = "\WCZKRUZH" ("\WCZKRUZH")
Change component parameters (AddParameter): Name = "Manufacturer"; Value = "KYOCERA AVX"; VariantName = "[No Variations]"
Change component parameters (AddParameter): Name = "Manufacturer Part Number"; Value = "12061C225MAT2A"; VariantName = "[No Variations]"
Change component parameters (AddParameter): Name = "Price"; Value = "0.5"; VariantName = "[No Variations]"
Change component parameters (AddParameter): Name = "Supplier"; Value = "Mouser"; VariantName = "[No Variations]"
Change component parameters (AddParameter): Name = "Supplier Part Number"; Value = "581-12061C225MAT2A"; VariantName = "[No Variations]"
Change component parameters (AddParameter): Name = "Value"; Value = "2.2uF 100V"; VariantName = "[No Variations]"
Change component parameters: Designator = "C9" ("C9"); Footprint = "C0603"; UniqueID = "\ZLKKMZRT" ("\ZLKKMZRT")
Change component parameters (AddParameter): Name = "Manufacturer"; Value = "KYOCERA AVX"; VariantName = "[No Variations]"
Change component parameters (AddParameter): Name = "Manufacturer Part Number"; Value = "12061C225MAT2A"; VariantName = "[No Variations]"
Change component parameters (AddParameter): Name = "Price"; Value = "0.5"; VariantName = "[No Variations]"
Change component parameters (AddParameter): Name = "Supplier"; Value = "Mouser"; VariantName = "[No Variations]"
Change component parameters (AddParameter): Name = "Supplier Part Number"; Value = "581-12061C225MAT2A"; VariantName = "[No Variations]"
Change component parameters (AddParameter): Name = "Value"; Value = "2.2uF 100V"; VariantName = "[No Variations]"
Change component parameters: Designator = "C10" ("C10"); Footprint = "C0603"; UniqueID = "\JHDFPVLN" ("\JHDFPVLN")
Change component parameters (AddParameter): Name = "Manufacturer"; Value = "KYOCERA AVX"; VariantName = "[No Variations]"
Change component parameters (AddParameter): Name = "Manufacturer Part Number"; Value = "12061C225MAT2A"; VariantName = "[No Variations]"
Change component parameters (AddParameter): Name = "Price"; Value = "0.5"; VariantName = "[No Variations]"
Change component parameters (AddParameter): Name = "Supplier"; Value = "Mouser"; VariantName = "[No Variations]"
Change component parameters (AddParameter): Name = "Supplier Part Number"; Value = "581-12061C225MAT2A"; VariantName = "[No Variations]"
Change component parameters (AddParameter): Name = "Value"; Value = "2.2uF 100V"; VariantName = "[No Variations]"
Change component parameters: Designator = "C11" ("C11"); Footprint = "C0603"; UniqueID = "\JNKLOOOV" ("\JNKLOOOV")
Change component parameters (AddParameter): Name = "Manufacturer"; Value = "KYOCERA AVX"; VariantName = "[No Variations]"
Change component parameters (AddParameter): Name = "Manufacturer Part Number"; Value = "12061C225MAT2A"; VariantName = "[No Variations]"
Change component parameters (AddParameter): Name = "Price"; Value = "0.5"; VariantName = "[No Variations]"
Change component parameters (AddParameter): Name = "Supplier"; Value = "Mouser"; VariantName = "[No Variations]"
Change component parameters (AddParameter): Name = "Supplier Part Number"; Value = "581-12061C225MAT2A"; VariantName = "[No Variations]"
Change component parameters (AddParameter): Name = "Value"; Value = "2.2uF 100V"; VariantName = "[No Variations]"
Change component parameters: Designator = "C21" ("C21"); Footprint = "C0603"; UniqueID = "\ZVXIKMGS" ("\ZVXIKMGS")
Change component parameters (AddParameter): Name = "Manufacturer"; Value = "KYOCERA AVX"; VariantName = "[No Variations]"
Change component parameters (AddParameter): Name = "Manufacturer Part Number"; Value = "12061C225MAT2A"; VariantName = "[No Variations]"
Change component parameters (AddParameter): Name = "Price"; Value = "0.5"; VariantName = "[No Variations]"
Change component parameters (AddParameter): Name = "Supplier"; Value = "Mouser"; VariantName = "[No Variations]"
Change component parameters (AddParameter): Name = "Supplier Part Number"; Value = "581-12061C225MAT2A"; VariantName = "[No Variations]"
Change component parameters (AddParameter): Name = "Value"; Value = "2.2uF 100V"; VariantName = "[No Variations]"
Change component parameters: Designator = "C22" ("C22"); Footprint = "C0402"; UniqueID = "\YYOZITHO" ("\YYOZITHO")
Change component parameters (AddParameter): Name = "Manufacturer"; Value = "KYOCERA AVX"; VariantName = "[No Variations]"
Change component parameters (AddParameter): Name = "Manufacturer Part Number"; Value = "12061C225MAT2A"; VariantName = "[No Variations]"
Change component parameters (AddParameter): Name = "Price"; Value = "0.5"; VariantName = "[No Variations]"
Change component parameters (AddParameter): Name = "Supplier"; Value = "Mouser"; VariantName = "[No Variations]"
Change component parameters (AddParameter): Name = "Supplier Part Number"; Value = "581-12061C225MAT2A"; VariantName = "[No Variations]"
Change component parameters (AddParameter): Name = "Value"; Value = "2.2uF 100V"; VariantName = "[No Variations]"
Change component parameters: Designator = "C23" ("C23"); Footprint = "C0402"; UniqueID = "\HNZUZHEW" ("\HNZUZHEW")
Change component parameters (AddParameter): Name = "Manufacturer"; Value = "KYOCERA AVX"; VariantName = "[No Variations]"
Change component parameters (AddParameter): Name = "Manufacturer Part Number"; Value = "12061C225MAT2A"; VariantName = "[No Variations]"
Change component parameters (AddParameter): Name = "Price"; Value = "0.5"; VariantName = "[No Variations]"
Change component parameters (AddParameter): Name = "Supplier"; Value = "Mouser"; VariantName = "[No Variations]"
Change component parameters (AddParameter): Name = "Supplier Part Number"; Value = "581-12061C225MAT2A"; VariantName = "[No Variations]"
Change component parameters (AddParameter): Name = "Value"; Value = "2.2uF 100V"; VariantName = "[No Variations]"
Change component parameters: Designator = "C27" ("C27"); Footprint = "C0402"; UniqueID = "\JRDGKTXC" ("\JRDGKTXC")
Change component parameters (AddParameter): Name = "Manufacturer"; Value = "KYOCERA AVX"; VariantName = "[No Variations]"
Change component parameters (AddParameter): Name = "Manufacturer Part Number"; Value = "12061C225MAT2A"; VariantName = "[No Variations]"
Change component parameters (AddParameter): Name = "Price"; Value = "0.5"; VariantName = "[No Variations]"
Change component parameters (AddParameter): Name = "Supplier"; Value = "Mouser"; VariantName = "[No Variations]"
Change component parameters (AddParameter): Name = "Supplier Part Number"; Value = "581-12061C225MAT2A"; VariantName = "[No Variations]"
Change component parameters (AddParameter): Name = "Value"; Value = "2.2uF 100V"; VariantName = "[No Variations]"
Change component parameters: Designator = "C28" ("C28"); Footprint = "C0402"; UniqueID = "\DAJMESFU" ("\DAJMESFU")
Change component parameters (AddParameter): Name = "Manufacturer"; Value = "KYOCERA AVX"; VariantName = "[No Variations]"
Change component parameters (AddParameter): Name = "Manufacturer Part Number"; Value = "12061C225MAT2A"; VariantName = "[No Variations]"
Change component parameters (AddParameter): Name = "Price"; Value = "0.5"; VariantName = "[No Variations]"
Change component parameters (AddParameter): Name = "Supplier"; Value = "Mouser"; VariantName = "[No Variations]"
Change component parameters (AddParameter): Name = "Supplier Part Number"; Value = "581-12061C225MAT2A"; VariantName = "[No Variations]"
Change component parameters (AddParameter): Name = "Value"; Value = "2.2uF 100V"; VariantName = "[No Variations]"
Change component parameters: Designator = "C29" ("C29"); Footprint = "C0402"; UniqueID = "\WSXPIOHC" ("\WSXPIOHC")
Change component parameters (AddParameter): Name = "Manufacturer"; Value = "KYOCERA AVX"; VariantName = "[No Variations]"
Change component parameters (AddParameter): Name = "Manufacturer Part Number"; Value = "12061C225MAT2A"; VariantName = "[No Variations]"
Change component parameters (AddParameter): Name = "Price"; Value = "0.5"; VariantName = "[No Variations]"
Change component parameters (AddParameter): Name = "Supplier"; Value = "Mouser"; VariantName = "[No Variations]"
Change component parameters (AddParameter): Name = "Supplier Part Number"; Value = "581-12061C225MAT2A"; VariantName = "[No Variations]"
Change component parameters (AddParameter): Name = "Value"; Value = "2.2uF 100V"; VariantName = "[No Variations]"
Change component parameters: Designator = "C41" ("C41"); Footprint = "C0603"; UniqueID = "\MMIMKRAW" ("\MMIMKRAW")
Change component parameters (AddParameter): Name = "Manufacturer"; Value = "KYOCERA AVX"; VariantName = "[No Variations]"
Change component parameters (AddParameter): Name = "Manufacturer Part Number"; Value = "12061C225MAT2A"; VariantName = "[No Variations]"
Change component parameters (AddParameter): Name = "Price"; Value = "0.5"; VariantName = "[No Variations]"
Change component parameters (AddParameter): Name = "Supplier"; Value = "Mouser"; VariantName = "[No Variations]"
Change component parameters (AddParameter): Name = "Supplier Part Number"; Value = "581-12061C225MAT2A"; VariantName = "[No Variations]"
Change component parameters (AddParameter): Name = "Value"; Value = "2.2uF 100V"; VariantName = "[No Variations]"
Change component parameters: Designator = "C42" ("C42"); Footprint = "C0402"; UniqueID = "\THMWXTGM" ("\THMWXTGM")
Change component parameters (AddParameter): Name = "Manufacturer"; Value = "KYOCERA AVX"; VariantName = "[No Variations]"
Change component parameters (AddParameter): Name = "Manufacturer Part Number"; Value = "12061C225MAT2A"; VariantName = "[No Variations]"
Change component parameters (AddParameter): Name = "Price"; Value = "0.5"; VariantName = "[No Variations]"
Change component parameters (AddParameter): Name = "Supplier"; Value = "Mouser"; VariantName = "[No Variations]"
Change component parameters (AddParameter): Name = "Supplier Part Number"; Value = "581-12061C225MAT2A"; VariantName = "[No Variations]"
Change component parameters (AddParameter): Name = "Value"; Value = "2.2uF 100V"; VariantName = "[No Variations]"
Change component parameters: Designator = "C43" ("C43"); Footprint = "CAPPRD500W65D1250H2200"; UniqueID = "\LEAOIAJI" ("\LEAOIAJI")
Change component parameters (AddParameter): Name = "Manufacturer"; Value = "KYOCERA AVX"; VariantName = "[No Variations]"
Change component parameters (AddParameter): Name = "Manufacturer Part Number"; Value = "12061C225MAT2A"; VariantName = "[No Variations]"
Change component parameters (AddParameter): Name = "Price"; Value = "0.5"; VariantName = "[No Variations]"
Change component parameters (AddParameter): Name = "Supplier"; Value = "Mouser"; VariantName = "[No Variations]"
Change component parameters (AddParameter): Name = "Supplier Part Number"; Value = "581-12061C225MAT2A"; VariantName = "[No Variations]"
Change component parameters (AddParameter): Name = "Value"; Value = "2.2uF 100V"; VariantName = "[No Variations]"
Change component parameters: Designator = "C48" ("C48"); Footprint = "CAPPRD500W65D1250H2200"; UniqueID = "\YWZPTLSV" ("\YWZPTLSV")
Change component parameters (AddParameter): Name = "Manufacturer"; Value = "KYOCERA AVX"; VariantName = "[No Variations]"
Change component parameters (AddParameter): Name = "Manufacturer Part Number"; Value = "12061C225MAT2A"; VariantName = "[No Variations]"
Change component parameters (AddParameter): Name = "Price"; Value = "0.5"; VariantName = "[No Variations]"
Change component parameters (AddParameter): Name = "Supplier"; Value = "Mouser"; VariantName = "[No Variations]"
Change component parameters (AddParameter): Name = "Supplier Part Number"; Value = "581-12061C225MAT2A"; VariantName = "[No Variations]"
Change component parameters (AddParameter): Name = "Value"; Value = "2.2uF 100V"; VariantName = "[No Variations]"
Change component parameters: Designator = "C49" ("C49"); Footprint = "CAPPRD500W65D1250H2200"; UniqueID = "\TJGKDTMB" ("\TJGKDTMB")
Change component parameters (AddParameter): Name = "Manufacturer"; Value = "KYOCERA AVX"; VariantName = "[No Variations]"
Change component parameters (AddParameter): Name = "Manufacturer Part Number"; Value = "12061C225MAT2A"; VariantName = "[No Variations]"
Change component parameters (AddParameter): Name = "Price"; Value = "0.5"; VariantName = "[No Variations]"
Change component parameters (AddParameter): Name = "Supplier"; Value = "Mouser"; VariantName = "[No Variations]"
Change component parameters (AddParameter): Name = "Supplier Part Number"; Value = "581-12061C225MAT2A"; VariantName = "[No Variations]"
Change component parameters (AddParameter): Name = "Value"; Value = "2.2uF 100V"; VariantName = "[No Variations]"
Change component parameters: Designator = "R2" ("R2"); Footprint = "R0603"; UniqueID = "\TJGBAHQB" ("\TJGBAHQB")
Change component parameters (AddParameter): Name = "Manufacturer"; Value = "Bourns"; VariantName = "[No Variations]"
Change component parameters (AddParameter): Name = "Manufacturer Part Number"; Value = "CSS2H-3920R-L500FE"; VariantName = "[No Variations]"
Change component parameters (AddParameter): Name = "Price"; Value = "2"; VariantName = "[No Variations]"
Change component parameters (AddParameter): Name = "Supplier"; Value = "Mouser"; VariantName = "[No Variations]"
Change component parameters (AddParameter): Name = "Supplier Part Number"; Value = "652-CSS2H3920RL500FE"; VariantName = "[No Variations]"
Change component parameters (AddParameter): Name = "Value"; Value = "0.5ohm 9W"; VariantName = "[No Variations]"
Change component parameters: Designator = "R3" ("R3"); Footprint = "R0603"; UniqueID = "\XEVOOUVW" ("\XEVOOUVW")
Change component parameters (AddParameter): Name = "Manufacturer"; Value = "Bourns"; VariantName = "[No Variations]"
Change component parameters (AddParameter): Name = "Manufacturer Part Number"; Value = "CSS2H-3920R-L500FE"; VariantName = "[No Variations]"
Change component parameters (AddParameter): Name = "Price"; Value = "2"; VariantName = "[No Variations]"
Change component parameters (AddParameter): Name = "Supplier"; Value = "Mouser"; VariantName = "[No Variations]"
Change component parameters (AddParameter): Name = "Supplier Part Number"; Value = "652-CSS2H3920RL500FE"; VariantName = "[No Variations]"
Change component parameters (AddParameter): Name = "Value"; Value = "0.5ohm 9W"; VariantName = "[No Variations]"
Change component parameters: Designator = "R6" ("R6"); Footprint = "R0805"; UniqueID = "\BOXVDWUK" ("\BOXVDWUK")
Change component parameters (AddParameter): Name = "Manufacturer"; Value = "Bourns"; VariantName = "[No Variations]"
Change component parameters (AddParameter): Name = "Manufacturer Part Number"; Value = "CSS2H-3920R-L500FE"; VariantName = "[No Variations]"
Change component parameters (AddParameter): Name = "Price"; Value = "2"; VariantName = "[No Variations]"
Change component parameters (AddParameter): Name = "Supplier"; Value = "Mouser"; VariantName = "[No Variations]"
Change component parameters (AddParameter): Name = "Supplier Part Number"; Value = "652-CSS2H3920RL500FE"; VariantName = "[No Variations]"
Change component parameters (AddParameter): Name = "Value"; Value = "0.5ohm 9W"; VariantName = "[No Variations]"
Change component parameters: Designator = "R11" ("R11"); Footprint = "R0805"; UniqueID = "\ACXZXMQC" ("\ACXZXMQC")
Change component parameters (AddParameter): Name = "Manufacturer"; Value = "Bourns"; VariantName = "[No Variations]"
Change component parameters (AddParameter): Name = "Manufacturer Part Number"; Value = "CSS2H-3920R-L500FE"; VariantName = "[No Variations]"
Change component parameters (AddParameter): Name = "Price"; Value = "2"; VariantName = "[No Variations]"
Change component parameters (AddParameter): Name = "Supplier"; Value = "Mouser"; VariantName = "[No Variations]"
Change component parameters (AddParameter): Name = "Supplier Part Number"; Value = "652-CSS2H3920RL500FE"; VariantName = "[No Variations]"
Change component parameters (AddParameter): Name = "Value"; Value = "0.5ohm 9W"; VariantName = "[No Variations]"
Change component parameters: Designator = "R14" ("R14"); Footprint = "R0603"; UniqueID = "\NCPOPISC" ("\NCPOPISC")
Change component parameters (AddParameter): Name = "Manufacturer"; Value = "Bourns"; VariantName = "[No Variations]"
Change component parameters (AddParameter): Name = "Manufacturer Part Number"; Value = "CSS2H-3920R-L500FE"; VariantName = "[No Variations]"
Change component parameters (AddParameter): Name = "Price"; Value = "2"; VariantName = "[No Variations]"
Change component parameters (AddParameter): Name = "Supplier"; Value = "Mouser"; VariantName = "[No Variations]"
Change component parameters (AddParameter): Name = "Supplier Part Number"; Value = "652-CSS2H3920RL500FE"; VariantName = "[No Variations]"
Change component parameters (AddParameter): Name = "Value"; Value = "0.5ohm 9W"; VariantName = "[No Variations]"
Change component parameters: Designator = "R25" ("R25"); Footprint = "R1206"; UniqueID = "\YPPOOIBW" ("\YPPOOIBW")
Change component parameters (AddParameter): Name = "Manufacturer"; Value = "Bourns"; VariantName = "[No Variations]"
Change component parameters (AddParameter): Name = "Manufacturer Part Number"; Value = "CSS2H-3920R-L500FE"; VariantName = "[No Variations]"
Change component parameters (AddParameter): Name = "Price"; Value = "2"; VariantName = "[No Variations]"
Change component parameters (AddParameter): Name = "Supplier"; Value = "Mouser"; VariantName = "[No Variations]"
Change component parameters (AddParameter): Name = "Supplier Part Number"; Value = "652-CSS2H3920RL500FE"; VariantName = "[No Variations]"
Change component parameters (AddParameter): Name = "Value"; Value = "0.5ohm 9W"; VariantName = "[No Variations]"
Change component parameters: Designator = "R26" ("R26"); Footprint = "R1206"; UniqueID = "\WCUNJLCY" ("\WCUNJLCY")
Change component parameters (AddParameter): Name = "Manufacturer"; Value = "Bourns"; VariantName = "[No Variations]"
Change component parameters (AddParameter): Name = "Manufacturer Part Number"; Value = "CSS2H-3920R-L500FE"; VariantName = "[No Variations]"
Change component parameters (AddParameter): Name = "Price"; Value = "2"; VariantName = "[No Variations]"
Change component parameters (AddParameter): Name = "Supplier"; Value = "Mouser"; VariantName = "[No Variations]"
Change component parameters (AddParameter): Name = "Supplier Part Number"; Value = "652-CSS2H3920RL500FE"; VariantName = "[No Variations]"
Change component parameters (AddParameter): Name = "Value"; Value = "0.5ohm 9W"; VariantName = "[No Variations]"
Change component parameters: Designator = "R28" ("R28"); Footprint = "R1206"; UniqueID = "\INTZBGTA" ("\INTZBGTA")
Change component parameters (AddParameter): Name = "Manufacturer"; Value = "Bourns"; VariantName = "[No Variations]"
Change component parameters (AddParameter): Name = "Manufacturer Part Number"; Value = "CSS2H-3920R-L500FE"; VariantName = "[No Variations]"
Change component parameters (AddParameter): Name = "Price"; Value = "2"; VariantName = "[No Variations]"
Change component parameters (AddParameter): Name = "Supplier"; Value = "Mouser"; VariantName = "[No Variations]"
Change component parameters (AddParameter): Name = "Supplier Part Number"; Value = "652-CSS2H3920RL500FE"; VariantName = "[No Variations]"
Change component parameters (AddParameter): Name = "Value"; Value = "0.5ohm 9W"; VariantName = "[No Variations]"
Change component parameters: Designator = "R33" ("R33"); Footprint = "R1206"; UniqueID = "\UIQGEWXB" ("\UIQGEWXB")
Change component parameters (AddParameter): Name = "Manufacturer"; Value = "Bourns"; VariantName = "[No Variations]"
Change component parameters (AddParameter): Name = "Manufacturer Part Number"; Value = "CSS2H-3920R-L500FE"; VariantName = "[No Variations]"
Change component parameters (AddParameter): Name = "Price"; Value = "2"; VariantName = "[No Variations]"
Change component parameters (AddParameter): Name = "Supplier"; Value = "Mouser"; VariantName = "[No Variations]"
Change component parameters (AddParameter): Name = "Supplier Part Number"; Value = "652-CSS2H3920RL500FE"; VariantName = "[No Variations]"
Change component parameters (AddParameter): Name = "Value"; Value = "0.5ohm 9W"; VariantName = "[No Variations]"
Change component parameters: Designator = "R35" ("R35"); Footprint = "R1206"; UniqueID = "\YPFJVJZQ" ("\YPFJVJZQ")
Change component parameters (AddParameter): Name = "Manufacturer"; Value = "Bourns"; VariantName = "[No Variations]"
Change component parameters (AddParameter): Name = "Manufacturer Part Number"; Value = "CSS2H-3920R-L500FE"; VariantName = "[No Variations]"
Change component parameters (AddParameter): Name = "Price"; Value = "2"; VariantName = "[No Variations]"
Change component parameters (AddParameter): Name = "Supplier"; Value = "Mouser"; VariantName = "[No Variations]"
Change component parameters (AddParameter): Name = "Supplier Part Number"; Value = "652-CSS2H3920RL500FE"; VariantName = "[No Variations]"
Change component parameters (AddParameter): Name = "Value"; Value = "0.5ohm 9W"; VariantName = "[No Variations]"
Change component parameters: Designator = "R46" ("R46"); Footprint = "R1206"; UniqueID = "\RRABLXUV" ("\RRABLXUV")
Change component parameters (AddParameter): Name = "Manufacturer"; Value = "Bourns"; VariantName = "[No Variations]"
Change component parameters (AddParameter): Name = "Manufacturer Part Number"; Value = "CSS2H-3920R-L500FE"; VariantName = "[No Variations]"
Change component parameters (AddParameter): Name = "Price"; Value = "2"; VariantName = "[No Variations]"
Change component parameters (AddParameter): Name = "Supplier"; Value = "Mouser"; VariantName = "[No Variations]"
Change component parameters (AddParameter): Name = "Supplier Part Number"; Value = "652-CSS2H3920RL500FE"; VariantName = "[No Variations]"
Change component parameters (AddParameter): Name = "Value"; Value = "0.5ohm 9W"; VariantName = "[No Variations]"
Change component parameters: Designator = "R47" ("R47"); Footprint = "R1206"; UniqueID = "\FDVMCFHT" ("\FDVMCFHT")
Change component parameters (AddParameter): Name = "Manufacturer"; Value = "Bourns"; VariantName = "[No Variations]"
Change component parameters (AddParameter): Name = "Manufacturer Part Number"; Value = "CSS2H-3920R-L500FE"; VariantName = "[No Variations]"
Change component parameters (AddParameter): Name = "Price"; Value = "2"; VariantName = "[No Variations]"
Change component parameters (AddParameter): Name = "Supplier"; Value = "Mouser"; VariantName = "[No Variations]"
Change component parameters (AddParameter): Name = "Supplier Part Number"; Value = "652-CSS2H3920RL500FE"; VariantName = "[No Variations]"
Change component parameters (AddParameter): Name = "Value"; Value = "0.5ohm 9W"; VariantName = "[No Variations]"
Change component parameters: Designator = "R49" ("R49"); Footprint = "R1206"; UniqueID = "\PRMOKTVE" ("\PRMOKTVE")
Change component parameters (AddParameter): Name = "Manufacturer"; Value = "Bourns"; VariantName = "[No Variations]"
Change component parameters (AddParameter): Name = "Manufacturer Part Number"; Value = "CSS2H-3920R-L500FE"; VariantName = "[No Variations]"
Change component parameters (AddParameter): Name = "Price"; Value = "2"; VariantName = "[No Variations]"
Change component parameters (AddParameter): Name = "Supplier"; Value = "Mouser"; VariantName = "[No Variations]"
Change component parameters (AddParameter): Name = "Supplier Part Number"; Value = "652-CSS2H3920RL500FE"; VariantName = "[No Variations]"
Change component parameters (AddParameter): Name = "Value"; Value = "0.5ohm 9W"; VariantName = "[No Variations]"
Added Component: Designator=B1(THRMC1005X65N)
Add component (AddParameter): Name = "Manufacturer"; Value = "Vishay"; VariantName = "[No Variations]"
Add component (AddParameter): Name = "Manufacturer Part Number"; Value = "NTCS0402E3103GL1T"; VariantName = "[No Variations]"
Add component (AddParameter): Name = "Price"; Value = "0.47"; VariantName = "[No Variations]"
Add component (AddParameter): Name = "Supplier"; Value = "Mouser"; VariantName = "[No Variations]"
Add component (AddParameter): Name = "Supplier Part Number"; Value = "594-NTCS402E3103GL1T"; VariantName = "[No Variations]"
Add component (AddParameter): Name = "Value"; Value = "NTCS0402E3103GL1T"; VariantName = "[No Variations]"
Added Component: Designator=B2(THRMC1005X65N)
Add component (AddParameter): Name = "Manufacturer"; Value = "Vishay"; VariantName = "[No Variations]"
Add component (AddParameter): Name = "Manufacturer Part Number"; Value = "NTCS0402E3103GL1T"; VariantName = "[No Variations]"
Add component (AddParameter): Name = "Price"; Value = "0.47"; VariantName = "[No Variations]"
Add component (AddParameter): Name = "Supplier"; Value = "Mouser"; VariantName = "[No Variations]"
Add component (AddParameter): Name = "Supplier Part Number"; Value = "594-NTCS402E3103GL1T"; VariantName = "[No Variations]"
Add component (AddParameter): Name = "Value"; Value = "NTCS0402E3103GL1T"; VariantName = "[No Variations]"
Added Component: Designator=B3(THRMC1005X65N)
Add component (AddParameter): Name = "Manufacturer"; Value = "Vishay"; VariantName = "[No Variations]"
Add component (AddParameter): Name = "Manufacturer Part Number"; Value = "NTCS0402E3103GL1T"; VariantName = "[No Variations]"
Add component (AddParameter): Name = "Price"; Value = "0.47"; VariantName = "[No Variations]"
Add component (AddParameter): Name = "Supplier"; Value = "Mouser"; VariantName = "[No Variations]"
Add component (AddParameter): Name = "Supplier Part Number"; Value = "594-NTCS402E3103GL1T"; VariantName = "[No Variations]"
Add component (AddParameter): Name = "Value"; Value = "NTCS0402E3103GL1T"; VariantName = "[No Variations]"
Added Component: Designator=C50(CAPC3216X178N)
Add component (AddParameter): Name = "Manufacturer"; Value = "KYOCERA AVX"; VariantName = "[No Variations]"
Add component (AddParameter): Name = "Manufacturer Part Number"; Value = "12061C225MAT2A"; VariantName = "[No Variations]"
Add component (AddParameter): Name = "Price"; Value = "0.5"; VariantName = "[No Variations]"
Add component (AddParameter): Name = "Supplier"; Value = "Mouser"; VariantName = "[No Variations]"
Add component (AddParameter): Name = "Supplier Part Number"; Value = "581-12061C225MAT2A"; VariantName = "[No Variations]"
Add component (AddParameter): Name = "Value"; Value = "2.2uF 100V"; VariantName = "[No Variations]"
Added Component: Designator=J1(61030621821)
Add component (AddParameter): Name = "Manufacturer"; Value = "Wurth Elektronik"; VariantName = "[No Variations]"
Add component (AddParameter): Name = "Manufacturer Part Number"; Value = "61030621821"; VariantName = "[No Variations]"
Add component (AddParameter): Name = "Price"; Value = "1.8"; VariantName = "[No Variations]"
Add component (AddParameter): Name = "Supplier"; Value = "Mouser"; VariantName = "[No Variations]"
Add component (AddParameter): Name = "Supplier Part Number"; Value = "710-61030621821"; VariantName = "[No Variations]"
Add component (AddParameter): Name = "Value"; Value = "61030621821"; VariantName = "[No Variations]"
Added Component: Designator=J4(61030621821)
Add component (AddParameter): Name = "Manufacturer"; Value = "Wurth Elektronik"; VariantName = "[No Variations]"
Add component (AddParameter): Name = "Manufacturer Part Number"; Value = "61030621821"; VariantName = "[No Variations]"
Add component (AddParameter): Name = "Price"; Value = "1.8"; VariantName = "[No Variations]"
Add component (AddParameter): Name = "Supplier"; Value = "Mouser"; VariantName = "[No Variations]"
Add component (AddParameter): Name = "Supplier Part Number"; Value = "710-61030621821"; VariantName = "[No Variations]"
Add component (AddParameter): Name = "Value"; Value = "61030621821"; VariantName = "[No Variations]"
Added Component: Designator=J9(61030621821)
Add component (AddParameter): Name = "Manufacturer"; Value = "Wurth Elektronik"; VariantName = "[No Variations]"
Add component (AddParameter): Name = "Manufacturer Part Number"; Value = "61030621821"; VariantName = "[No Variations]"
Add component (AddParameter): Name = "Price"; Value = "1.8"; VariantName = "[No Variations]"
Add component (AddParameter): Name = "Supplier"; Value = "Mouser"; VariantName = "[No Variations]"
Add component (AddParameter): Name = "Supplier Part Number"; Value = "710-61030621821"; VariantName = "[No Variations]"
Add component (AddParameter): Name = "Value"; Value = "61030621821"; VariantName = "[No Variations]"
Added Component: Designator=J21(61030621821)
Add component (AddParameter): Name = "Manufacturer"; Value = "Wurth Elektronik"; VariantName = "[No Variations]"
Add component (AddParameter): Name = "Manufacturer Part Number"; Value = "61030621821"; VariantName = "[No Variations]"
Add component (AddParameter): Name = "Price"; Value = "1.8"; VariantName = "[No Variations]"
Add component (AddParameter): Name = "Supplier"; Value = "Mouser"; VariantName = "[No Variations]"
Add component (AddParameter): Name = "Supplier Part Number"; Value = "710-61030621821"; VariantName = "[No Variations]"
Add component (AddParameter): Name = "Value"; Value = "61030621821"; VariantName = "[No Variations]"
Added Component: Designator=J22(61030621821)
Add component (AddParameter): Name = "Manufacturer"; Value = "Wurth Elektronik"; VariantName = "[No Variations]"
Add component (AddParameter): Name = "Manufacturer Part Number"; Value = "61030621821"; VariantName = "[No Variations]"
Add component (AddParameter): Name = "Price"; Value = "1.8"; VariantName = "[No Variations]"
Add component (AddParameter): Name = "Supplier"; Value = "Mouser"; VariantName = "[No Variations]"
Add component (AddParameter): Name = "Supplier Part Number"; Value = "710-61030621821"; VariantName = "[No Variations]"
Add component (AddParameter): Name = "Value"; Value = "61030621821"; VariantName = "[No Variations]"
Added Component: Designator=Q1(NTMSC002N10MCTXG)
Add component (AddParameter): Name = "Manufacturer"; Value = "Onsemi"; VariantName = "[No Variations]"
Add component (AddParameter): Name = "Manufacturer Part Number"; Value = "NTMTSC002N10MCTXG"; VariantName = "[No Variations]"
Add component (AddParameter): Name = "Price"; Value = "5.9"; VariantName = "[No Variations]"
Add component (AddParameter): Name = "Supplier"; Value = "Mouser"; VariantName = "[No Variations]"
Add component (AddParameter): Name = "Supplier Part Number"; Value = "863-TMTSC002N10MCTXG"; VariantName = "[No Variations]"
Add component (AddParameter): Name = "Value"; Value = "NTMSC002N10MCTXG"; VariantName = "[No Variations]"
Added Component: Designator=Q2(NTMSC002N10MCTXG)
Add component (AddParameter): Name = "Manufacturer"; Value = "Onsemi"; VariantName = "[No Variations]"
Add component (AddParameter): Name = "Manufacturer Part Number"; Value = "NTMTSC002N10MCTXG"; VariantName = "[No Variations]"
Add component (AddParameter): Name = "Price"; Value = "5.9"; VariantName = "[No Variations]"
Add component (AddParameter): Name = "Supplier"; Value = "Mouser"; VariantName = "[No Variations]"
Add component (AddParameter): Name = "Supplier Part Number"; Value = "863-TMTSC002N10MCTXG"; VariantName = "[No Variations]"
Add component (AddParameter): Name = "Value"; Value = "NTMSC002N10MCTXG"; VariantName = "[No Variations]"
Added Component: Designator=Q3(NTMSC002N10MCTXG)
Add component (AddParameter): Name = "Manufacturer"; Value = "Onsemi"; VariantName = "[No Variations]"
Add component (AddParameter): Name = "Manufacturer Part Number"; Value = "NTMTSC002N10MCTXG"; VariantName = "[No Variations]"
Add component (AddParameter): Name = "Price"; Value = "5.9"; VariantName = "[No Variations]"
Add component (AddParameter): Name = "Supplier"; Value = "Mouser"; VariantName = "[No Variations]"
Add component (AddParameter): Name = "Supplier Part Number"; Value = "863-TMTSC002N10MCTXG"; VariantName = "[No Variations]"
Add component (AddParameter): Name = "Value"; Value = "NTMSC002N10MCTXG"; VariantName = "[No Variations]"
Added Component: Designator=Q4(NTMSC002N10MCTXG)
Add component (AddParameter): Name = "Manufacturer"; Value = "Onsemi"; VariantName = "[No Variations]"
Add component (AddParameter): Name = "Manufacturer Part Number"; Value = "NTMTSC002N10MCTXG"; VariantName = "[No Variations]"
Add component (AddParameter): Name = "Price"; Value = "5.9"; VariantName = "[No Variations]"
Add component (AddParameter): Name = "Supplier"; Value = "Mouser"; VariantName = "[No Variations]"
Add component (AddParameter): Name = "Supplier Part Number"; Value = "863-TMTSC002N10MCTXG"; VariantName = "[No Variations]"
Add component (AddParameter): Name = "Value"; Value = "NTMSC002N10MCTXG"; VariantName = "[No Variations]"
Added Component: Designator=Q5(NTMSC002N10MCTXG)
Add component (AddParameter): Name = "Manufacturer"; Value = "Onsemi"; VariantName = "[No Variations]"
Add component (AddParameter): Name = "Manufacturer Part Number"; Value = "NTMTSC002N10MCTXG"; VariantName = "[No Variations]"
Add component (AddParameter): Name = "Price"; Value = "5.9"; VariantName = "[No Variations]"
Add component (AddParameter): Name = "Supplier"; Value = "Mouser"; VariantName = "[No Variations]"
Add component (AddParameter): Name = "Supplier Part Number"; Value = "863-TMTSC002N10MCTXG"; VariantName = "[No Variations]"
Add component (AddParameter): Name = "Value"; Value = "NTMSC002N10MCTXG"; VariantName = "[No Variations]"
Added Component: Designator=Q6(NTMSC002N10MCTXG)
Add component (AddParameter): Name = "Manufacturer"; Value = "Onsemi"; VariantName = "[No Variations]"
Add component (AddParameter): Name = "Manufacturer Part Number"; Value = "NTMTSC002N10MCTXG"; VariantName = "[No Variations]"
Add component (AddParameter): Name = "Price"; Value = "5.9"; VariantName = "[No Variations]"
Add component (AddParameter): Name = "Supplier"; Value = "Mouser"; VariantName = "[No Variations]"
Add component (AddParameter): Name = "Supplier Part Number"; Value = "863-TMTSC002N10MCTXG"; VariantName = "[No Variations]"
Add component (AddParameter): Name = "Value"; Value = "NTMSC002N10MCTXG"; VariantName = "[No Variations]"
Added Component: Designator=Q7(NTMSC002N10MCTXG)
Add component (AddParameter): Name = "Manufacturer"; Value = "Onsemi"; VariantName = "[No Variations]"
Add component (AddParameter): Name = "Manufacturer Part Number"; Value = "NTMTSC002N10MCTXG"; VariantName = "[No Variations]"
Add component (AddParameter): Name = "Price"; Value = "5.9"; VariantName = "[No Variations]"
Add component (AddParameter): Name = "Supplier"; Value = "Mouser"; VariantName = "[No Variations]"
Add component (AddParameter): Name = "Supplier Part Number"; Value = "863-TMTSC002N10MCTXG"; VariantName = "[No Variations]"
Add component (AddParameter): Name = "Value"; Value = "NTMSC002N10MCTXG"; VariantName = "[No Variations]"
Added Component: Designator=Q8(NTMSC002N10MCTXG)
Add component (AddParameter): Name = "Manufacturer"; Value = "Onsemi"; VariantName = "[No Variations]"
Add component (AddParameter): Name = "Manufacturer Part Number"; Value = "NTMTSC002N10MCTXG"; VariantName = "[No Variations]"
Add component (AddParameter): Name = "Price"; Value = "5.9"; VariantName = "[No Variations]"
Add component (AddParameter): Name = "Supplier"; Value = "Mouser"; VariantName = "[No Variations]"
Add component (AddParameter): Name = "Supplier Part Number"; Value = "863-TMTSC002N10MCTXG"; VariantName = "[No Variations]"
Add component (AddParameter): Name = "Value"; Value = "NTMSC002N10MCTXG"; VariantName = "[No Variations]"
Added Component: Designator=Q9(NTMSC002N10MCTXG)
Add component (AddParameter): Name = "Manufacturer"; Value = "Onsemi"; VariantName = "[No Variations]"
Add component (AddParameter): Name = "Manufacturer Part Number"; Value = "NTMTSC002N10MCTXG"; VariantName = "[No Variations]"
Add component (AddParameter): Name = "Price"; Value = "5.9"; VariantName = "[No Variations]"
Add component (AddParameter): Name = "Supplier"; Value = "Mouser"; VariantName = "[No Variations]"
Add component (AddParameter): Name = "Supplier Part Number"; Value = "863-TMTSC002N10MCTXG"; VariantName = "[No Variations]"
Add component (AddParameter): Name = "Value"; Value = "NTMSC002N10MCTXG"; VariantName = "[No Variations]"
Added Component: Designator=Q10(NTMSC002N10MCTXG)
Add component (AddParameter): Name = "Manufacturer"; Value = "Onsemi"; VariantName = "[No Variations]"
Add component (AddParameter): Name = "Manufacturer Part Number"; Value = "NTMTSC002N10MCTXG"; VariantName = "[No Variations]"
Add component (AddParameter): Name = "Price"; Value = "5.9"; VariantName = "[No Variations]"
Add component (AddParameter): Name = "Supplier"; Value = "Mouser"; VariantName = "[No Variations]"
Add component (AddParameter): Name = "Supplier Part Number"; Value = "863-TMTSC002N10MCTXG"; VariantName = "[No Variations]"
Add component (AddParameter): Name = "Value"; Value = "NTMSC002N10MCTXG"; VariantName = "[No Variations]"
Added Component: Designator=Q11(NTMSC002N10MCTXG)
Add component (AddParameter): Name = "Manufacturer"; Value = "Onsemi"; VariantName = "[No Variations]"
Add component (AddParameter): Name = "Manufacturer Part Number"; Value = "NTMTSC002N10MCTXG"; VariantName = "[No Variations]"
Add component (AddParameter): Name = "Price"; Value = "5.9"; VariantName = "[No Variations]"
Add component (AddParameter): Name = "Supplier"; Value = "Mouser"; VariantName = "[No Variations]"
Add component (AddParameter): Name = "Supplier Part Number"; Value = "863-TMTSC002N10MCTXG"; VariantName = "[No Variations]"
Add component (AddParameter): Name = "Value"; Value = "NTMSC002N10MCTXG"; VariantName = "[No Variations]"
Added Component: Designator=Q12(NTMSC002N10MCTXG)
Add component (AddParameter): Name = "Manufacturer"; Value = "Onsemi"; VariantName = "[No Variations]"
Add component (AddParameter): Name = "Manufacturer Part Number"; Value = "NTMTSC002N10MCTXG"; VariantName = "[No Variations]"
Add component (AddParameter): Name = "Price"; Value = "5.9"; VariantName = "[No Variations]"
Add component (AddParameter): Name = "Supplier"; Value = "Mouser"; VariantName = "[No Variations]"
Add component (AddParameter): Name = "Supplier Part Number"; Value = "863-TMTSC002N10MCTXG"; VariantName = "[No Variations]"
Add component (AddParameter): Name = "Value"; Value = "NTMSC002N10MCTXG"; VariantName = "[No Variations]"
Added Component: Designator=Q13(NTMSC002N10MCTXG)
Add component (AddParameter): Name = "Manufacturer"; Value = "Onsemi"; VariantName = "[No Variations]"
Add component (AddParameter): Name = "Manufacturer Part Number"; Value = "NTMTSC002N10MCTXG"; VariantName = "[No Variations]"
Add component (AddParameter): Name = "Price"; Value = "5.9"; VariantName = "[No Variations]"
Add component (AddParameter): Name = "Supplier"; Value = "Mouser"; VariantName = "[No Variations]"
Add component (AddParameter): Name = "Supplier Part Number"; Value = "863-TMTSC002N10MCTXG"; VariantName = "[No Variations]"
Add component (AddParameter): Name = "Value"; Value = "NTMSC002N10MCTXG"; VariantName = "[No Variations]"
Added Component: Designator=Q14(NTMSC002N10MCTXG)
Add component (AddParameter): Name = "Manufacturer"; Value = "Onsemi"; VariantName = "[No Variations]"
Add component (AddParameter): Name = "Manufacturer Part Number"; Value = "NTMTSC002N10MCTXG"; VariantName = "[No Variations]"
Add component (AddParameter): Name = "Price"; Value = "5.9"; VariantName = "[No Variations]"
Add component (AddParameter): Name = "Supplier"; Value = "Mouser"; VariantName = "[No Variations]"
Add component (AddParameter): Name = "Supplier Part Number"; Value = "863-TMTSC002N10MCTXG"; VariantName = "[No Variations]"
Add component (AddParameter): Name = "Value"; Value = "NTMSC002N10MCTXG"; VariantName = "[No Variations]"
Added Component: Designator=Q15(NTMSC002N10MCTXG)
Add component (AddParameter): Name = "Manufacturer"; Value = "Onsemi"; VariantName = "[No Variations]"
Add component (AddParameter): Name = "Manufacturer Part Number"; Value = "NTMTSC002N10MCTXG"; VariantName = "[No Variations]"
Add component (AddParameter): Name = "Price"; Value = "5.9"; VariantName = "[No Variations]"
Add component (AddParameter): Name = "Supplier"; Value = "Mouser"; VariantName = "[No Variations]"
Add component (AddParameter): Name = "Supplier Part Number"; Value = "863-TMTSC002N10MCTXG"; VariantName = "[No Variations]"
Add component (AddParameter): Name = "Value"; Value = "NTMSC002N10MCTXG"; VariantName = "[No Variations]"
Added Component: Designator=Q16(NTMSC002N10MCTXG)
Add component (AddParameter): Name = "Manufacturer"; Value = "Onsemi"; VariantName = "[No Variations]"
Add component (AddParameter): Name = "Manufacturer Part Number"; Value = "NTMTSC002N10MCTXG"; VariantName = "[No Variations]"
Add component (AddParameter): Name = "Price"; Value = "5.9"; VariantName = "[No Variations]"
Add component (AddParameter): Name = "Supplier"; Value = "Mouser"; VariantName = "[No Variations]"
Add component (AddParameter): Name = "Supplier Part Number"; Value = "863-TMTSC002N10MCTXG"; VariantName = "[No Variations]"
Add component (AddParameter): Name = "Value"; Value = "NTMSC002N10MCTXG"; VariantName = "[No Variations]"
Added Component: Designator=Q17(NTMSC002N10MCTXG)
Add component (AddParameter): Name = "Manufacturer"; Value = "Onsemi"; VariantName = "[No Variations]"
Add component (AddParameter): Name = "Manufacturer Part Number"; Value = "NTMTSC002N10MCTXG"; VariantName = "[No Variations]"
Add component (AddParameter): Name = "Price"; Value = "5.9"; VariantName = "[No Variations]"
Add component (AddParameter): Name = "Supplier"; Value = "Mouser"; VariantName = "[No Variations]"
Add component (AddParameter): Name = "Supplier Part Number"; Value = "863-TMTSC002N10MCTXG"; VariantName = "[No Variations]"
Add component (AddParameter): Name = "Value"; Value = "NTMSC002N10MCTXG"; VariantName = "[No Variations]"
Added Component: Designator=Q18(NTMSC002N10MCTXG)
Add component (AddParameter): Name = "Manufacturer"; Value = "Onsemi"; VariantName = "[No Variations]"
Add component (AddParameter): Name = "Manufacturer Part Number"; Value = "NTMTSC002N10MCTXG"; VariantName = "[No Variations]"
Add component (AddParameter): Name = "Price"; Value = "5.9"; VariantName = "[No Variations]"
Add component (AddParameter): Name = "Supplier"; Value = "Mouser"; VariantName = "[No Variations]"
Add component (AddParameter): Name = "Supplier Part Number"; Value = "863-TMTSC002N10MCTXG"; VariantName = "[No Variations]"
Add component (AddParameter): Name = "Value"; Value = "NTMSC002N10MCTXG"; VariantName = "[No Variations]"
Added Component: Designator=Q19(NTMSC002N10MCTXG)
Add component (AddParameter): Name = "Manufacturer"; Value = "Onsemi"; VariantName = "[No Variations]"
Add component (AddParameter): Name = "Manufacturer Part Number"; Value = "NTMTSC002N10MCTXG"; VariantName = "[No Variations]"
Add component (AddParameter): Name = "Price"; Value = "5.9"; VariantName = "[No Variations]"
Add component (AddParameter): Name = "Supplier"; Value = "Mouser"; VariantName = "[No Variations]"
Add component (AddParameter): Name = "Supplier Part Number"; Value = "863-TMTSC002N10MCTXG"; VariantName = "[No Variations]"
Add component (AddParameter): Name = "Value"; Value = "NTMSC002N10MCTXG"; VariantName = "[No Variations]"
Added Component: Designator=Q20(NTMSC002N10MCTXG)
Add component (AddParameter): Name = "Manufacturer"; Value = "Onsemi"; VariantName = "[No Variations]"
Add component (AddParameter): Name = "Manufacturer Part Number"; Value = "NTMTSC002N10MCTXG"; VariantName = "[No Variations]"
Add component (AddParameter): Name = "Price"; Value = "5.9"; VariantName = "[No Variations]"
Add component (AddParameter): Name = "Supplier"; Value = "Mouser"; VariantName = "[No Variations]"
Add component (AddParameter): Name = "Supplier Part Number"; Value = "863-TMTSC002N10MCTXG"; VariantName = "[No Variations]"
Add component (AddParameter): Name = "Value"; Value = "NTMSC002N10MCTXG"; VariantName = "[No Variations]"
Added Component: Designator=Q21(NTMSC002N10MCTXG)
Add component (AddParameter): Name = "Manufacturer"; Value = "Onsemi"; VariantName = "[No Variations]"
Add component (AddParameter): Name = "Manufacturer Part Number"; Value = "NTMTSC002N10MCTXG"; VariantName = "[No Variations]"
Add component (AddParameter): Name = "Price"; Value = "5.9"; VariantName = "[No Variations]"
Add component (AddParameter): Name = "Supplier"; Value = "Mouser"; VariantName = "[No Variations]"
Add component (AddParameter): Name = "Supplier Part Number"; Value = "863-TMTSC002N10MCTXG"; VariantName = "[No Variations]"
Add component (AddParameter): Name = "Value"; Value = "NTMSC002N10MCTXG"; VariantName = "[No Variations]"
Added Component: Designator=Q22(NTMSC002N10MCTXG)
Add component (AddParameter): Name = "Manufacturer"; Value = "Onsemi"; VariantName = "[No Variations]"
Add component (AddParameter): Name = "Manufacturer Part Number"; Value = "NTMTSC002N10MCTXG"; VariantName = "[No Variations]"
Add component (AddParameter): Name = "Price"; Value = "5.9"; VariantName = "[No Variations]"
Add component (AddParameter): Name = "Supplier"; Value = "Mouser"; VariantName = "[No Variations]"
Add component (AddParameter): Name = "Supplier Part Number"; Value = "863-TMTSC002N10MCTXG"; VariantName = "[No Variations]"
Add component (AddParameter): Name = "Value"; Value = "NTMSC002N10MCTXG"; VariantName = "[No Variations]"
Added Component: Designator=Q23(NTMSC002N10MCTXG)
Add component (AddParameter): Name = "Manufacturer"; Value = "Onsemi"; VariantName = "[No Variations]"
Add component (AddParameter): Name = "Manufacturer Part Number"; Value = "NTMTSC002N10MCTXG"; VariantName = "[No Variations]"
Add component (AddParameter): Name = "Price"; Value = "5.9"; VariantName = "[No Variations]"
Add component (AddParameter): Name = "Supplier"; Value = "Mouser"; VariantName = "[No Variations]"
Add component (AddParameter): Name = "Supplier Part Number"; Value = "863-TMTSC002N10MCTXG"; VariantName = "[No Variations]"
Add component (AddParameter): Name = "Value"; Value = "NTMSC002N10MCTXG"; VariantName = "[No Variations]"
Added Component: Designator=Q24(NTMSC002N10MCTXG)
Add component (AddParameter): Name = "Manufacturer"; Value = "Onsemi"; VariantName = "[No Variations]"
Add component (AddParameter): Name = "Manufacturer Part Number"; Value = "NTMTSC002N10MCTXG"; VariantName = "[No Variations]"
Add component (AddParameter): Name = "Price"; Value = "5.9"; VariantName = "[No Variations]"
Add component (AddParameter): Name = "Supplier"; Value = "Mouser"; VariantName = "[No Variations]"
Add component (AddParameter): Name = "Supplier Part Number"; Value = "863-TMTSC002N10MCTXG"; VariantName = "[No Variations]"
Add component (AddParameter): Name = "Value"; Value = "NTMSC002N10MCTXG"; VariantName = "[No Variations]"
Added Component: Designator=R54(RESC10052X137N)
Add component (AddParameter): Name = "Manufacturer"; Value = "Bourns"; VariantName = "[No Variations]"
Add component (AddParameter): Name = "Manufacturer Part Number"; Value = "CSS2H-3920R-L500FE"; VariantName = "[No Variations]"
Add component (AddParameter): Name = "Price"; Value = "2"; VariantName = "[No Variations]"
Add component (AddParameter): Name = "Supplier"; Value = "Mouser"; VariantName = "[No Variations]"
Add component (AddParameter): Name = "Supplier Part Number"; Value = "652-CSS2H3920RL500FE"; VariantName = "[No Variations]"
Add component (AddParameter): Name = "Value"; Value = "0.5ohm 9W"; VariantName = "[No Variations]"
Added Component: Designator=R56(RESC10052X137N)
Add component (AddParameter): Name = "Manufacturer"; Value = "Bourns"; VariantName = "[No Variations]"
Add component (AddParameter): Name = "Manufacturer Part Number"; Value = "CSS2H-3920R-L500FE"; VariantName = "[No Variations]"
Add component (AddParameter): Name = "Price"; Value = "2"; VariantName = "[No Variations]"
Add component (AddParameter): Name = "Supplier"; Value = "Mouser"; VariantName = "[No Variations]"
Add component (AddParameter): Name = "Supplier Part Number"; Value = "652-CSS2H3920RL500FE"; VariantName = "[No Variations]"
Add component (AddParameter): Name = "Value"; Value = "0.5ohm 9W"; VariantName = "[No Variations]"
Added Pin To Net: NetName=+3V3 Pin=B1-1
Added Pin To Net: NetName=TEMP_U Pin=B1-2
Added Pin To Net: NetName=+3V3 Pin=B2-1
Added Pin To Net: NetName=TEMP_V Pin=B2-2
Added Pin To Net: NetName=+3V3 Pin=B3-1
Added Pin To Net: NetName=TEMP_W Pin=B3-2
Added Pin To Net: NetName=GND Pin=C3-1
Added Pin To Net: NetName=+12V Pin=C3-2
Added Pin To Net: NetName=+12V Pin=C4-2
Added Pin To Net: NetName=+12V Pin=C5-2
Added Pin To Net: NetName=+12V Pin=C9-1
Added Pin To Net: NetName=GND Pin=C9-2
Added Pin To Net: NetName=+12V Pin=C10-1
Added Pin To Net: NetName=GND Pin=C10-2
Added Pin To Net: NetName=+12V Pin=C11-1
Added Pin To Net: NetName=GND Pin=C11-2
Added Pin To Net: NetName=GND Pin=C23-1
Added Pin To Net: NetName=+12V Pin=C23-2
Added Pin To Net: NetName=+12V Pin=C27-1
Added Pin To Net: NetName=+12V Pin=C28-1
Added Pin To Net: NetName=GND Pin=C28-2
Added Pin To Net: NetName=+12V Pin=C29-1
Added Pin To Net: NetName=GND Pin=C29-2
Added Pin To Net: NetName=GND Pin=C43-1
Added Pin To Net: NetName=+12V Pin=C43-2
Added Pin To Net: NetName=+12V Pin=C48-1
Added Pin To Net: NetName=+12V Pin=C49-1
Added Pin To Net: NetName=+12V Pin=C50-1
Added Pin To Net: NetName=GND Pin=C50-2
Added Pin To Net: NetName=PWM_U_HIGH Pin=J1-1
Added Pin To Net: NetName=PWM_U_LOW Pin=J1-2
Added Pin To Net: NetName=+3V3 Pin=J1-3
Added Pin To Net: NetName=TEMP_U Pin=J1-4
Added Pin To Net: NetName=OUT_U Pin=J1-5
Added Pin To Net: NetName=PHASE_U Pin=J1-6
Added Pin To Net: NetName=PWM_V_HIGH Pin=J4-1
Added Pin To Net: NetName=PWM_V_LOW Pin=J4-2
Added Pin To Net: NetName=+3V3 Pin=J4-3
Added Pin To Net: NetName=TEMP_V Pin=J4-4
Added Pin To Net: NetName=OUT_V Pin=J4-5
Added Pin To Net: NetName=PHASE_V Pin=J4-6
Added Pin To Net: NetName=PWM_W_HIGH Pin=J9-1
Added Pin To Net: NetName=PWM_W_LOW Pin=J9-2
Added Pin To Net: NetName=+3V3 Pin=J9-3
Added Pin To Net: NetName=TEMP_W Pin=J9-4
Added Pin To Net: NetName=OUT_W Pin=J9-5
Added Pin To Net: NetName=PHASE_W Pin=J9-6
Added Pin To Net: NetName=+12V Pin=J21-1
Added Pin To Net: NetName=+12V Pin=J21-2
Added Pin To Net: NetName=+12V Pin=J21-3
Added Pin To Net: NetName=+12V Pin=J21-4
Added Pin To Net: NetName=+12V Pin=J21-5
Added Pin To Net: NetName=+12V Pin=J21-6
Added Pin To Net: NetName=GND Pin=J22-1
Added Pin To Net: NetName=GND Pin=J22-2
Added Pin To Net: NetName=GND Pin=J22-3
Added Pin To Net: NetName=GND Pin=J22-4
Added Pin To Net: NetName=GND Pin=J22-5
Added Pin To Net: NetName=GND Pin=J22-6
Added Pin To Net: NetName=+12V Pin=Q1-DRAIN
Added Pin To Net: NetName=+12V Pin=Q1-DRAIN
Added Pin To Net: NetName=+12V Pin=Q1-DRAIN
Added Pin To Net: NetName=+12V Pin=Q1-DRAIN
Added Pin To Net: NetName=+12V Pin=Q1-DRAIN
Added Pin To Net: NetName=PWM_U_HIGH Pin=Q1-GATE
Added Pin To Net: NetName=PHASE_U Pin=Q1-SOURCE
Added Pin To Net: NetName=PHASE_U Pin=Q1-SOURCE
Added Pin To Net: NetName=PHASE_U Pin=Q1-SOURCE
Added Pin To Net: NetName=+12V Pin=Q2-DRAIN
Added Pin To Net: NetName=+12V Pin=Q2-DRAIN
Added Pin To Net: NetName=+12V Pin=Q2-DRAIN
Added Pin To Net: NetName=+12V Pin=Q2-DRAIN
Added Pin To Net: NetName=+12V Pin=Q2-DRAIN
Added Pin To Net: NetName=PWM_U_HIGH Pin=Q2-GATE
Added Pin To Net: NetName=PHASE_U Pin=Q2-SOURCE
Added Pin To Net: NetName=PHASE_U Pin=Q2-SOURCE
Added Pin To Net: NetName=PHASE_U Pin=Q2-SOURCE
Added Pin To Net: NetName=+12V Pin=Q3-DRAIN
Added Pin To Net: NetName=+12V Pin=Q3-DRAIN
Added Pin To Net: NetName=+12V Pin=Q3-DRAIN
Added Pin To Net: NetName=+12V Pin=Q3-DRAIN
Added Pin To Net: NetName=+12V Pin=Q3-DRAIN
Added Pin To Net: NetName=PWM_U_HIGH Pin=Q3-GATE
Added Pin To Net: NetName=PHASE_U Pin=Q3-SOURCE
Added Pin To Net: NetName=PHASE_U Pin=Q3-SOURCE
Added Pin To Net: NetName=PHASE_U Pin=Q3-SOURCE
Added Pin To Net: NetName=+12V Pin=Q4-DRAIN
Added Pin To Net: NetName=+12V Pin=Q4-DRAIN
Added Pin To Net: NetName=+12V Pin=Q4-DRAIN
Added Pin To Net: NetName=+12V Pin=Q4-DRAIN
Added Pin To Net: NetName=+12V Pin=Q4-DRAIN
Added Pin To Net: NetName=PWM_U_HIGH Pin=Q4-GATE
Added Pin To Net: NetName=PHASE_U Pin=Q4-SOURCE
Added Pin To Net: NetName=PHASE_U Pin=Q4-SOURCE
Added Pin To Net: NetName=PHASE_U Pin=Q4-SOURCE
Added Pin To Net: NetName=PHASE_U Pin=Q5-DRAIN
Added Pin To Net: NetName=PHASE_U Pin=Q5-DRAIN
Added Pin To Net: NetName=PHASE_U Pin=Q5-DRAIN
Added Pin To Net: NetName=PHASE_U Pin=Q5-DRAIN
Added Pin To Net: NetName=PHASE_U Pin=Q5-DRAIN
Added Pin To Net: NetName=PWM_U_LOW Pin=Q5-GATE
Added Pin To Net: NetName=GND Pin=Q5-SOURCE
Added Pin To Net: NetName=GND Pin=Q5-SOURCE
Added Pin To Net: NetName=GND Pin=Q5-SOURCE
Added Pin To Net: NetName=PHASE_U Pin=Q6-DRAIN
Added Pin To Net: NetName=PHASE_U Pin=Q6-DRAIN
Added Pin To Net: NetName=PHASE_U Pin=Q6-DRAIN
Added Pin To Net: NetName=PHASE_U Pin=Q6-DRAIN
Added Pin To Net: NetName=PHASE_U Pin=Q6-DRAIN
Added Pin To Net: NetName=PWM_U_LOW Pin=Q6-GATE
Added Pin To Net: NetName=GND Pin=Q6-SOURCE
Added Pin To Net: NetName=GND Pin=Q6-SOURCE
Added Pin To Net: NetName=GND Pin=Q6-SOURCE
Added Pin To Net: NetName=PHASE_U Pin=Q7-DRAIN
Added Pin To Net: NetName=PHASE_U Pin=Q7-DRAIN
Added Pin To Net: NetName=PHASE_U Pin=Q7-DRAIN
Added Pin To Net: NetName=PHASE_U Pin=Q7-DRAIN
Added Pin To Net: NetName=PHASE_U Pin=Q7-DRAIN
Added Pin To Net: NetName=PWM_U_LOW Pin=Q7-GATE
Added Pin To Net: NetName=GND Pin=Q7-SOURCE
Added Pin To Net: NetName=GND Pin=Q7-SOURCE
Added Pin To Net: NetName=GND Pin=Q7-SOURCE
Added Pin To Net: NetName=PHASE_U Pin=Q8-DRAIN
Added Pin To Net: NetName=PHASE_U Pin=Q8-DRAIN
Added Pin To Net: NetName=PHASE_U Pin=Q8-DRAIN
Added Pin To Net: NetName=PHASE_U Pin=Q8-DRAIN
Added Pin To Net: NetName=PHASE_U Pin=Q8-DRAIN
Added Pin To Net: NetName=PWM_U_LOW Pin=Q8-GATE
Added Pin To Net: NetName=GND Pin=Q8-SOURCE
Added Pin To Net: NetName=GND Pin=Q8-SOURCE
Added Pin To Net: NetName=GND Pin=Q8-SOURCE
Added Pin To Net: NetName=+12V Pin=Q9-DRAIN
Added Pin To Net: NetName=+12V Pin=Q9-DRAIN
Added Pin To Net: NetName=+12V Pin=Q9-DRAIN
Added Pin To Net: NetName=+12V Pin=Q9-DRAIN
Added Pin To Net: NetName=+12V Pin=Q9-DRAIN
Added Pin To Net: NetName=PWM_V_HIGH Pin=Q9-GATE
Added Pin To Net: NetName=PHASE_V Pin=Q9-SOURCE
Added Pin To Net: NetName=PHASE_V Pin=Q9-SOURCE
Added Pin To Net: NetName=PHASE_V Pin=Q9-SOURCE
Added Pin To Net: NetName=+12V Pin=Q10-DRAIN
Added Pin To Net: NetName=+12V Pin=Q10-DRAIN
Added Pin To Net: NetName=+12V Pin=Q10-DRAIN
Added Pin To Net: NetName=+12V Pin=Q10-DRAIN
Added Pin To Net: NetName=+12V Pin=Q10-DRAIN
Added Pin To Net: NetName=PWM_V_HIGH Pin=Q10-GATE
Added Pin To Net: NetName=PHASE_V Pin=Q10-SOURCE
Added Pin To Net: NetName=PHASE_V Pin=Q10-SOURCE
Added Pin To Net: NetName=PHASE_V Pin=Q10-SOURCE
Added Pin To Net: NetName=+12V Pin=Q11-DRAIN
Added Pin To Net: NetName=+12V Pin=Q11-DRAIN
Added Pin To Net: NetName=+12V Pin=Q11-DRAIN
Added Pin To Net: NetName=+12V Pin=Q11-DRAIN
Added Pin To Net: NetName=+12V Pin=Q11-DRAIN
Added Pin To Net: NetName=PWM_V_HIGH Pin=Q11-GATE
Added Pin To Net: NetName=PHASE_V Pin=Q11-SOURCE
Added Pin To Net: NetName=PHASE_V Pin=Q11-SOURCE
Added Pin To Net: NetName=PHASE_V Pin=Q11-SOURCE
Added Pin To Net: NetName=+12V Pin=Q12-DRAIN
Added Pin To Net: NetName=+12V Pin=Q12-DRAIN
Added Pin To Net: NetName=+12V Pin=Q12-DRAIN
Added Pin To Net: NetName=+12V Pin=Q12-DRAIN
Added Pin To Net: NetName=+12V Pin=Q12-DRAIN
Added Pin To Net: NetName=PWM_V_HIGH Pin=Q12-GATE
Added Pin To Net: NetName=PHASE_V Pin=Q12-SOURCE
Added Pin To Net: NetName=PHASE_V Pin=Q12-SOURCE
Added Pin To Net: NetName=PHASE_V Pin=Q12-SOURCE
Added Pin To Net: NetName=PHASE_V Pin=Q13-DRAIN
Added Pin To Net: NetName=PHASE_V Pin=Q13-DRAIN
Added Pin To Net: NetName=PHASE_V Pin=Q13-DRAIN
Added Pin To Net: NetName=PHASE_V Pin=Q13-DRAIN
Added Pin To Net: NetName=PHASE_V Pin=Q13-DRAIN
Added Pin To Net: NetName=PWM_V_LOW Pin=Q13-GATE
Added Pin To Net: NetName=GND Pin=Q13-SOURCE
Added Pin To Net: NetName=GND Pin=Q13-SOURCE
Added Pin To Net: NetName=GND Pin=Q13-SOURCE
Added Pin To Net: NetName=PHASE_V Pin=Q14-DRAIN
Added Pin To Net: NetName=PHASE_V Pin=Q14-DRAIN
Added Pin To Net: NetName=PHASE_V Pin=Q14-DRAIN
Added Pin To Net: NetName=PHASE_V Pin=Q14-DRAIN
Added Pin To Net: NetName=PHASE_V Pin=Q14-DRAIN
Added Pin To Net: NetName=PWM_V_LOW Pin=Q14-GATE
Added Pin To Net: NetName=GND Pin=Q14-SOURCE
Added Pin To Net: NetName=GND Pin=Q14-SOURCE
Added Pin To Net: NetName=GND Pin=Q14-SOURCE
Added Pin To Net: NetName=PHASE_V Pin=Q15-DRAIN
Added Pin To Net: NetName=PHASE_V Pin=Q15-DRAIN
Added Pin To Net: NetName=PHASE_V Pin=Q15-DRAIN
Added Pin To Net: NetName=PHASE_V Pin=Q15-DRAIN
Added Pin To Net: NetName=PHASE_V Pin=Q15-DRAIN
Added Pin To Net: NetName=PWM_V_LOW Pin=Q15-GATE
Added Pin To Net: NetName=GND Pin=Q15-SOURCE
Added Pin To Net: NetName=GND Pin=Q15-SOURCE
Added Pin To Net: NetName=GND Pin=Q15-SOURCE
Added Pin To Net: NetName=PHASE_V Pin=Q16-DRAIN
Added Pin To Net: NetName=PHASE_V Pin=Q16-DRAIN
Added Pin To Net: NetName=PHASE_V Pin=Q16-DRAIN
Added Pin To Net: NetName=PHASE_V Pin=Q16-DRAIN
Added Pin To Net: NetName=PHASE_V Pin=Q16-DRAIN
Added Pin To Net: NetName=PWM_V_LOW Pin=Q16-GATE
Added Pin To Net: NetName=GND Pin=Q16-SOURCE
Added Pin To Net: NetName=GND Pin=Q16-SOURCE
Added Pin To Net: NetName=GND Pin=Q16-SOURCE
Added Pin To Net: NetName=+12V Pin=Q17-DRAIN
Added Pin To Net: NetName=+12V Pin=Q17-DRAIN
Added Pin To Net: NetName=+12V Pin=Q17-DRAIN
Added Pin To Net: NetName=+12V Pin=Q17-DRAIN
Added Pin To Net: NetName=+12V Pin=Q17-DRAIN
Added Pin To Net: NetName=PWM_W_HIGH Pin=Q17-GATE
Added Pin To Net: NetName=PHASE_W Pin=Q17-SOURCE
Added Pin To Net: NetName=PHASE_W Pin=Q17-SOURCE
Added Pin To Net: NetName=PHASE_W Pin=Q17-SOURCE
Added Pin To Net: NetName=+12V Pin=Q18-DRAIN
Added Pin To Net: NetName=+12V Pin=Q18-DRAIN
Added Pin To Net: NetName=+12V Pin=Q18-DRAIN
Added Pin To Net: NetName=+12V Pin=Q18-DRAIN
Added Pin To Net: NetName=+12V Pin=Q18-DRAIN
Added Pin To Net: NetName=PWM_W_HIGH Pin=Q18-GATE
Added Pin To Net: NetName=PHASE_W Pin=Q18-SOURCE
Added Pin To Net: NetName=PHASE_W Pin=Q18-SOURCE
Added Pin To Net: NetName=PHASE_W Pin=Q18-SOURCE
Added Pin To Net: NetName=+12V Pin=Q19-DRAIN
Added Pin To Net: NetName=+12V Pin=Q19-DRAIN
Added Pin To Net: NetName=+12V Pin=Q19-DRAIN
Added Pin To Net: NetName=+12V Pin=Q19-DRAIN
Added Pin To Net: NetName=+12V Pin=Q19-DRAIN
Added Pin To Net: NetName=PWM_W_HIGH Pin=Q19-GATE
Added Pin To Net: NetName=PHASE_W Pin=Q19-SOURCE
Added Pin To Net: NetName=PHASE_W Pin=Q19-SOURCE
Added Pin To Net: NetName=PHASE_W Pin=Q19-SOURCE
Added Pin To Net: NetName=+12V Pin=Q20-DRAIN
Added Pin To Net: NetName=+12V Pin=Q20-DRAIN
Added Pin To Net: NetName=+12V Pin=Q20-DRAIN
Added Pin To Net: NetName=+12V Pin=Q20-DRAIN
Added Pin To Net: NetName=+12V Pin=Q20-DRAIN
Added Pin To Net: NetName=PWM_W_HIGH Pin=Q20-GATE
Added Pin To Net: NetName=PHASE_W Pin=Q20-SOURCE
Added Pin To Net: NetName=PHASE_W Pin=Q20-SOURCE
Added Pin To Net: NetName=PHASE_W Pin=Q20-SOURCE
Added Pin To Net: NetName=PHASE_W Pin=Q21-DRAIN
Added Pin To Net: NetName=PHASE_W Pin=Q21-DRAIN
Added Pin To Net: NetName=PHASE_W Pin=Q21-DRAIN
Added Pin To Net: NetName=PHASE_W Pin=Q21-DRAIN
Added Pin To Net: NetName=PHASE_W Pin=Q21-DRAIN
Added Pin To Net: NetName=PWM_W_LOW Pin=Q21-GATE
Added Pin To Net: NetName=GND Pin=Q21-SOURCE
Added Pin To Net: NetName=GND Pin=Q21-SOURCE
Added Pin To Net: NetName=GND Pin=Q21-SOURCE
Added Pin To Net: NetName=PHASE_W Pin=Q22-DRAIN
Added Pin To Net: NetName=PHASE_W Pin=Q22-DRAIN
Added Pin To Net: NetName=PHASE_W Pin=Q22-DRAIN
Added Pin To Net: NetName=PHASE_W Pin=Q22-DRAIN
Added Pin To Net: NetName=PHASE_W Pin=Q22-DRAIN
Added Pin To Net: NetName=PWM_W_LOW Pin=Q22-GATE
Added Pin To Net: NetName=GND Pin=Q22-SOURCE
Added Pin To Net: NetName=GND Pin=Q22-SOURCE
Added Pin To Net: NetName=GND Pin=Q22-SOURCE
Added Pin To Net: NetName=PHASE_W Pin=Q23-DRAIN
Added Pin To Net: NetName=PHASE_W Pin=Q23-DRAIN
Added Pin To Net: NetName=PHASE_W Pin=Q23-DRAIN
Added Pin To Net: NetName=PHASE_W Pin=Q23-DRAIN
Added Pin To Net: NetName=PHASE_W Pin=Q23-DRAIN
Added Pin To Net: NetName=PWM_W_LOW Pin=Q23-GATE
Added Pin To Net: NetName=GND Pin=Q23-SOURCE
Added Pin To Net: NetName=GND Pin=Q23-SOURCE
Added Pin To Net: NetName=GND Pin=Q23-SOURCE
Added Pin To Net: NetName=PHASE_W Pin=Q24-DRAIN
Added Pin To Net: NetName=PHASE_W Pin=Q24-DRAIN
Added Pin To Net: NetName=PHASE_W Pin=Q24-DRAIN
Added Pin To Net: NetName=PHASE_W Pin=Q24-DRAIN
Added Pin To Net: NetName=PHASE_W Pin=Q24-DRAIN
Added Pin To Net: NetName=PWM_W_LOW Pin=Q24-GATE
Added Pin To Net: NetName=GND Pin=Q24-SOURCE
Added Pin To Net: NetName=GND Pin=Q24-SOURCE
Added Pin To Net: NetName=GND Pin=Q24-SOURCE
Added Pin To Net: NetName=OUT_U Pin=R2-1
Added Pin To Net: NetName=PHASE_U Pin=R2-2
Added Pin To Net: NetName=OUT_U Pin=R3-1
Added Pin To Net: NetName=PHASE_U Pin=R3-2
Added Pin To Net: NetName=OUT_U Pin=R6-1
Added Pin To Net: NetName=PHASE_U Pin=R6-2
Added Pin To Net: NetName=OUT_U Pin=R11-1
Added Pin To Net: NetName=PHASE_U Pin=R11-2
Added Pin To Net: NetName=OUT_U Pin=R14-1
Added Pin To Net: NetName=PHASE_U Pin=R14-2
Added Pin To Net: NetName=OUT_V Pin=R25-1
Added Pin To Net: NetName=PHASE_V Pin=R25-2
Added Pin To Net: NetName=OUT_V Pin=R26-1
Added Pin To Net: NetName=PHASE_V Pin=R26-2
Added Pin To Net: NetName=OUT_V Pin=R28-1
Added Pin To Net: NetName=PHASE_V Pin=R28-2
Added Pin To Net: NetName=OUT_V Pin=R33-1
Added Pin To Net: NetName=PHASE_V Pin=R33-2
Added Pin To Net: NetName=OUT_V Pin=R35-1
Added Pin To Net: NetName=PHASE_V Pin=R35-2
Added Pin To Net: NetName=OUT_W Pin=R46-1
Added Pin To Net: NetName=PHASE_W Pin=R46-2
Added Pin To Net: NetName=OUT_W Pin=R47-1
Added Pin To Net: NetName=PHASE_W Pin=R47-2
Added Pin To Net: NetName=OUT_W Pin=R49-1
Added Pin To Net: NetName=PHASE_W Pin=R49-2
Added Pin To Net: NetName=OUT_W Pin=R54-1
Added Pin To Net: NetName=PHASE_W Pin=R54-2
Added Pin To Net: NetName=OUT_W Pin=R56-1
Added Pin To Net: NetName=PHASE_W Pin=R56-2
Change Net Name : Old Net Name=+12V New Net Name=VIN+
Change Class Name : Old Net Name=Driver New Net Name=PowerBoard
Added Member To Class: ClassName=PowerBoard Member=Component B1 NTCS0402E3103GL1T
Added Member To Class: ClassName=PowerBoard Member=Component B2 NTCS0402E3103GL1T
Added Member To Class: ClassName=PowerBoard Member=Component B3 NTCS0402E3103GL1T
Added Member To Class: ClassName=PowerBoard Member=Component C3 2.2uF 100V
Added Member To Class: ClassName=PowerBoard Member=Component C4 2.2uF 100V
Added Member To Class: ClassName=PowerBoard Member=Component C5 2.2uF 100V
Added Member To Class: ClassName=PowerBoard Member=Component C9 2.2uF 100V
Added Member To Class: ClassName=PowerBoard Member=Component C10 2.2uF 100V
Added Member To Class: ClassName=PowerBoard Member=Component C11 2.2uF 100V
Added Member To Class: ClassName=PowerBoard Member=Component C43 2.2uF 100V
Added Member To Class: ClassName=PowerBoard Member=Component C48 2.2uF 100V
Added Member To Class: ClassName=PowerBoard Member=Component C49 2.2uF 100V
Added Member To Class: ClassName=PowerBoard Member=Component C50 2.2uF 100V
Added Member To Class: ClassName=PowerBoard Member=Component J1 PHASE_U
Added Member To Class: ClassName=PowerBoard Member=Component J4 PHASE_V
Added Member To Class: ClassName=PowerBoard Member=Component J9 PHASE_W
Added Member To Class: ClassName=PowerBoard Member=Component J21 VIN+
Added Member To Class: ClassName=PowerBoard Member=Component J22 VIN-
Added Member To Class: ClassName=PowerBoard Member=Component Q1 NTMSC002N10MCTXG
Added Member To Class: ClassName=PowerBoard Member=Component Q2 NTMSC002N10MCTXG
Added Member To Class: ClassName=PowerBoard Member=Component Q3 NTMSC002N10MCTXG
Added Member To Class: ClassName=PowerBoard Member=Component Q4 NTMSC002N10MCTXG
Added Member To Class: ClassName=PowerBoard Member=Component Q5 NTMSC002N10MCTXG
Added Member To Class: ClassName=PowerBoard Member=Component Q6 NTMSC002N10MCTXG
Added Member To Class: ClassName=PowerBoard Member=Component Q7 NTMSC002N10MCTXG
Added Member To Class: ClassName=PowerBoard Member=Component Q8 NTMSC002N10MCTXG
Added Member To Class: ClassName=PowerBoard Member=Component Q9 NTMSC002N10MCTXG
Added Member To Class: ClassName=PowerBoard Member=Component Q10 NTMSC002N10MCTXG
Added Member To Class: ClassName=PowerBoard Member=Component Q11 NTMSC002N10MCTXG
Added Member To Class: ClassName=PowerBoard Member=Component Q12 NTMSC002N10MCTXG
Added Member To Class: ClassName=PowerBoard Member=Component Q13 NTMSC002N10MCTXG
Added Member To Class: ClassName=PowerBoard Member=Component Q14 NTMSC002N10MCTXG
Added Member To Class: ClassName=PowerBoard Member=Component Q15 NTMSC002N10MCTXG
Added Member To Class: ClassName=PowerBoard Member=Component Q16 NTMSC002N10MCTXG
Added Member To Class: ClassName=PowerBoard Member=Component Q17 NTMSC002N10MCTXG
Added Member To Class: ClassName=PowerBoard Member=Component Q18 NTMSC002N10MCTXG
Added Member To Class: ClassName=PowerBoard Member=Component Q19 NTMSC002N10MCTXG
Added Member To Class: ClassName=PowerBoard Member=Component Q20 NTMSC002N10MCTXG
Added Member To Class: ClassName=PowerBoard Member=Component Q21 NTMSC002N10MCTXG
Added Member To Class: ClassName=PowerBoard Member=Component Q22 NTMSC002N10MCTXG
Added Member To Class: ClassName=PowerBoard Member=Component Q23 NTMSC002N10MCTXG
Added Member To Class: ClassName=PowerBoard Member=Component Q24 NTMSC002N10MCTXG
Added Member To Class: ClassName=PowerBoard Member=Component R2 0.5mR/9W
Added Member To Class: ClassName=PowerBoard Member=Component R3 0.5mR/9W
Added Member To Class: ClassName=PowerBoard Member=Component R6 0.5mR/9W
Added Member To Class: ClassName=PowerBoard Member=Component R11 0.5mR/9W
Added Member To Class: ClassName=PowerBoard Member=Component R14 0.5mR/9W
Added Member To Class: ClassName=PowerBoard Member=Component R54 0.5mR/9W
Added Member To Class: ClassName=PowerBoard Member=Component R56 0.5mR/9W
Change Room Name: Old Name=Driver New Name=PowerBoard
Change Room Scope: Old Scope=InComponentClass('Driver') New Scope=InComponentClass('PowerBoard')
