Removed Pin From Net: NetName=VIN+ Pin=C1-1
Removed Pin From Net: NetName=GND Pin=C1-2
Removed Pin From Net: NetName=VIN+ Pin=C2-1
Removed Pin From Net: NetName=GND Pin=C2-2
Removed Pin From Net: NetName=VIN+ Pin=C3-1
Removed Pin From Net: NetName=GND Pin=C3-2
Removed Pin From Net: NetName=VIN+ Pin=C7-1
Removed Pin From Net: NetName=GND Pin=C7-2
Removed Pin From Net: NetName=VIN+ Pin=C8-1
Removed Pin From Net: NetName=GND Pin=C8-2
Removed Pin From Net: NetName=VIN+ Pin=C12-1
Removed Pin From Net: NetName=GND Pin=C12-2
Removed Pin From Net: NetName=+12V Pin=C73-1
Removed Pin From Net: NetName=GND Pin=C73-2
Removed Pin From Net: NetName=+5V Pin=C80-1
Removed Pin From Net: NetName=GND Pin=C80-2
Removed Pin From Net: NetName=+3V3 Pin=C83-1
Removed Pin From Net: NetName=GND Pin=C83-2
Removed Pin From Net: NetName=+12V Pin=J1-1
Removed Pin From Net: NetName=+12V Pin=J1-2
Removed Pin From Net: NetName=+3V3 Pin=J1-3
Removed Pin From Net: NetName=+3V3 Pin=J1-4
Removed Pin From Net: NetName=GND Pin=J1-5
Removed Pin From Net: NetName=VSENSE Pin=J1-6
Removed Pin From Net: NetName=GND Pin=J1-7
Removed Pin From Net: NetName=GND Pin=J1-8
Removed Pin From Net: NetName=+12V Pin=J13-1
Removed Pin From Net: NetName=+12V Pin=J13-2
Removed Pin From Net: NetName=+3V3 Pin=J13-3
Removed Pin From Net: NetName=+3V3 Pin=J13-4
Removed Pin From Net: NetName=GND Pin=J13-5
Removed Pin From Net: NetName=VSENSE Pin=J13-6
Removed Pin From Net: NetName=GND Pin=J13-7
Removed Pin From Net: NetName=GND Pin=J13-8
Removed Pin From Net: NetName=VSENSE_U Pin=J15-1
Removed Pin From Net: NetName=PWM_U_HIGH Pin=J15-2
Removed Pin From Net: NetName=ISENSE_U Pin=J15-3
Removed Pin From Net: NetName=PWM_U_LOW Pin=J15-4
Removed Pin From Net: NetName=TEMP_U Pin=J15-5
Removed Pin From Net: NetName=DISABLE Pin=J15-6
Removed Pin From Net: NetName=VSENSE_V Pin=J16-1
Removed Pin From Net: NetName=PWM_V_HIGH Pin=J16-2
Removed Pin From Net: NetName=ISENSE_V Pin=J16-3
Removed Pin From Net: NetName=PWM_V_LOW Pin=J16-4
Removed Pin From Net: NetName=TEMP_V Pin=J16-5
Removed Pin From Net: NetName=DISABLE Pin=J16-6
Removed Pin From Net: NetName=VSENSE_W Pin=J17-1
Removed Pin From Net: NetName=PWM_W_HIGH Pin=J17-2
Removed Pin From Net: NetName=ISENSE_W Pin=J17-3
Removed Pin From Net: NetName=PWM_W_LOW Pin=J17-4
Removed Pin From Net: NetName=TEMP_W Pin=J17-5
Removed Pin From Net: NetName=DISABLE Pin=J17-6
Removed Member From Class: ClassName=Controller Member=C1
Removed Member From Class: ClassName=Controller Member=C2
Removed Member From Class: ClassName=Controller Member=C3
Removed Member From Class: ClassName=Controller Member=C7
Removed Member From Class: ClassName=Controller Member=C8
Removed Member From Class: ClassName=Controller Member=C12
Removed Member From Class: ClassName=Controller Member=C73
Removed Member From Class: ClassName=Controller Member=C80
Removed Member From Class: ClassName=Controller Member=C83
Removed Member From Class: ClassName=Driver Member=J1
Removed Member From Class: ClassName=Controller Member=J13
Removed Member From Class: ClassName=Controller Member=J15
Removed Member From Class: ClassName=Controller Member=J16
Removed Member From Class: ClassName=Controller Member=J17
Change Component Footprint: Designator=J_USB Old Footprint=10118194-0001LF New Footprint=WURTH_614105150721
Change component parameters: Designator = "J_USB" ("J_USB"); Footprint = "10118194-0001LF"; UniqueID = "\TDKNZMOI" ("\TDKNZMOI")
Change component parameters (AddParameter): Name = "Manufacturer"; Value = "Wurth Electronics"; VariantName = "[No Variations]"
Change component parameters (AddParameter): Name = "Manufacturer Part Number"; Value = "614105150721"; VariantName = "[No Variations]"
Change component parameters (AddParameter): Name = "Price"; Value = "2"; VariantName = "[No Variations]"
Change component parameters (AddParameter): Name = "Supplier"; Value = "Mouser"; VariantName = "[No Variations]"
Change component parameters (AddParameter): Name = "Supplier Part Number"; Value = "710-614105150721"; VariantName = "[No Variations]"
Change component parameters (AddParameter): Name = "Value"; Value = "614105150721"; VariantName = "[No Variations]"
Added Component: Designator=C?(CAPPRD500W65D1250H2200)
Add component (AddParameter): Name = "Manufacturer"; Value = "Panasonic"; VariantName = "[No Variations]"
Add component (AddParameter): Name = "Manufacturer Part Number"; Value = "ECA-2AM221B"; VariantName = "[No Variations]"
Add component (AddParameter): Name = "Price"; Value = "1"; VariantName = "[No Variations]"
Add component (AddParameter): Name = "Suplier"; Value = "Mouser"; VariantName = "[No Variations]"
Add component (AddParameter): Name = "Supplier Part Number"; Value = "667-ECA-2AM221B"; VariantName = "[No Variations]"
Add component (AddParameter): Name = "Value"; Value = "220uF 100V"; VariantName = "[No Variations]"
Added Component: Designator=C?(CAPPRD250W50D630H1250)
Add component (AddParameter): Name = "Manufacturer"; Value = "Kemet"; VariantName = "[No Variations]"
Add component (AddParameter): Name = "Manufacturer Part Number"; Value = "ESK107M025AE3AA"; VariantName = "[No Variations]"
Add component (AddParameter): Name = "Price"; Value = "0.25"; VariantName = "[No Variations]"
Add component (AddParameter): Name = "Supplier"; Value = "mouser"; VariantName = "[No Variations]"
Add component (AddParameter): Name = "Supplier Part Number"; Value = "80-ESK107M025AE3AA"; VariantName = "[No Variations]"
Add component (AddParameter): Name = "Value"; Value = "100uF 25V"; VariantName = "[No Variations]"
Added Component: Designator=C?(CAPPRD250W50D630H1250)
Add component (AddParameter): Name = "Manufacturer"; Value = "Kemet"; VariantName = "[No Variations]"
Add component (AddParameter): Name = "Manufacturer Part Number"; Value = "ESK107M025AE3AA"; VariantName = "[No Variations]"
Add component (AddParameter): Name = "Price"; Value = "0.25"; VariantName = "[No Variations]"
Add component (AddParameter): Name = "Supplier"; Value = "mouser"; VariantName = "[No Variations]"
Add component (AddParameter): Name = "Supplier Part Number"; Value = "80-ESK107M025AE3AA"; VariantName = "[No Variations]"
Add component (AddParameter): Name = "Value"; Value = "100uF 25V"; VariantName = "[No Variations]"
Added Component: Designator=C?(CAPPRD500W65D1250H2200)
Add component (AddParameter): Name = "Manufacturer"; Value = "Panasonic"; VariantName = "[No Variations]"
Add component (AddParameter): Name = "Manufacturer Part Number"; Value = "ECA-2AM221B"; VariantName = "[No Variations]"
Add component (AddParameter): Name = "Price"; Value = "1"; VariantName = "[No Variations]"
Add component (AddParameter): Name = "Suplier"; Value = "Mouser"; VariantName = "[No Variations]"
Add component (AddParameter): Name = "Supplier Part Number"; Value = "667-ECA-2AM221B"; VariantName = "[No Variations]"
Add component (AddParameter): Name = "Value"; Value = "220uF 100V"; VariantName = "[No Variations]"
Added Component: Designator=C?(CAPPRD500W65D1250H2200)
Add component (AddParameter): Name = "Manufacturer"; Value = "Panasonic"; VariantName = "[No Variations]"
Add component (AddParameter): Name = "Manufacturer Part Number"; Value = "ECA-2AM221B"; VariantName = "[No Variations]"
Add component (AddParameter): Name = "Price"; Value = "1"; VariantName = "[No Variations]"
Add component (AddParameter): Name = "Suplier"; Value = "Mouser"; VariantName = "[No Variations]"
Add component (AddParameter): Name = "Supplier Part Number"; Value = "667-ECA-2AM221B"; VariantName = "[No Variations]"
Add component (AddParameter): Name = "Value"; Value = "220uF 100V"; VariantName = "[No Variations]"
Added Component: Designator=C?(CAPPRD500W65D1250H2200)
Add component (AddParameter): Name = "Manufacturer"; Value = "Panasonic"; VariantName = "[No Variations]"
Add component (AddParameter): Name = "Manufacturer Part Number"; Value = "ECA-2AM221B"; VariantName = "[No Variations]"
Add component (AddParameter): Name = "Price"; Value = "1"; VariantName = "[No Variations]"
Add component (AddParameter): Name = "Suplier"; Value = "Mouser"; VariantName = "[No Variations]"
Add component (AddParameter): Name = "Supplier Part Number"; Value = "667-ECA-2AM221B"; VariantName = "[No Variations]"
Add component (AddParameter): Name = "Value"; Value = "220uF 100V"; VariantName = "[No Variations]"
Added Component: Designator=C?(CAPPRD500W65D1250H2200)
Add component (AddParameter): Name = "Manufacturer"; Value = "Panasonic"; VariantName = "[No Variations]"
Add component (AddParameter): Name = "Manufacturer Part Number"; Value = "ECA-2AM221B"; VariantName = "[No Variations]"
Add component (AddParameter): Name = "Price"; Value = "1"; VariantName = "[No Variations]"
Add component (AddParameter): Name = "Suplier"; Value = "Mouser"; VariantName = "[No Variations]"
Add component (AddParameter): Name = "Supplier Part Number"; Value = "667-ECA-2AM221B"; VariantName = "[No Variations]"
Add component (AddParameter): Name = "Value"; Value = "220uF 100V"; VariantName = "[No Variations]"
Added Component: Designator=C?(CAPPRD250W50D630H1250)
Add component (AddParameter): Name = "Manufacturer"; Value = "Kemet"; VariantName = "[No Variations]"
Add component (AddParameter): Name = "Manufacturer Part Number"; Value = "ESK107M025AE3AA"; VariantName = "[No Variations]"
Add component (AddParameter): Name = "Price"; Value = "0.25"; VariantName = "[No Variations]"
Add component (AddParameter): Name = "Supplier"; Value = "mouser"; VariantName = "[No Variations]"
Add component (AddParameter): Name = "Supplier Part Number"; Value = "80-ESK107M025AE3AA"; VariantName = "[No Variations]"
Add component (AddParameter): Name = "Value"; Value = "100uF 25V"; VariantName = "[No Variations]"
Added Component: Designator=C?(CAPPRD500W65D1250H2200)
Add component (AddParameter): Name = "Manufacturer"; Value = "Panasonic"; VariantName = "[No Variations]"
Add component (AddParameter): Name = "Manufacturer Part Number"; Value = "ECA-2AM221B"; VariantName = "[No Variations]"
Add component (AddParameter): Name = "Price"; Value = "1"; VariantName = "[No Variations]"
Add component (AddParameter): Name = "Suplier"; Value = "Mouser"; VariantName = "[No Variations]"
Add component (AddParameter): Name = "Supplier Part Number"; Value = "667-ECA-2AM221B"; VariantName = "[No Variations]"
Add component (AddParameter): Name = "Value"; Value = "220uF 100V"; VariantName = "[No Variations]"
Added Component: Designator=C?(CAPPRD500W65D1250H2200)
Add component (AddParameter): Name = "Manufacturer"; Value = "Panasonic"; VariantName = "[No Variations]"
Add component (AddParameter): Name = "Manufacturer Part Number"; Value = "ECA-2AM221B"; VariantName = "[No Variations]"
Add component (AddParameter): Name = "Price"; Value = "1"; VariantName = "[No Variations]"
Add component (AddParameter): Name = "Suplier"; Value = "Mouser"; VariantName = "[No Variations]"
Add component (AddParameter): Name = "Supplier Part Number"; Value = "667-ECA-2AM221B"; VariantName = "[No Variations]"
Add component (AddParameter): Name = "Value"; Value = "220uF 100V"; VariantName = "[No Variations]"
Added Component: Designator=C?(CAPPRD500W65D1250H2200)
Add component (AddParameter): Name = "Manufacturer"; Value = "Panasonic"; VariantName = "[No Variations]"
Add component (AddParameter): Name = "Manufacturer Part Number"; Value = "ECA-2AM221B"; VariantName = "[No Variations]"
Add component (AddParameter): Name = "Price"; Value = "1"; VariantName = "[No Variations]"
Add component (AddParameter): Name = "Suplier"; Value = "Mouser"; VariantName = "[No Variations]"
Add component (AddParameter): Name = "Supplier Part Number"; Value = "667-ECA-2AM221B"; VariantName = "[No Variations]"
Add component (AddParameter): Name = "Value"; Value = "220uF 100V"; VariantName = "[No Variations]"
Added Component: Designator=C?(CAPPRD500W65D1250H2200)
Add component (AddParameter): Name = "Manufacturer"; Value = "Panasonic"; VariantName = "[No Variations]"
Add component (AddParameter): Name = "Manufacturer Part Number"; Value = "ECA-2AM221B"; VariantName = "[No Variations]"
Add component (AddParameter): Name = "Price"; Value = "1"; VariantName = "[No Variations]"
Add component (AddParameter): Name = "Suplier"; Value = "Mouser"; VariantName = "[No Variations]"
Add component (AddParameter): Name = "Supplier Part Number"; Value = "667-ECA-2AM221B"; VariantName = "[No Variations]"
Add component (AddParameter): Name = "Value"; Value = "220uF 100V"; VariantName = "[No Variations]"
Added Component: Designator=C?(CAPPRD500W65D1250H2200)
Add component (AddParameter): Name = "Manufacturer"; Value = "Panasonic"; VariantName = "[No Variations]"
Add component (AddParameter): Name = "Manufacturer Part Number"; Value = "ECA-2AM221B"; VariantName = "[No Variations]"
Add component (AddParameter): Name = "Price"; Value = "1"; VariantName = "[No Variations]"
Add component (AddParameter): Name = "Suplier"; Value = "Mouser"; VariantName = "[No Variations]"
Add component (AddParameter): Name = "Supplier Part Number"; Value = "667-ECA-2AM221B"; VariantName = "[No Variations]"
Add component (AddParameter): Name = "Value"; Value = "220uF 100V"; VariantName = "[No Variations]"
Added Component: Designator=J24(61300621121)
Add component (AddParameter): Name = "Manufacturer"; Value = "Wurth Elektronik"; VariantName = "[No Variations]"
Add component (AddParameter): Name = "Manufacturer Part Number"; Value = "61300621121"; VariantName = "[No Variations]"
Add component (AddParameter): Name = "Price"; Value = "0.57"; VariantName = "[No Variations]"
Add component (AddParameter): Name = "Supplier"; Value = "Mouser"; VariantName = "[No Variations]"
Add component (AddParameter): Name = "Supplier Part Number"; Value = "710-61300621121"; VariantName = "[No Variations]"
Add component (AddParameter): Name = "Value"; Value = "61300621121"; VariantName = "[No Variations]"
Added Component: Designator=J25(61300621121)
Add component (AddParameter): Name = "Manufacturer"; Value = "Wurth Elektronik"; VariantName = "[No Variations]"
Add component (AddParameter): Name = "Manufacturer Part Number"; Value = "61300621121"; VariantName = "[No Variations]"
Add component (AddParameter): Name = "Price"; Value = "0.57"; VariantName = "[No Variations]"
Add component (AddParameter): Name = "Supplier"; Value = "Mouser"; VariantName = "[No Variations]"
Add component (AddParameter): Name = "Supplier Part Number"; Value = "710-61300621121"; VariantName = "[No Variations]"
Add component (AddParameter): Name = "Value"; Value = "61300621121"; VariantName = "[No Variations]"
Added Pin To Net: NetName=+3V3 Pin=C?-1
Added Pin To Net: NetName=+5V Pin=C?-1
Added Pin To Net: NetName=+12V Pin=C?-1
Added Pin To Net: NetName=VIN+ Pin=C?-1
Added Pin To Net: NetName=VIN+ Pin=C?-1
Added Pin To Net: NetName=VIN+ Pin=C?-1
Added Pin To Net: NetName=VIN+ Pin=C?-1
Added Pin To Net: NetName=VIN+ Pin=C?-1
Added Pin To Net: NetName=VIN+ Pin=C?-1
Added Pin To Net: NetName=VIN+ Pin=C?-1
Added Pin To Net: NetName=VIN+ Pin=C?-1
Added Pin To Net: NetName=VIN+ Pin=C?-1
Added Pin To Net: NetName=VIN+ Pin=C?-1
Added Pin To Net: NetName=GND Pin=C?-2
Added Pin To Net: NetName=GND Pin=C?-2
Added Pin To Net: NetName=GND Pin=C?-2
Added Pin To Net: NetName=GND Pin=C?-2
Added Pin To Net: NetName=GND Pin=C?-2
Added Pin To Net: NetName=GND Pin=C?-2
Added Pin To Net: NetName=GND Pin=C?-2
Added Pin To Net: NetName=GND Pin=C?-2
Added Pin To Net: NetName=GND Pin=C?-2
Added Pin To Net: NetName=GND Pin=C?-2
Added Pin To Net: NetName=GND Pin=C?-2
Added Pin To Net: NetName=GND Pin=C?-2
Added Pin To Net: NetName=GND Pin=C?-2
Added Pin To Net: NetName=TEMP_U Pin=J15-3
Added Pin To Net: NetName=+3V3 Pin=J15-4
Added Pin To Net: NetName=PHASE_U Pin=J15-5
Added Pin To Net: NetName=OUT_U Pin=J15-6
Added Pin To Net: NetName=TEMP_V Pin=J16-3
Added Pin To Net: NetName=+3V3 Pin=J16-4
Added Pin To Net: NetName=PHASE_V Pin=J16-5
Added Pin To Net: NetName=OUT_V Pin=J16-6
Added Pin To Net: NetName=TEMP_W Pin=J17-3
Added Pin To Net: NetName=+3V3 Pin=J17-4
Added Pin To Net: NetName=PHASE_W Pin=J17-5
Added Pin To Net: NetName=OUT_W Pin=J17-6
Added Pin To Net: NetName=VIN+ Pin=J24-1
Added Pin To Net: NetName=VIN+ Pin=J24-2
Added Pin To Net: NetName=VIN+ Pin=J24-3
Added Pin To Net: NetName=VIN+ Pin=J24-4
Added Pin To Net: NetName=VIN+ Pin=J24-5
Added Pin To Net: NetName=VIN+ Pin=J24-6
Added Pin To Net: NetName=GND Pin=J25-1
Added Pin To Net: NetName=GND Pin=J25-2
Added Pin To Net: NetName=GND Pin=J25-3
Added Pin To Net: NetName=GND Pin=J25-4
Added Pin To Net: NetName=GND Pin=J25-5
Added Pin To Net: NetName=GND Pin=J25-6
Added Pin To Net: NetName=PWM_U_HIGH1 Pin=J15-2
Added Pin To Net: NetName=PWM_U_HIGH1 Pin=R16-2
Added Pin To Net: NetName=PWM_U_HIGH1 Pin=R17-2
Added Net: Name=PWM_U_HIGH1
Added Pin To Net: NetName=PWM_U_LOW1 Pin=J15-1
Added Pin To Net: NetName=PWM_U_LOW1 Pin=R25-1
Added Pin To Net: NetName=PWM_U_LOW1 Pin=R26-1
Added Net: Name=PWM_U_LOW1
Added Pin To Net: NetName=PWM_V_HIGH1 Pin=J16-2
Added Pin To Net: NetName=PWM_V_HIGH1 Pin=R28-2
Added Pin To Net: NetName=PWM_V_HIGH1 Pin=R29-2
Added Net: Name=PWM_V_HIGH1
Added Pin To Net: NetName=PWM_V_LOW1 Pin=J16-1
Added Pin To Net: NetName=PWM_V_LOW1 Pin=R37-1
Added Pin To Net: NetName=PWM_V_LOW1 Pin=R38-1
Added Net: Name=PWM_V_LOW1
Added Pin To Net: NetName=PWM_W_HIGH1 Pin=J17-2
Added Pin To Net: NetName=PWM_W_HIGH1 Pin=R40-2
Added Pin To Net: NetName=PWM_W_HIGH1 Pin=R41-2
Added Net: Name=PWM_W_HIGH1
Added Pin To Net: NetName=PWM_W_LOW1 Pin=J17-1
Added Pin To Net: NetName=PWM_W_LOW1 Pin=R49-1
Added Pin To Net: NetName=PWM_W_LOW1 Pin=R50-1
Added Net: Name=PWM_W_LOW1
Added Member To Class: ClassName=Controller Member=Component C? 220uF 100V
Added Member To Class: ClassName=Controller Member=Component C? 100uF 25V
Added Member To Class: ClassName=Controller Member=Component C? 100uF 25V
Added Member To Class: ClassName=Controller Member=Component C? 220uF 100V
Added Member To Class: ClassName=Controller Member=Component C? 220uF 100V
Added Member To Class: ClassName=Controller Member=Component C? 220uF 100V
Added Member To Class: ClassName=Controller Member=Component C? 220uF 100V
Added Member To Class: ClassName=Controller Member=Component C? 100uF 25V
Added Member To Class: ClassName=Controller Member=Component C? 220uF 100V
Added Member To Class: ClassName=Controller Member=Component C? 220uF 100V
Added Member To Class: ClassName=Controller Member=Component C? 220uF 100V
Added Member To Class: ClassName=Controller Member=Component C? 220uF 100V
Added Member To Class: ClassName=Controller Member=Component C? 220uF 100V
Added Member To Class: ClassName=Driver Member=Component J15 PHASE_U
Added Member To Class: ClassName=Driver Member=Component J16 PHASE_V
Added Member To Class: ClassName=Driver Member=Component J17 PHASE_U
Added Member To Class: ClassName=Driver Member=Component J24 Header 6 Pin_2
Added Member To Class: ClassName=Driver Member=Component J25 Header 6 Pin_2
Added Member To Class: ClassName=Driver Member=Component R21 20R
Added Member To Class: ClassName=Driver Member=Component R22 20R
Added Member To Class: ClassName=Driver Member=Component R23 20R
