Removed Pin From Net: NetName=PHASE_U Pin=C1-1
Removed Pin From Net: NetName=PHASE_U Pin=C2-1
Removed Pin From Net: NetName=GND Pin=C6-2
Removed Pin From Net: NetName=GND Pin=C7-2
Removed Pin From Net: NetName=GND Pin=C8-2
Removed Pin From Net: NetName=GND Pin=C12-1
Removed Pin From Net: NetName=GND Pin=C13-1
Removed Pin From Net: NetName=+3V3 Pin=C13-2
Removed Pin From Net: NetName=GND Pin=C14-1
Removed Pin From Net: NetName=+3V3 Pin=C14-2
Removed Pin From Net: NetName=GND Pin=C15-1
Removed Pin From Net: NetName=GND Pin=C16-1
Removed Pin From Net: NetName=GND Pin=C17-1
Removed Pin From Net: NetName=+3V3 Pin=C17-2
Removed Pin From Net: NetName=GND Pin=C18-1
Removed Pin From Net: NetName=TEMP_U Pin=C18-2
Removed Pin From Net: NetName=PHASE_V Pin=C19-1
Removed Pin From Net: NetName=PHASE_V Pin=C20-1
Removed Pin From Net: NetName=GND Pin=C24-2
Removed Pin From Net: NetName=GND Pin=C25-2
Removed Pin From Net: NetName=GND Pin=C26-2
Removed Pin From Net: NetName=GND Pin=C30-1
Removed Pin From Net: NetName=GND Pin=C31-1
Removed Pin From Net: NetName=TEMP_V Pin=C31-2
Removed Pin From Net: NetName=GND Pin=C32-1
Removed Pin From Net: NetName=+3V3 Pin=C32-2
Removed Pin From Net: NetName=GND Pin=C33-1
Removed Pin From Net: NetName=+3V3 Pin=C33-2
Removed Pin From Net: NetName=GND Pin=C34-1
Removed Pin From Net: NetName=GND Pin=C35-1
Removed Pin From Net: NetName=GND Pin=C36-1
Removed Pin From Net: NetName=+3V3 Pin=C36-2
Removed Pin From Net: NetName=VIN+ Pin=C37-1
Removed Pin From Net: NetName=GND Pin=C37-2
Removed Pin From Net: NetName=VIN+ Pin=C38-1
Removed Pin From Net: NetName=GND Pin=C38-2
Removed Pin From Net: NetName=PHASE_W Pin=C39-1
Removed Pin From Net: NetName=PHASE_W Pin=C40-1
Removed Pin From Net: NetName=GND Pin=C44-2
Removed Pin From Net: NetName=GND Pin=C45-2
Removed Pin From Net: NetName=GND Pin=C46-2
Removed Pin From Net: NetName=VIN+ Pin=C47-1
Removed Pin From Net: NetName=GND Pin=C47-2
Removed Pin From Net: NetName=VIN+ Pin=C51-1
Removed Pin From Net: NetName=GND Pin=C51-2
Removed Pin From Net: NetName=VIN+ Pin=C52-1
Removed Pin From Net: NetName=GND Pin=C52-2
Removed Pin From Net: NetName=GND Pin=C53-1
Removed Pin From Net: NetName=VIN+ Pin=C54-1
Removed Pin From Net: NetName=GND Pin=C54-2
Removed Pin From Net: NetName=GND Pin=C55-1
Removed Pin From Net: NetName=TEMP_W Pin=C55-2
Removed Pin From Net: NetName=GND Pin=C56-1
Removed Pin From Net: NetName=+3V3 Pin=C56-2
Removed Pin From Net: NetName=GND Pin=C57-1
Removed Pin From Net: NetName=+3V3 Pin=C57-2
Removed Pin From Net: NetName=GND Pin=C58-1
Removed Pin From Net: NetName=GND Pin=C59-1
Removed Pin From Net: NetName=GND Pin=C60-1
Removed Pin From Net: NetName=+3V3 Pin=C60-2
Removed Pin From Net: NetName=TEMP_U Pin=J1-5
Removed Pin From Net: NetName=TEMP_V Pin=J4-5
Removed Pin From Net: NetName=+3V3 Pin=J8-3
Removed Pin From Net: NetName=+3V3 Pin=J8-4
Removed Pin From Net: NetName=GND Pin=J8-5
Removed Pin From Net: NetName=GND Pin=J8-7
Removed Pin From Net: NetName=GND Pin=J8-8
Removed Pin From Net: NetName=TEMP_W Pin=J9-5
Removed Pin From Net: NetName=VIN+ Pin=R4-2
Removed Pin From Net: NetName=NetQ1_GATE Pin=R5-2
Removed Pin From Net: NetName=NetQ1_GATE Pin=R7-2
Removed Pin From Net: NetName=GND Pin=R8-2
Removed Pin From Net: NetName=GND Pin=R9-2
Removed Pin From Net: NetName=GND Pin=R10-2
Removed Pin From Net: NetName=GND Pin=R12-1
Removed Pin From Net: NetName=PHASE_U Pin=R18-2
Removed Pin From Net: NetName=GND Pin=R19-1
Removed Pin From Net: NetName=GND Pin=R20-1
Removed Pin From Net: NetName=NetQ5_GATE Pin=R21-1
Removed Pin From Net: NetName=NetQ5_GATE Pin=R22-1
Removed Pin From Net: NetName=GND Pin=R23-1
Removed Pin From Net: NetName=TEMP_U Pin=R23-2
Removed Pin From Net: NetName=NetQ9_GATE Pin=R27-2
Removed Pin From Net: NetName=NetQ9_GATE Pin=R29-2
Removed Pin From Net: NetName=GND Pin=R30-2
Removed Pin From Net: NetName=GND Pin=R31-2
Removed Pin From Net: NetName=GND Pin=R32-2
Removed Pin From Net: NetName=PHASE_V Pin=R39-2
Removed Pin From Net: NetName=GND Pin=R40-1
Removed Pin From Net: NetName=GND Pin=R41-1
Removed Pin From Net: NetName=NetQ13_GATE Pin=R42-1
Removed Pin From Net: NetName=GND Pin=R43-1
Removed Pin From Net: NetName=TEMP_V Pin=R43-2
Removed Pin From Net: NetName=NetQ13_GATE Pin=R44-1
Removed Pin From Net: NetName=NetQ17_GATE Pin=R48-2
Removed Pin From Net: NetName=NetQ17_GATE Pin=R50-2
Removed Pin From Net: NetName=GND Pin=R51-2
Removed Pin From Net: NetName=GND Pin=R52-2
Removed Pin From Net: NetName=GND Pin=R53-2
Removed Pin From Net: NetName=PHASE_W Pin=R60-2
Removed Pin From Net: NetName=GND Pin=R61-1
Removed Pin From Net: NetName=GND Pin=R62-1
Removed Pin From Net: NetName=NetQ21_GATE Pin=R63-1
Removed Pin From Net: NetName=GND Pin=R64-1
Removed Pin From Net: NetName=TEMP_W Pin=R64-2
Removed Pin From Net: NetName=NetQ21_GATE Pin=R65-1
Removed Pin From Net: NetName=+3V3 Pin=U1-3
Removed Pin From Net: NetName=GND Pin=U1-4
Removed Pin From Net: NetName=+3V3 Pin=U1-8
Removed Pin From Net: NetName=GND Pin=U1-9
Removed Pin From Net: NetName=PHASE_U Pin=U1-14
Removed Pin From Net: NetName=OUT_U Pin=U2-1
Removed Pin From Net: NetName=GND Pin=U2-2
Removed Pin From Net: NetName=+3V3 Pin=U2-3
Removed Pin From Net: NetName=+3V3 Pin=U2-6
Removed Pin From Net: NetName=GND Pin=U2-7
Removed Pin From Net: NetName=PHASE_U Pin=U2-8
Removed Pin From Net: NetName=+3V3 Pin=U3-3
Removed Pin From Net: NetName=GND Pin=U3-4
Removed Pin From Net: NetName=+3V3 Pin=U3-8
Removed Pin From Net: NetName=GND Pin=U3-9
Removed Pin From Net: NetName=PHASE_V Pin=U3-14
Removed Pin From Net: NetName=OUT_V Pin=U4-1
Removed Pin From Net: NetName=GND Pin=U4-2
Removed Pin From Net: NetName=+3V3 Pin=U4-3
Removed Pin From Net: NetName=+3V3 Pin=U4-6
Removed Pin From Net: NetName=GND Pin=U4-7
Removed Pin From Net: NetName=PHASE_V Pin=U4-8
Removed Pin From Net: NetName=+3V3 Pin=U5-3
Removed Pin From Net: NetName=GND Pin=U5-4
Removed Pin From Net: NetName=+3V3 Pin=U5-8
Removed Pin From Net: NetName=GND Pin=U5-9
Removed Pin From Net: NetName=PHASE_W Pin=U5-14
Removed Pin From Net: NetName=OUT_W Pin=U6-1
Removed Pin From Net: NetName=GND Pin=U6-2
Removed Pin From Net: NetName=+3V3 Pin=U6-3
Removed Pin From Net: NetName=+3V3 Pin=U6-6
Removed Pin From Net: NetName=GND Pin=U6-7
Removed Pin From Net: NetName=PHASE_W Pin=U6-8
Removed Member From Class: ClassName=PowerBoard Member=C1
Removed Member From Class: ClassName=PowerBoard Member=C2
Removed Member From Class: ClassName=PowerBoard Member=C6
Removed Member From Class: ClassName=PowerBoard Member=C7
Removed Member From Class: ClassName=PowerBoard Member=C8
Removed Member From Class: ClassName=PowerBoard Member=C12
Removed Member From Class: ClassName=PowerBoard Member=C13
Removed Member From Class: ClassName=PowerBoard Member=C14
Removed Member From Class: ClassName=PowerBoard Member=C15
Removed Member From Class: ClassName=PowerBoard Member=C16
Removed Member From Class: ClassName=PowerBoard Member=C17
Removed Member From Class: ClassName=PowerBoard Member=C18
Removed Member From Class: ClassName=PowerBoard Member=C19
Removed Member From Class: ClassName=PowerBoard Member=C20
Removed Member From Class: ClassName=PowerBoard Member=C24
Removed Member From Class: ClassName=PowerBoard Member=C25
Removed Member From Class: ClassName=PowerBoard Member=C26
Removed Member From Class: ClassName=PowerBoard Member=C30
Removed Member From Class: ClassName=PowerBoard Member=C31
Removed Member From Class: ClassName=PowerBoard Member=C32
Removed Member From Class: ClassName=PowerBoard Member=C33
Removed Member From Class: ClassName=PowerBoard Member=C34
Removed Member From Class: ClassName=PowerBoard Member=C35
Removed Member From Class: ClassName=PowerBoard Member=C36
Removed Member From Class: ClassName=PowerBoard Member=C37
Removed Member From Class: ClassName=PowerBoard Member=C38
Removed Member From Class: ClassName=PowerBoard Member=C39
Removed Member From Class: ClassName=PowerBoard Member=C40
Removed Member From Class: ClassName=PowerBoard Member=C44
Removed Member From Class: ClassName=PowerBoard Member=C45
Removed Member From Class: ClassName=PowerBoard Member=C46
Removed Member From Class: ClassName=PowerBoard Member=C47
Removed Member From Class: ClassName=PowerBoard Member=C51
Removed Member From Class: ClassName=PowerBoard Member=C52
Removed Member From Class: ClassName=PowerBoard Member=C53
Removed Member From Class: ClassName=PowerBoard Member=C54
Removed Member From Class: ClassName=PowerBoard Member=C55
Removed Member From Class: ClassName=PowerBoard Member=C56
Removed Member From Class: ClassName=PowerBoard Member=C57
Removed Member From Class: ClassName=PowerBoard Member=C58
Removed Member From Class: ClassName=PowerBoard Member=C59
Removed Member From Class: ClassName=PowerBoard Member=C60
Removed Member From Class: ClassName=PowerBoard Member=D1
Removed Member From Class: ClassName=PowerBoard Member=D2
Removed Member From Class: ClassName=PowerBoard Member=D3
Removed Member From Class: ClassName=PowerBoard Member=D4
Removed Member From Class: ClassName=PowerBoard Member=D5
Removed Member From Class: ClassName=PowerBoard Member=D6
Removed Member From Class: ClassName=PowerBoard Member=D7
Removed Member From Class: ClassName=PowerBoard Member=D8
Removed Member From Class: ClassName=PowerBoard Member=D9
Removed Member From Class: ClassName=PowerBoard Member=J8
Removed Member From Class: ClassName=PowerBoard Member=R1
Removed Member From Class: ClassName=PowerBoard Member=R4
Removed Member From Class: ClassName=PowerBoard Member=R5
Removed Member From Class: ClassName=PowerBoard Member=R7
Removed Member From Class: ClassName=PowerBoard Member=R8
Removed Member From Class: ClassName=PowerBoard Member=R9
Removed Member From Class: ClassName=PowerBoard Member=R10
Removed Member From Class: ClassName=PowerBoard Member=R12
Removed Member From Class: ClassName=PowerBoard Member=R13
Removed Member From Class: ClassName=PowerBoard Member=R15
Removed Member From Class: ClassName=PowerBoard Member=R16
Removed Member From Class: ClassName=PowerBoard Member=R17
Removed Member From Class: ClassName=PowerBoard Member=R18
Removed Member From Class: ClassName=PowerBoard Member=R19
Removed Member From Class: ClassName=PowerBoard Member=R20
Removed Member From Class: ClassName=PowerBoard Member=R21
Removed Member From Class: ClassName=PowerBoard Member=R22
Removed Member From Class: ClassName=PowerBoard Member=R23
Removed Member From Class: ClassName=PowerBoard Member=R24
Removed Member From Class: ClassName=PowerBoard Member=R27
Removed Member From Class: ClassName=PowerBoard Member=R29
Removed Member From Class: ClassName=PowerBoard Member=R30
Removed Member From Class: ClassName=PowerBoard Member=R31
Removed Member From Class: ClassName=PowerBoard Member=R32
Removed Member From Class: ClassName=PowerBoard Member=R34
Removed Member From Class: ClassName=PowerBoard Member=R36
Removed Member From Class: ClassName=PowerBoard Member=R37
Removed Member From Class: ClassName=PowerBoard Member=R38
Removed Member From Class: ClassName=PowerBoard Member=R39
Removed Member From Class: ClassName=PowerBoard Member=R40
Removed Member From Class: ClassName=PowerBoard Member=R41
Removed Member From Class: ClassName=PowerBoard Member=R42
Removed Member From Class: ClassName=PowerBoard Member=R43
Removed Member From Class: ClassName=PowerBoard Member=R44
Removed Member From Class: ClassName=PowerBoard Member=R45
Removed Member From Class: ClassName=PowerBoard Member=R48
Removed Member From Class: ClassName=PowerBoard Member=R50
Removed Member From Class: ClassName=PowerBoard Member=R51
Removed Member From Class: ClassName=PowerBoard Member=R52
Removed Member From Class: ClassName=PowerBoard Member=R53
Removed Member From Class: ClassName=PowerBoard Member=R55
Removed Member From Class: ClassName=PowerBoard Member=R57
Removed Member From Class: ClassName=PowerBoard Member=R58
Removed Member From Class: ClassName=PowerBoard Member=R59
Removed Member From Class: ClassName=PowerBoard Member=R60
Removed Member From Class: ClassName=PowerBoard Member=R61
Removed Member From Class: ClassName=PowerBoard Member=R62
Removed Member From Class: ClassName=PowerBoard Member=R63
Removed Member From Class: ClassName=PowerBoard Member=R64
Removed Member From Class: ClassName=PowerBoard Member=R65
Removed Member From Class: ClassName=PowerBoard Member=U1
Removed Member From Class: ClassName=PowerBoard Member=U2
Removed Member From Class: ClassName=PowerBoard Member=U3
Removed Member From Class: ClassName=PowerBoard Member=U4
Removed Member From Class: ClassName=PowerBoard Member=U5
Removed Member From Class: ClassName=PowerBoard Member=U6
Change Component Footprint: Designator=J1 Old Footprint=61300621121 New Footprint=61030621821
Change Component Footprint: Designator=J4 Old Footprint=61300621121 New Footprint=61030621821
Change Component Footprint: Designator=J9 Old Footprint=61300621121 New Footprint=61030621821
Change Component Comment : Designator=J1 Old Comment=PHASE_U New Comment=PHASE_W
Change Component Comment : Designator=J4 Old Comment=PHASE_V New Comment=PHASE_W
Change component parameters: Designator = "J1" ("J1"); Footprint = "61300621121"; UniqueID = "\ZPZEPIMW" ("\ZPZEPIMW")
Change component parameters (AddParameter): Name = "Manufacturer"; Value = "Wurth Elektronik"; VariantName = "[No Variations]"
Change component parameters (AddParameter): Name = "Manufacturer Part Number"; Value = "61030621821"; VariantName = "[No Variations]"
Change component parameters (AddParameter): Name = "Price"; Value = "1.8"; VariantName = "[No Variations]"
Change component parameters (AddParameter): Name = "Supplier"; Value = "Mouser"; VariantName = "[No Variations]"
Change component parameters (AddParameter): Name = "Supplier Part Number"; Value = "710-61030621821"; VariantName = "[No Variations]"
Change component parameters (AddParameter): Name = "Value"; Value = "61030621821"; VariantName = "[No Variations]"
Change component parameters: Designator = "J4" ("J4"); Footprint = "61300621121"; UniqueID = "\RAPPUBSP" ("\RAPPUBSP")
Change component parameters (AddParameter): Name = "Manufacturer"; Value = "Wurth Elektronik"; VariantName = "[No Variations]"
Change component parameters (AddParameter): Name = "Manufacturer Part Number"; Value = "61030621821"; VariantName = "[No Variations]"
Change component parameters (AddParameter): Name = "Price"; Value = "1.8"; VariantName = "[No Variations]"
Change component parameters (AddParameter): Name = "Supplier"; Value = "Mouser"; VariantName = "[No Variations]"
Change component parameters (AddParameter): Name = "Supplier Part Number"; Value = "710-61030621821"; VariantName = "[No Variations]"
Change component parameters (AddParameter): Name = "Value"; Value = "61030621821"; VariantName = "[No Variations]"
Change component parameters: Designator = "J9" ("J9"); Footprint = "61300621121"; UniqueID = "\AAGDEWEO" ("\AAGDEWEO")
Change component parameters (AddParameter): Name = "Manufacturer"; Value = "Wurth Elektronik"; VariantName = "[No Variations]"
Change component parameters (AddParameter): Name = "Manufacturer Part Number"; Value = "61030621821"; VariantName = "[No Variations]"
Change component parameters (AddParameter): Name = "Price"; Value = "1.8"; VariantName = "[No Variations]"
Change component parameters (AddParameter): Name = "Supplier"; Value = "Mouser"; VariantName = "[No Variations]"
Change component parameters (AddParameter): Name = "Supplier Part Number"; Value = "710-61030621821"; VariantName = "[No Variations]"
Change component parameters (AddParameter): Name = "Value"; Value = "61030621821"; VariantName = "[No Variations]"
Added Pin To Net: NetName=NetQ1_GATE Pin=J1-1
Added Pin To Net: NetName=NetQ5_GATE Pin=J1-2
Added Pin To Net: NetName=+3V3 Pin=J1-3
Added Pin To Net: NetName=TEMP_U Pin=J1-4
Added Pin To Net: NetName=OUT_U Pin=J1-5
Added Pin To Net: NetName=PHASE_U Pin=J1-6
Added Pin To Net: NetName=NetQ9_GATE Pin=J4-1
Added Pin To Net: NetName=NetQ13_GATE Pin=J4-2
Added Pin To Net: NetName=+3V3 Pin=J4-3
Added Pin To Net: NetName=TEMP_V Pin=J4-4
Added Pin To Net: NetName=OUT_V Pin=J4-5
Added Pin To Net: NetName=PHASE_V Pin=J4-6
Added Pin To Net: NetName=NetQ17_GATE Pin=J9-1
Added Pin To Net: NetName=NetQ21_GATE Pin=J9-2
Added Pin To Net: NetName=+3V3 Pin=J9-3
Added Pin To Net: NetName=TEMP_W Pin=J9-4
Added Pin To Net: NetName=OUT_W Pin=J9-5
Added Pin To Net: NetName=PHASE_W Pin=J9-6
Change Net Name : Old Net Name=NetQ1_GATE New Net Name=PWM_U_HIGH
Change Net Name : Old Net Name=NetQ5_GATE New Net Name=PWM_U_LOW
Change Net Name : Old Net Name=NetQ9_GATE New Net Name=PWM_V_HIGH
Change Net Name : Old Net Name=NetQ13_GATE New Net Name=PWM_V_LOW
Change Net Name : Old Net Name=NetQ17_GATE New Net Name=PWM_W_HIGH
Change Net Name : Old Net Name=NetQ21_GATE New Net Name=PWM_W_LOW
