Change Component Designator: Old Designator=C36 New Designator=C1
Change Component Designator: Old Designator=C37 New Designator=C2
Change Component Designator: Old Designator=C38 New Designator=C3
Change Component Designator: Old Designator=C39 New Designator=C4
Change Component Designator: Old Designator=C40 New Designator=C5
Change Component Designator: Old Designator=C41 New Designator=C6
Change Component Designator: Old Designator=C42 New Designator=C7
Change Component Designator: Old Designator=C43 New Designator=C8
Change Component Designator: Old Designator=C44 New Designator=C9
Change Component Designator: Old Designator=C45 New Designator=C10
Change Component Designator: Old Designator=C46 New Designator=C11
Change Component Designator: Old Designator=C47 New Designator=C12
Change Component Designator: Old Designator=C48 New Designator=C13
Change Component Designator: Old Designator=C49 New Designator=C14
Change Component Designator: Old Designator=C50 New Designator=C15
Change Component Designator: Old Designator=C51 New Designator=C16
Change Component Designator: Old Designator=C52 New Designator=C17
Change Component Designator: Old Designator=C53 New Designator=C18
Change Component Designator: Old Designator=C54 New Designator=C19
Change Component Designator: Old Designator=C55 New Designator=C20
Change Component Designator: Old Designator=C56 New Designator=C21
Change Component Designator: Old Designator=C57 New Designator=C22
Change Component Designator: Old Designator=C58 New Designator=C23
Change Component Designator: Old Designator=C59 New Designator=C24
Change Component Designator: Old Designator=C60 New Designator=C25
Change Component Designator: Old Designator=C61 New Designator=C26
Change Component Designator: Old Designator=C62 New Designator=C27
Change Component Designator: Old Designator=C63 New Designator=C28
Change Component Designator: Old Designator=C64 New Designator=C29
Change Component Designator: Old Designator=C65 New Designator=C30
Change Component Designator: Old Designator=C66 New Designator=C31
Change Component Designator: Old Designator=C67 New Designator=C32
Change Component Designator: Old Designator=C68 New Designator=C33
Change Component Designator: Old Designator=J2 New Designator=J1
Change Component Designator: Old Designator=J3 New Designator=J2
Change Component Designator: Old Designator=J4 New Designator=J5
Change Component Designator: Old Designator=J5 New Designator=J6
Change Component Designator: Old Designator=J6 New Designator=J7
Change Component Designator: Old Designator=J? New Designator=J3
Change Component Designator: Old Designator=J? New Designator=J4
Change Component Designator: Old Designator=J? New Designator=J8
Change Component Designator: Old Designator=Q1 New Designator=Q3
Change Component Designator: Old Designator=Q? New Designator=Q1
Change Component Designator: Old Designator=Q? New Designator=Q2
Change Component Designator: Old Designator=Q? New Designator=Q4
Change Component Designator: Old Designator=Q? New Designator=Q5
Change Component Designator: Old Designator=Q? New Designator=Q6
Change Component Designator: Old Designator=Q? New Designator=Q7
Change Component Designator: Old Designator=Q? New Designator=Q8
Change Component Designator: Old Designator=Q? New Designator=Q9
Change Component Designator: Old Designator=Q? New Designator=Q10
Change Component Designator: Old Designator=Q? New Designator=Q11
Change Component Designator: Old Designator=Q? New Designator=Q12
Change Component Designator: Old Designator=Q? New Designator=Q13
Change Component Designator: Old Designator=Q? New Designator=Q14
Change Component Designator: Old Designator=Q? New Designator=Q15
Change Component Designator: Old Designator=Q? New Designator=Q16
Change Component Designator: Old Designator=Q? New Designator=Q17
Change Component Designator: Old Designator=Q? New Designator=Q18
Change Component Designator: Old Designator=Q? New Designator=Q19
Change Component Designator: Old Designator=Q? New Designator=Q20
Change Component Designator: Old Designator=Q? New Designator=Q21
Change Component Designator: Old Designator=Q? New Designator=Q22
Change Component Designator: Old Designator=Q? New Designator=Q23
Change Component Designator: Old Designator=Q? New Designator=Q24
Change Component Designator: Old Designator=R43 New Designator=R1
Change Component Designator: Old Designator=R44 New Designator=R2
Change Component Designator: Old Designator=R45 New Designator=R3
Change Component Designator: Old Designator=R46 New Designator=R4
Change Component Designator: Old Designator=R47 New Designator=R5
Change Component Designator: Old Designator=R48 New Designator=R6
Change Component Designator: Old Designator=R49 New Designator=R7
Change Component Designator: Old Designator=R50 New Designator=R8
Change Component Designator: Old Designator=R51 New Designator=R9
Change Component Designator: Old Designator=R52 New Designator=R10
Change Component Designator: Old Designator=R53 New Designator=R11
Change Component Designator: Old Designator=R54 New Designator=R12
Change Component Designator: Old Designator=R55 New Designator=R13
Change Component Designator: Old Designator=R56 New Designator=R14
Change Component Designator: Old Designator=R58 New Designator=R15
Change Component Designator: Old Designator=R59 New Designator=R16
Change Component Designator: Old Designator=R60 New Designator=R17
Change Component Designator: Old Designator=R61 New Designator=R18
Change Component Designator: Old Designator=R63 New Designator=R19
Change Component Designator: Old Designator=R64 New Designator=R20
Change Component Designator: Old Designator=R65 New Designator=R21
Change Component Designator: Old Designator=R66 New Designator=R22
Change Component Designator: Old Designator=R67 New Designator=R23
Change Component Designator: Old Designator=R68 New Designator=R24
Change Component Designator: Old Designator=R69 New Designator=R25
Change Component Designator: Old Designator=R70 New Designator=R26
Change Component Designator: Old Designator=R71 New Designator=R27
Change Component Designator: Old Designator=R72 New Designator=R28
Change Component Designator: Old Designator=R73 New Designator=R29
Change Component Designator: Old Designator=R74 New Designator=R30
Change Component Designator: Old Designator=R75 New Designator=R31
Change Component Designator: Old Designator=R76 New Designator=R32
Change Component Designator: Old Designator=R77 New Designator=R33
Change Component Designator: Old Designator=R78 New Designator=R34
Change Component Designator: Old Designator=R79 New Designator=R35
Change Component Designator: Old Designator=R80 New Designator=R36
Change Component Designator: Old Designator=R81 New Designator=R37
Change Component Designator: Old Designator=R82 New Designator=R38
Change Component Designator: Old Designator=R83 New Designator=R39
Change Component Designator: Old Designator=R84 New Designator=R40
Change Component Designator: Old Designator=R85 New Designator=R41
Change Component Designator: Old Designator=R86 New Designator=R42
Change Component Designator: Old Designator=R87 New Designator=R43
Change Component Designator: Old Designator=R88 New Designator=R44
Change Component Designator: Old Designator=R89 New Designator=R45
Change Component Designator: Old Designator=R90 New Designator=R46
Change Component Designator: Old Designator=R91 New Designator=R47
Change Component Designator: Old Designator=R92 New Designator=R48
Change Component Designator: Old Designator=R93 New Designator=R49
Change Component Designator: Old Designator=R94 New Designator=R50
Change Component Designator: Old Designator=R95 New Designator=R51
Change Component Designator: Old Designator=R96 New Designator=R52
Change Component Designator: Old Designator=R97 New Designator=R53
Change Component Designator: Old Designator=R98 New Designator=R54
Change Component Designator: Old Designator=R99 New Designator=R55
Change Component Designator: Old Designator=R100 New Designator=R56
Change Component Designator: Old Designator=R101 New Designator=R57
Change Component Designator: Old Designator=U13 New Designator=U1
Change Component Designator: Old Designator=U14 New Designator=U2
Change Component Designator: Old Designator=U15 New Designator=U3
