Removed Pin From Net: NetName=VIN+ Pin=-1
Removed Pin From Net: NetName=GND Pin=-2
Removed Pin From Net: NetName=+5V Pin=J11-1
Removed Pin From Net: NetName=+3.3V Pin=J11-2
Removed Pin From Net: NetName=GND Pin=J11-3
Removed Pin From Net: NetName=SCK_ADC_EXT Pin=J11-4
Removed Pin From Net: NetName=MISO_ADC_EXT2 Pin=J11-7
Removed Pin From Net: NetName=ADC Pin=J11-8
Removed Pin From Net: NetName=+5V Pin=J12-1
Removed Pin From Net: NetName=CANH Pin=J12-2
Removed Pin From Net: NetName=CANL Pin=J12-3
Removed Pin From Net: NetName=GND Pin=J12-4
Removed Pin From Net: NetName=GND Pin=J14-1
Removed Pin From Net: NetName=+5V Pin=J14-2
Removed Pin From Net: NetName=GND Pin=J18-1
Removed Pin From Net: NetName=TEMP_MOTOR Pin=J18-5
Removed Pin From Net: NetName=+5V Pin=J18-6
Removed Pin From Net: NetName=DM Pin=J_USB-2
Removed Pin From Net: NetName=DP Pin=J_USB-3
Removed Pin From Net: NetName=GND Pin=J_USB-5
Removed Member From Class: ClassName=PowerBoard Member=C3
Removed Member From Class: ClassName=PowerBoard Member=C4
Removed Member From Class: ClassName=PowerBoard Member=C5
Removed Member From Class: ClassName=PowerBoard Member=C9
Removed Member From Class: ClassName=PowerBoard Member=C10
Removed Member From Class: ClassName=PowerBoard Member=C11
Removed Member From Class: ClassName=PowerBoard Member=C48
Removed Member From Class: ClassName=PowerBoard Member=C49
Removed Member From Class: ClassName=PowerBoard Member=R2
Removed Member From Class: ClassName=PowerBoard Member=R3
Removed Member From Class: ClassName=PowerBoard Member=R6
Removed Member From Class: ClassName=PowerBoard Member=R11
Removed Member From Class: ClassName=PowerBoard Member=R14
Change component parameters: Designator = "C3" ("C3"); Footprint = "CAPPRD250W50D630H1250"; UniqueID = "\WLCYWVQK" ("\WLCYWVQK")
Change component parameters (AddParameter): Name = "Manufacturer"; Value = "Kemet"; VariantName = "[No Variations]"
Change component parameters (AddParameter): Name = "Manufacturer Part Number"; Value = "ESK107M025AE3AA"; VariantName = "[No Variations]"
Change component parameters (AddParameter): Name = "Price"; Value = "0.25"; VariantName = "[No Variations]"
Change component parameters (AddParameter): Name = "Supplier"; Value = "mouser"; VariantName = "[No Variations]"
Change component parameters (AddParameter): Name = "Supplier Part Number"; Value = "80-ESK107M025AE3AA"; VariantName = "[No Variations]"
Change component parameters (AddParameter): Name = "Value"; Value = "100uF 25V"; VariantName = "[No Variations]"
Change component parameters: Designator = "C4" ("C4"); Footprint = "C0603"; UniqueID = "\KLNNUYCU" ("\KLNNUYCU")
Change component parameters (AddParameter): Name = "Manufacturer"; Value = "Yageo"; VariantName = "[No Variations]"
Change component parameters (AddParameter): Name = "Manufacturer Part Number"; Value = "GRM188R61H225ME11J"; VariantName = "[No Variations]"
Change component parameters (AddParameter): Name = "Price"; Value = "0.3"; VariantName = "[No Variations]"
Change component parameters (AddParameter): Name = "Supplier"; Value = "mouser"; VariantName = "[No Variations]"
Change component parameters (AddParameter): Name = "Supplier Part Number"; Value = "81-GRM188R61H225ME1J"; VariantName = "[No Variations]"
Change component parameters (AddParameter): Name = "Value"; Value = "2.2uF"; VariantName = "[No Variations]"
Change component parameters: Designator = "C5" ("C5"); Footprint = "C0603"; UniqueID = "\WWSVLTJU" ("\WWSVLTJU")
Change component parameters (AddParameter): Name = "Manufacturer"; Value = "Yageo"; VariantName = "[No Variations]"
Change component parameters (AddParameter): Name = "Manufacturer Part Number"; Value = "GRM188R61H225ME11J"; VariantName = "[No Variations]"
Change component parameters (AddParameter): Name = "Price"; Value = "0.3"; VariantName = "[No Variations]"
Change component parameters (AddParameter): Name = "Supplier"; Value = "mouser"; VariantName = "[No Variations]"
Change component parameters (AddParameter): Name = "Supplier Part Number"; Value = "81-GRM188R61H225ME1J"; VariantName = "[No Variations]"
Change component parameters (AddParameter): Name = "Value"; Value = "2.2uF"; VariantName = "[No Variations]"
Change component parameters: Designator = "C9" ("C9"); Footprint = "C0603"; UniqueID = "\HFUJZFNZ" ("\HFUJZFNZ")
Change component parameters (AddParameter): Name = "Manufacturer"; Value = "Yageo"; VariantName = "[No Variations]"
Change component parameters (AddParameter): Name = "Manufacturer Part Number"; Value = "GRM188R61H225ME11J"; VariantName = "[No Variations]"
Change component parameters (AddParameter): Name = "Price"; Value = "0.3"; VariantName = "[No Variations]"
Change component parameters (AddParameter): Name = "Supplier"; Value = "mouser"; VariantName = "[No Variations]"
Change component parameters (AddParameter): Name = "Supplier Part Number"; Value = "81-GRM188R61H225ME1J"; VariantName = "[No Variations]"
Change component parameters (AddParameter): Name = "Value"; Value = "2.2uF"; VariantName = "[No Variations]"
Change component parameters: Designator = "C10" ("C10"); Footprint = "C0603"; UniqueID = "\AJEQCVDH" ("\AJEQCVDH")
Change component parameters (AddParameter): Name = "Manufacturer"; Value = "Yageo"; VariantName = "[No Variations]"
Change component parameters (AddParameter): Name = "Manufacturer Part Number"; Value = "GRM188R61H225ME11J"; VariantName = "[No Variations]"
Change component parameters (AddParameter): Name = "Price"; Value = "0.3"; VariantName = "[No Variations]"
Change component parameters (AddParameter): Name = "Supplier"; Value = "mouser"; VariantName = "[No Variations]"
Change component parameters (AddParameter): Name = "Supplier Part Number"; Value = "81-GRM188R61H225ME1J"; VariantName = "[No Variations]"
Change component parameters (AddParameter): Name = "Value"; Value = "2.2uF"; VariantName = "[No Variations]"
Change component parameters: Designator = "C11" ("C11"); Footprint = "C0603"; UniqueID = "\BMNARWSW" ("\BMNARWSW")
Change component parameters (AddParameter): Name = "Manufacturer"; Value = "Yageo"; VariantName = "[No Variations]"
Change component parameters (AddParameter): Name = "Manufacturer Part Number"; Value = "GRM188R61H225ME11J"; VariantName = "[No Variations]"
Change component parameters (AddParameter): Name = "Price"; Value = "0.3"; VariantName = "[No Variations]"
Change component parameters (AddParameter): Name = "Supplier"; Value = "mouser"; VariantName = "[No Variations]"
Change component parameters (AddParameter): Name = "Supplier Part Number"; Value = "81-GRM188R61H225ME1J"; VariantName = "[No Variations]"
Change component parameters (AddParameter): Name = "Value"; Value = "2.2uF"; VariantName = "[No Variations]"
Change component parameters: Designator = "C21" ("C21"); Footprint = "C0603"; UniqueID = "\GZCIOWER" ("\GZCIOWER")
Change component parameters (AddParameter): Name = "Manufacturer"; Value = "Yageo"; VariantName = "[No Variations]"
Change component parameters (AddParameter): Name = "Manufacturer Part Number"; Value = "GRM188R61H225ME11J"; VariantName = "[No Variations]"
Change component parameters (AddParameter): Name = "Price"; Value = "0.3"; VariantName = "[No Variations]"
Change component parameters (AddParameter): Name = "Supplier"; Value = "mouser"; VariantName = "[No Variations]"
Change component parameters (AddParameter): Name = "Supplier Part Number"; Value = "81-GRM188R61H225ME1J"; VariantName = "[No Variations]"
Change component parameters (AddParameter): Name = "Value"; Value = "4.7uF"; VariantName = "[No Variations]"
Change component parameters: Designator = "C22" ("C22"); Footprint = "C0402"; UniqueID = "\FJRIBEBM" ("\FJRIBEBM")
Change component parameters (AddParameter): Name = "Manufacturer"; Value = "Yageo"; VariantName = "[No Variations]"
Change component parameters (AddParameter): Name = "Manufacturer Part Number"; Value = "CS0603KRX7R9BB104"; VariantName = "[No Variations]"
Change component parameters (AddParameter): Name = "Price"; Value = "0.1"; VariantName = "[No Variations]"
Change component parameters (AddParameter): Name = "Supplier"; Value = "mouser"; VariantName = "[No Variations]"
Change component parameters (AddParameter): Name = "Supplier Part Number"; Value = "603-CS0603KRX79BB104"; VariantName = "[No Variations]"
Change component parameters (AddParameter): Name = "Value"; Value = "100nF"; VariantName = "[No Variations]"
Change component parameters: Designator = "C23" ("C23"); Footprint = "C0402"; UniqueID = "\QJGKWPQF" ("\QJGKWPQF")
Change component parameters (AddParameter): Name = "Manufacturer"; Value = "Yageo"; VariantName = "[No Variations]"
Change component parameters (AddParameter): Name = "Manufacturer Part Number"; Value = "CS0603KRX7R9BB104"; VariantName = "[No Variations]"
Change component parameters (AddParameter): Name = "Price"; Value = "0.1"; VariantName = "[No Variations]"
Change component parameters (AddParameter): Name = "Supplier"; Value = "mouser"; VariantName = "[No Variations]"
Change component parameters (AddParameter): Name = "Supplier Part Number"; Value = "603-CS0603KRX79BB104"; VariantName = "[No Variations]"
Change component parameters (AddParameter): Name = "Value"; Value = "100nF"; VariantName = "[No Variations]"
Change component parameters: Designator = "C27" ("C27"); Footprint = "C0402"; UniqueID = "\KSHIQQVI" ("\KSHIQQVI")
Change component parameters (AddParameter): Name = "Manufacturer"; Value = "Yageo"; VariantName = "[No Variations]"
Change component parameters (AddParameter): Name = "Manufacturer Part Number"; Value = "CS0603KRX7R9BB104"; VariantName = "[No Variations]"
Change component parameters (AddParameter): Name = "Price"; Value = "0.1"; VariantName = "[No Variations]"
Change component parameters (AddParameter): Name = "Supplier"; Value = "mouser"; VariantName = "[No Variations]"
Change component parameters (AddParameter): Name = "Supplier Part Number"; Value = "603-CS0603KRX79BB104"; VariantName = "[No Variations]"
Change component parameters (AddParameter): Name = "Value"; Value = "100nF"; VariantName = "[No Variations]"
Change component parameters: Designator = "C28" ("C28"); Footprint = "C0402"; UniqueID = "\GOKQAPTP" ("\GOKQAPTP")
Change component parameters (AddParameter): Name = "Manufacturer"; Value = "Yageo"; VariantName = "[No Variations]"
Change component parameters (AddParameter): Name = "Manufacturer Part Number"; Value = "CS0603KRX7R9BB104"; VariantName = "[No Variations]"
Change component parameters (AddParameter): Name = "Price"; Value = "0.1"; VariantName = "[No Variations]"
Change component parameters (AddParameter): Name = "Supplier"; Value = "mouser"; VariantName = "[No Variations]"
Change component parameters (AddParameter): Name = "Supplier Part Number"; Value = "603-CS0603KRX79BB104"; VariantName = "[No Variations]"
Change component parameters (AddParameter): Name = "Value"; Value = "100nF"; VariantName = "[No Variations]"
Change component parameters: Designator = "C29" ("C29"); Footprint = "C0402"; UniqueID = "\ICAMENJA" ("\ICAMENJA")
Change component parameters (AddParameter): Name = "Manufacturer"; Value = "Yageo"; VariantName = "[No Variations]"
Change component parameters (AddParameter): Name = "Manufacturer Part Number"; Value = "CS0603KRX7R9BB104"; VariantName = "[No Variations]"
Change component parameters (AddParameter): Name = "Price"; Value = "0.1"; VariantName = "[No Variations]"
Change component parameters (AddParameter): Name = "Supplier"; Value = "mouser"; VariantName = "[No Variations]"
Change component parameters (AddParameter): Name = "Supplier Part Number"; Value = "603-CS0603KRX79BB104"; VariantName = "[No Variations]"
Change component parameters (AddParameter): Name = "Value"; Value = "100nF"; VariantName = "[No Variations]"
Change component parameters: Designator = "C41" ("C41"); Footprint = "C0603"; UniqueID = "\WOQYBGQY" ("\WOQYBGQY")
Change component parameters (AddParameter): Name = "Manufacturer"; Value = "Yageo"; VariantName = "[No Variations]"
Change component parameters (AddParameter): Name = "Manufacturer Part Number"; Value = "GRM188R61H225ME11J"; VariantName = "[No Variations]"
Change component parameters (AddParameter): Name = "Price"; Value = "0.3"; VariantName = "[No Variations]"
Change component parameters (AddParameter): Name = "Supplier"; Value = "mouser"; VariantName = "[No Variations]"
Change component parameters (AddParameter): Name = "Supplier Part Number"; Value = "81-GRM188R61H225ME1J"; VariantName = "[No Variations]"
Change component parameters (AddParameter): Name = "Value"; Value = "4.7uF"; VariantName = "[No Variations]"
Change component parameters: Designator = "C42" ("C42"); Footprint = "C0402"; UniqueID = "\YUHJRVYB" ("\YUHJRVYB")
Change component parameters (AddParameter): Name = "Manufacturer"; Value = "Yageo"; VariantName = "[No Variations]"
Change component parameters (AddParameter): Name = "Manufacturer Part Number"; Value = "CS0603KRX7R9BB104"; VariantName = "[No Variations]"
Change component parameters (AddParameter): Name = "Price"; Value = "0.1"; VariantName = "[No Variations]"
Change component parameters (AddParameter): Name = "Supplier"; Value = "mouser"; VariantName = "[No Variations]"
Change component parameters (AddParameter): Name = "Supplier Part Number"; Value = "603-CS0603KRX79BB104"; VariantName = "[No Variations]"
Change component parameters (AddParameter): Name = "Value"; Value = "100nF"; VariantName = "[No Variations]"
Change component parameters: Designator = "C43" ("C43"); Footprint = "CAPPRD500W65D1250H2200"; UniqueID = "\ZBYTYILJ" ("\ZBYTYILJ")
Change component parameters (AddParameter): Name = "Manufacturer"; Value = "Panasonic"; VariantName = "[No Variations]"
Change component parameters (AddParameter): Name = "Manufacturer Part Number"; Value = "ECA-2AM221B"; VariantName = "[No Variations]"
Change component parameters (AddParameter): Name = "Price"; Value = "1"; VariantName = "[No Variations]"
Change component parameters (AddParameter): Name = "Suplier"; Value = "Mouser"; VariantName = "[No Variations]"
Change component parameters (AddParameter): Name = "Supplier Part Number"; Value = "667-ECA-2AM221B"; VariantName = "[No Variations]"
Change component parameters (AddParameter): Name = "Value"; Value = "220uF 100V"; VariantName = "[No Variations]"
Change component parameters: Designator = "C48" ("C48"); Footprint = "CAPPRD500W65D1250H2200"; UniqueID = "\KHYKLRND" ("\KHYKLRND")
Change component parameters (AddParameter): Name = "Manufacturer"; Value = "Panasonic"; VariantName = "[No Variations]"
Change component parameters (AddParameter): Name = "Manufacturer Part Number"; Value = "ECA-2AM221B"; VariantName = "[No Variations]"
Change component parameters (AddParameter): Name = "Price"; Value = "1"; VariantName = "[No Variations]"
Change component parameters (AddParameter): Name = "Suplier"; Value = "Mouser"; VariantName = "[No Variations]"
Change component parameters (AddParameter): Name = "Supplier Part Number"; Value = "667-ECA-2AM221B"; VariantName = "[No Variations]"
Change component parameters (AddParameter): Name = "Value"; Value = "220uF 100V"; VariantName = "[No Variations]"
Change component parameters: Designator = "C49" ("C49"); Footprint = "CAPPRD500W65D1250H2200"; UniqueID = "\PKTWUQST" ("\PKTWUQST")
Change component parameters (AddParameter): Name = "Manufacturer"; Value = "Panasonic"; VariantName = "[No Variations]"
Change component parameters (AddParameter): Name = "Manufacturer Part Number"; Value = "ECA-2AM221B"; VariantName = "[No Variations]"
Change component parameters (AddParameter): Name = "Price"; Value = "1"; VariantName = "[No Variations]"
Change component parameters (AddParameter): Name = "Suplier"; Value = "Mouser"; VariantName = "[No Variations]"
Change component parameters (AddParameter): Name = "Supplier Part Number"; Value = "667-ECA-2AM221B"; VariantName = "[No Variations]"
Change component parameters (AddParameter): Name = "Value"; Value = "220uF 100V"; VariantName = "[No Variations]"
Change component parameters: Designator = "R2" ("R2"); Footprint = "R0603"; UniqueID = "\CMMKESFY" ("\CMMKESFY")
Change component parameters (AddParameter): Name = "Manufacturer"; Value = "Yageo"; VariantName = "[No Variations]"
Change component parameters (AddParameter): Name = "Manufacturer Part Number"; Value = "RC0603FR-071KL"; VariantName = "[No Variations]"
Change component parameters (AddParameter): Name = "Price"; Value = "0.1"; VariantName = "[No Variations]"
Change component parameters (AddParameter): Name = "Supplier"; Value = "Mouser"; VariantName = "[No Variations]"
Change component parameters (AddParameter): Name = "Supplier Part Number"; Value = "603-RC0603FR-071KL"; VariantName = "[No Variations]"
Change component parameters (AddParameter): Name = "Value"; Value = "1k"; VariantName = "[No Variations]"
Change component parameters: Designator = "R3" ("R3"); Footprint = "R0603"; UniqueID = "\CJKWGVVF" ("\CJKWGVVF")
Change component parameters (AddParameter): Name = "Manufacturer"; Value = "Yageo"; VariantName = "[No Variations]"
Change component parameters (AddParameter): Name = "Manufacturer Part Number"; Value = "RC0603FR-071KL"; VariantName = "[No Variations]"
Change component parameters (AddParameter): Name = "Price"; Value = "0.1"; VariantName = "[No Variations]"
Change component parameters (AddParameter): Name = "Supplier"; Value = "Mouser"; VariantName = "[No Variations]"
Change component parameters (AddParameter): Name = "Supplier Part Number"; Value = "603-RC0603FR-071KL"; VariantName = "[No Variations]"
Change component parameters (AddParameter): Name = "Value"; Value = "1k"; VariantName = "[No Variations]"
Change component parameters: Designator = "R6" ("R6"); Footprint = "R0805"; UniqueID = "\YJHUXXEE" ("\YJHUXXEE")
Change component parameters (AddParameter): Name = "Manufacturer"; Value = "Yageo"; VariantName = "[No Variations]"
Change component parameters (AddParameter): Name = "Manufacturer Part Number"; Value = "RT0805FRE0739KL"; VariantName = "[No Variations]"
Change component parameters (AddParameter): Name = "Price"; Value = "0.1"; VariantName = "[No Variations]"
Change component parameters (AddParameter): Name = "Supplier"; Value = "mouser"; VariantName = "[No Variations]"
Change component parameters (AddParameter): Name = "Supplier Part Number"; Value = "603-RT0805FRE0739KL"; VariantName = "[No Variations]"
Change component parameters (AddParameter): Name = "Value"; Value = "39k"; VariantName = "[No Variations]"
Change component parameters: Designator = "R11" ("R11"); Footprint = "R0805"; UniqueID = "\ACYLPYMR" ("\ACYLPYMR")
Change component parameters (AddParameter): Name = "Manufacturer"; Value = "Yageo"; VariantName = "[No Variations]"
Change component parameters (AddParameter): Name = "Manufacturer Part Number"; Value = "RT0805FRE072K2L"; VariantName = "[No Variations]"
Change component parameters (AddParameter): Name = "Price"; Value = "0.1"; VariantName = "[No Variations]"
Change component parameters (AddParameter): Name = "Supplier"; Value = "mouser"; VariantName = "[No Variations]"
Change component parameters (AddParameter): Name = "Supplier Part Number"; Value = "603-RT0805FRE072K2L"; VariantName = "[No Variations]"
Change component parameters (AddParameter): Name = "Value"; Value = "2.2k"; VariantName = "[No Variations]"
Change component parameters: Designator = "R14" ("R14"); Footprint = "R0603"; UniqueID = "\IFZVCJCX" ("\IFZVCJCX")
Change component parameters (AddParameter): Name = "Manufacturer"; Value = "Yageo"; VariantName = "[No Variations]"
Change component parameters (AddParameter): Name = "Manufacturer Part Number"; Value = "RC0603FR-0710KL"; VariantName = "[No Variations]"
Change component parameters (AddParameter): Name = "Price"; Value = "0.1"; VariantName = "[No Variations]"
Change component parameters (AddParameter): Name = "Supplier"; Value = "mouser"; VariantName = "[No Variations]"
Change component parameters (AddParameter): Name = "Supplier Part Number"; Value = "603-RC0603FR-0710KL"; VariantName = "[No Variations]"
Change component parameters (AddParameter): Name = "Value"; Value = "10k"; VariantName = "[No Variations]"
Change component parameters: Designator = "R25" ("R25"); Footprint = "R1206"; UniqueID = "\HCPTCCRY" ("\HCPTCCRY")
Change component parameters (AddParameter): Name = "Manufacturer"; Value = "Yageo"; VariantName = "[No Variations]"
Change component parameters (AddParameter): Name = "Manufacturer Part Number"; Value = "RC1206FR-0720RL"; VariantName = "[No Variations]"
Change component parameters (AddParameter): Name = "Price"; Value = "0.12"; VariantName = "[No Variations]"
Change component parameters (AddParameter): Name = "Supplier"; Value = "Mouser"; VariantName = "[No Variations]"
Change component parameters (AddParameter): Name = "Supplier Part Number"; Value = "603-RC1206FR-0720RL"; VariantName = "[No Variations]"
Change component parameters (AddParameter): Name = "Value"; Value = "20R"; VariantName = "[No Variations]"
Change component parameters: Designator = "R26" ("R26"); Footprint = "R1206"; UniqueID = "\GGFAHYEV" ("\GGFAHYEV")
Change component parameters (AddParameter): Name = "Manufacturer"; Value = "Yageo"; VariantName = "[No Variations]"
Change component parameters (AddParameter): Name = "Manufacturer Part Number"; Value = "RC1206FR-074R7L"; VariantName = "[No Variations]"
Change component parameters (AddParameter): Name = "Price"; Value = "0.12"; VariantName = "[No Variations]"
Change component parameters (AddParameter): Name = "Supplier"; Value = "Mouser"; VariantName = "[No Variations]"
Change component parameters (AddParameter): Name = "Supplier Part Number"; Value = "603-RC1206FR-074R7L"; VariantName = "[No Variations]"
Change component parameters (AddParameter): Name = "Value"; Value = "4.7R"; VariantName = "[No Variations]"
Change component parameters: Designator = "R28" ("R28"); Footprint = "R1206"; UniqueID = "\NOGUVXJL" ("\NOGUVXJL")
Change component parameters (AddParameter): Name = "Manufacturer"; Value = "Yageo"; VariantName = "[No Variations]"
Change component parameters (AddParameter): Name = "Manufacturer Part Number"; Value = "RC1206FR-074R7L"; VariantName = "[No Variations]"
Change component parameters (AddParameter): Name = "Price"; Value = "0.12"; VariantName = "[No Variations]"
Change component parameters (AddParameter): Name = "Supplier"; Value = "Mouser"; VariantName = "[No Variations]"
Change component parameters (AddParameter): Name = "Supplier Part Number"; Value = "603-RC1206FR-074R7L"; VariantName = "[No Variations]"
Change component parameters (AddParameter): Name = "Value"; Value = "4.7R"; VariantName = "[No Variations]"
Change component parameters: Designator = "R33" ("R33"); Footprint = "R1206"; UniqueID = "\WXAEEOAP" ("\WXAEEOAP")
Change component parameters (AddParameter): Name = "Manufacturer"; Value = "Yageo"; VariantName = "[No Variations]"
Change component parameters (AddParameter): Name = "Manufacturer Part Number"; Value = "RC1206FR-0720RL"; VariantName = "[No Variations]"
Change component parameters (AddParameter): Name = "Price"; Value = "0.12"; VariantName = "[No Variations]"
Change component parameters (AddParameter): Name = "Supplier"; Value = "Mouser"; VariantName = "[No Variations]"
Change component parameters (AddParameter): Name = "Supplier Part Number"; Value = "603-RC1206FR-0720RL"; VariantName = "[No Variations]"
Change component parameters (AddParameter): Name = "Value"; Value = "20R"; VariantName = "[No Variations]"
Change component parameters: Designator = "R35" ("R35"); Footprint = "R1206"; UniqueID = "\NMVIVVVF" ("\NMVIVVVF")
Change component parameters (AddParameter): Name = "Manufacturer"; Value = "Yageo"; VariantName = "[No Variations]"
Change component parameters (AddParameter): Name = "Manufacturer Part Number"; Value = "RC1206FR-0720RL"; VariantName = "[No Variations]"
Change component parameters (AddParameter): Name = "Price"; Value = "0.12"; VariantName = "[No Variations]"
Change component parameters (AddParameter): Name = "Supplier"; Value = "Mouser"; VariantName = "[No Variations]"
Change component parameters (AddParameter): Name = "Supplier Part Number"; Value = "603-RC1206FR-0720RL"; VariantName = "[No Variations]"
Change component parameters (AddParameter): Name = "Value"; Value = "20R"; VariantName = "[No Variations]"
Change component parameters: Designator = "R46" ("R46"); Footprint = "R1206"; UniqueID = "\BEQJRGYD" ("\BEQJRGYD")
Change component parameters (AddParameter): Name = "Manufacturer"; Value = "Yageo"; VariantName = "[No Variations]"
Change component parameters (AddParameter): Name = "Manufacturer Part Number"; Value = "RC1206FR-0720RL"; VariantName = "[No Variations]"
Change component parameters (AddParameter): Name = "Price"; Value = "0.12"; VariantName = "[No Variations]"
Change component parameters (AddParameter): Name = "Supplier"; Value = "Mouser"; VariantName = "[No Variations]"
Change component parameters (AddParameter): Name = "Supplier Part Number"; Value = "603-RC1206FR-0720RL"; VariantName = "[No Variations]"
Change component parameters (AddParameter): Name = "Value"; Value = "20R"; VariantName = "[No Variations]"
Change component parameters: Designator = "R47" ("R47"); Footprint = "R1206"; UniqueID = "\MZMDGVPP" ("\MZMDGVPP")
Change component parameters (AddParameter): Name = "Manufacturer"; Value = "Yageo"; VariantName = "[No Variations]"
Change component parameters (AddParameter): Name = "Manufacturer Part Number"; Value = "RC1206FR-0720RL"; VariantName = "[No Variations]"
Change component parameters (AddParameter): Name = "Price"; Value = "0.12"; VariantName = "[No Variations]"
Change component parameters (AddParameter): Name = "Supplier"; Value = "Mouser"; VariantName = "[No Variations]"
Change component parameters (AddParameter): Name = "Supplier Part Number"; Value = "603-RC1206FR-0720RL"; VariantName = "[No Variations]"
Change component parameters (AddParameter): Name = "Value"; Value = "20R"; VariantName = "[No Variations]"
Change component parameters: Designator = "R49" ("R49"); Footprint = "R1206"; UniqueID = "\PTCHPQIR" ("\PTCHPQIR")
Change component parameters (AddParameter): Name = "Manufacturer"; Value = "Yageo"; VariantName = "[No Variations]"
Change component parameters (AddParameter): Name = "Manufacturer Part Number"; Value = "RC1206FR-0720RL"; VariantName = "[No Variations]"
Change component parameters (AddParameter): Name = "Price"; Value = "0.12"; VariantName = "[No Variations]"
Change component parameters (AddParameter): Name = "Supplier"; Value = "Mouser"; VariantName = "[No Variations]"
Change component parameters (AddParameter): Name = "Supplier Part Number"; Value = "603-RC1206FR-0720RL"; VariantName = "[No Variations]"
Change component parameters (AddParameter): Name = "Value"; Value = "20R"; VariantName = "[No Variations]"
Added Component: Designator=C8(CAPPRD500W65D1250H2200)
Add component (AddParameter): Name = "Manufacturer"; Value = "Panasonic"; VariantName = "[No Variations]"
Add component (AddParameter): Name = "Manufacturer Part Number"; Value = "ECA-2AM221B"; VariantName = "[No Variations]"
Add component (AddParameter): Name = "Price"; Value = "1"; VariantName = "[No Variations]"
Add component (AddParameter): Name = "Suplier"; Value = "Mouser"; VariantName = "[No Variations]"
Add component (AddParameter): Name = "Supplier Part Number"; Value = "667-ECA-2AM221B"; VariantName = "[No Variations]"
Add component (AddParameter): Name = "Value"; Value = "220uF 100V"; VariantName = "[No Variations]"
Added Component: Designator=J2(64372886)
Add component (AddParameter): Name = "Manufacturer"; Value = "TE Connectivity"; VariantName = "[No Variations]"
Add component (AddParameter): Name = "Manufacturer Part Number"; Value = "6437288-6"; VariantName = "[No Variations]"
Add component (AddParameter): Name = "Price"; Value = "2"; VariantName = "[No Variations]"
Add component (AddParameter): Name = "Supplier"; Value = "Mouser"; VariantName = "[No Variations]"
Add component (AddParameter): Name = "Supplier Part Number"; Value = "571-6437288-6"; VariantName = "[No Variations]"
Add component (AddParameter): Name = "Vlaue"; Value = "6437288-6"; VariantName = "[No Variations]"
Added Component: Designator=R72(R0603)
Add component (AddParameter): Name = "Manufacturer"; Value = "Yageo"; VariantName = "[No Variations]"
Add component (AddParameter): Name = "Manufacturer Part Number"; Value = "RC0603FR-0749K9L"; VariantName = "[No Variations]"
Add component (AddParameter): Name = "Price"; Value = "0.1"; VariantName = "[No Variations]"
Add component (AddParameter): Name = "Supplier"; Value = "mouser"; VariantName = "[No Variations]"
Add component (AddParameter): Name = "Supplier Part Number"; Value = "603-RC0603FR-0749K9L"; VariantName = "[No Variations]"
Add component (AddParameter): Name = "Value"; Value = "49.9k"; VariantName = "[No Variations]"
Added Pin To Net: NetName=VIN+ Pin=C8-1
Added Pin To Net: NetName=GND Pin=C8-2
Added Pin To Net: NetName=+5V Pin=J2-1
Added Pin To Net: NetName=GND Pin=J2-4
Added Pin To Net: NetName=TX_SCL_MOSI Pin=J2-5
Added Pin To Net: NetName=RX_SDA_NSS Pin=J2-6
Added Pin To Net: NetName=+5V Pin=J2-7
Added Pin To Net: NetName=GND Pin=J2-8
Added Pin To Net: NetName=DM Pin=J2-9
Added Pin To Net: NetName=DP Pin=J2-10
Added Pin To Net: NetName=+3V3 Pin=J2-11
Added Pin To Net: NetName=GND Pin=J2-12
Added Pin To Net: NetName=CANL Pin=J2-13
Added Pin To Net: NetName=CANH Pin=J2-14
Added Pin To Net: NetName=TEMP_MOTOR Pin=J2-15
Added Pin To Net: NetName=+5V Pin=J2-19
Added Pin To Net: NetName=ADC Pin=J2-20
Added Pin To Net: NetName=NRST Pin=J2-23
Added Pin To Net: NetName=+12V Pin=J2-24
Added Pin To Net: NetName=SWCLK Pin=J2-25
Added Pin To Net: NetName=SWDIO Pin=J2-26
Added Pin To Net: NetName=GND Pin=R72-1
Added Pin To Net: NetName=NetR70_1 Pin=R72-2
Added Pin To Net: NetName=ENCO_COS Pin=J2-3
Added Net: Name=ENCO_COS
Added Pin To Net: NetName=ENCO_SIN Pin=J2-2
Added Net: Name=ENCO_SIN
Added Pin To Net: NetName=HALL_U Pin=J2-16
Added Pin To Net: NetName=HALL_U Pin=R80-1
Added Pin To Net: NetName=HALL_U Pin=U10-37
Added Net: Name=HALL_U
Added Pin To Net: NetName=HALL_V Pin=J2-17
Added Pin To Net: NetName=HALL_V Pin=R81-1
Added Pin To Net: NetName=HALL_V Pin=U10-38
Added Net: Name=HALL_V
Added Pin To Net: NetName=HALL_W Pin=J2-18
Added Pin To Net: NetName=HALL_W Pin=R82-1
Added Pin To Net: NetName=HALL_W Pin=U10-39
Added Net: Name=HALL_W
Added Pin To Net: NetName=NetR76_1 Pin=R76-1
Added Pin To Net: NetName=NetR76_1 Pin=U11-5
Added Net: Name=NetR76_1
Added Pin To Net: NetName=RC_PWM Pin=J2-22
Added Pin To Net: NetName=RC_PWM Pin=R83-1
Added Net: Name=RC_PWM
Change Class Name : Old Net Name=PowerBoard New Net Name=Driver
Added Class: Name=Controller
Added Member To Class: ClassName=Driver Member=Component C13 100nF
Added Member To Class: ClassName=Driver Member=Component C14 4.7uF
Added Member To Class: ClassName=Driver Member=Component C15 100nF
Added Member To Class: ClassName=Driver Member=Component C16 100nF
Added Member To Class: ClassName=Driver Member=Component C17 100nF
Added Member To Class: ClassName=Driver Member=Component C18 100nF
Added Member To Class: ClassName=Driver Member=Component C19 100nF
Added Member To Class: ClassName=Driver Member=Component C20 2.2uF
Added Member To Class: ClassName=Driver Member=Component C24 4.7uF
Added Member To Class: ClassName=Driver Member=Component C25 100nF
Added Member To Class: ClassName=Driver Member=Component C26 100nF
Added Member To Class: ClassName=Driver Member=Component C30 2.2uF
Added Member To Class: ClassName=Driver Member=Component C31 4.7uF
Added Member To Class: ClassName=Driver Member=Component C32 100nF
Added Member To Class: ClassName=Driver Member=Component C33 100nF
Added Member To Class: ClassName=Driver Member=Component C34 4.7uF
Added Member To Class: ClassName=Driver Member=Component C35 100nF
Added Member To Class: ClassName=Driver Member=Component C36 100nF
Added Member To Class: ClassName=Driver Member=Component C37 100nF
Added Member To Class: ClassName=Driver Member=Component C38 100nF
Added Member To Class: ClassName=Driver Member=Component C39 100nF
Added Member To Class: ClassName=Driver Member=Component C40 2.2uF
Added Member To Class: ClassName=Driver Member=Component D1 SS115
Added Member To Class: ClassName=Driver Member=Component D2 B140HW-7
Added Member To Class: ClassName=Driver Member=Component D3 B140HW-7
Added Member To Class: ClassName=Driver Member=Component D4 SS115
Added Member To Class: ClassName=Driver Member=Component D5 B140HW-7
Added Member To Class: ClassName=Driver Member=Component D6 B140HW-7
Added Member To Class: ClassName=Driver Member=Component D7 SS115
Added Member To Class: ClassName=Driver Member=Component D8 B140HW-7
Added Member To Class: ClassName=Driver Member=Component D9 B140HW-7
Added Member To Class: ClassName=Driver Member=Component J15 PHASE_U
Added Member To Class: ClassName=Driver Member=Component J16 PHASE_V
Added Member To Class: ClassName=Driver Member=Component J17 PHASE_U
Added Member To Class: ClassName=Driver Member=Component J24 Header 6 Pin_2
Added Member To Class: ClassName=Driver Member=Component J25 Header 6 Pin_2
Added Member To Class: ClassName=Driver Member=Component R15 2.2R
Added Member To Class: ClassName=Driver Member=Component R16 4.7R
Added Member To Class: ClassName=Driver Member=Component R17 20R
Added Member To Class: ClassName=Driver Member=Component R18 2.2k
Added Member To Class: ClassName=Driver Member=Component R19 2.2k
Added Member To Class: ClassName=Driver Member=Component R20 2.2k
Added Member To Class: ClassName=Driver Member=Component R21 20R
Added Member To Class: ClassName=Driver Member=Component R22 20R
Added Member To Class: ClassName=Driver Member=Component R23 20R
Added Member To Class: ClassName=Driver Member=Component R24 10k
Added Member To Class: ClassName=Driver Member=Component R27 2.2R
Added Member To Class: ClassName=Driver Member=Component R29 20R
Added Member To Class: ClassName=Driver Member=Component R30 2.2k
Added Member To Class: ClassName=Driver Member=Component R31 2.2k
Added Member To Class: ClassName=Driver Member=Component R32 2.2k
Added Member To Class: ClassName=Driver Member=Component R34 20R
Added Member To Class: ClassName=Driver Member=Component R36 10k
Added Member To Class: ClassName=Driver Member=Component R37 20R
Added Member To Class: ClassName=Driver Member=Component R38 4.7R
Added Member To Class: ClassName=Driver Member=Component R39 2.2R
Added Member To Class: ClassName=Driver Member=Component R40 4.7R
Added Member To Class: ClassName=Driver Member=Component R41 20R
Added Member To Class: ClassName=Driver Member=Component R42 2.2k
Added Member To Class: ClassName=Driver Member=Component R43 2.2k
Added Member To Class: ClassName=Driver Member=Component R44 2.2k
Added Member To Class: ClassName=Driver Member=Component R45 20R
Added Member To Class: ClassName=Driver Member=Component R48 10k
Added Member To Class: ClassName=Driver Member=Component R50 4.7R
Added Member To Class: ClassName=Driver Member=Component U4 UCC21520ADW
Added Member To Class: ClassName=Driver Member=Component U5 UCC21520ADW
Added Member To Class: ClassName=Driver Member=Component U6 UCC21520ADW
