Removed Pin From Net: NetName=+3.3V Pin=C61-2
Removed Pin From Net: NetName=+3.3V Pin=C62-2
Removed Pin From Net: NetName=+3.3V Pin=C63-2
Removed Pin From Net: NetName=+3.3V Pin=C64-2
Removed Pin From Net: NetName=+3.3V Pin=C65-2
Removed Pin From Net: NetName=+3.3V Pin=C66-2
Removed Pin From Net: NetName=+3.3V Pin=C67-2
Removed Pin From Net: NetName=+3.3V Pin=C68-2
Removed Pin From Net: NetName=+3.3V Pin=C69-2
Removed Pin From Net: NetName=+3.3V Pin=C70-2
Removed Pin From Net: NetName=+3.3V Pin=FL-1
Removed Pin From Net: NetName=+3.3V Pin=J10-1
Removed Pin From Net: NetName=+3.3V Pin=R77-2
Removed Pin From Net: NetName=+3.3V Pin=U10-1
Removed Pin From Net: NetName=+3.3V Pin=U10-19
Removed Pin From Net: NetName=+3.3V Pin=U10-32
Removed Pin From Net: NetName=+3.3V Pin=U10-48
Removed Pin From Net: NetName=+3.3V Pin=U10-64
Added Pin To Net: NetName=+3V3 Pin=C61-2
Added Pin To Net: NetName=+3V3 Pin=C62-2
Added Pin To Net: NetName=+3V3 Pin=C63-2
Added Pin To Net: NetName=+3V3 Pin=C64-2
Added Pin To Net: NetName=+3V3 Pin=C65-2
Added Pin To Net: NetName=+3V3 Pin=C66-2
Added Pin To Net: NetName=+3V3 Pin=C67-2
Added Pin To Net: NetName=+3V3 Pin=C68-2
Added Pin To Net: NetName=+3V3 Pin=C69-2
Added Pin To Net: NetName=+3V3 Pin=C70-2
Added Pin To Net: NetName=+3V3 Pin=FL-1
Added Pin To Net: NetName=+3V3 Pin=J10-1
Added Pin To Net: NetName=+3V3 Pin=R77-2
Added Pin To Net: NetName=+3V3 Pin=U10-1
Added Pin To Net: NetName=+3V3 Pin=U10-19
Added Pin To Net: NetName=+3V3 Pin=U10-32
Added Pin To Net: NetName=+3V3 Pin=U10-48
Added Pin To Net: NetName=+3V3 Pin=U10-64
