Change Component Footprint: Designator=R21 Old Footprint=R1206 New Footprint=R0603
Change Component Footprint: Designator=R22 Old Footprint=R1206 New Footprint=R0603
Change Component Footprint: Designator=R23 Old Footprint=R1206 New Footprint=R0603
Change Component Comment : Designator=R21 Old Comment=20R New Comment=2.2R
Change Component Comment : Designator=R22 Old Comment=20R New Comment=2.2R
Change Component Comment : Designator=R23 Old Comment=20R New Comment=2.2R
Change component parameters: Designator = "R21" ("R21"); Footprint = "R1206"; UniqueID = "\PUIWCLHA" ("\PUIWCLHA")
Change component parameters (AddParameter): Name = "Manufacturer"; Value = "Yageo"; VariantName = "[No Variations]"
Change component parameters (AddParameter): Name = "Manufacturer Part Number"; Value = "RC0603FR-072R2L"; VariantName = "[No Variations]"
Change component parameters (AddParameter): Name = "Price"; Value = "0.1"; VariantName = "[No Variations]"
Change component parameters (AddParameter): Name = "Supplier"; Value = "Mouser"; VariantName = "[No Variations]"
Change component parameters (AddParameter): Name = "Supplier Part Number"; Value = "603-RC0603FR-072R2L"; VariantName = "[No Variations]"
Change component parameters (AddParameter): Name = "Value"; Value = "2.2R"; VariantName = "[No Variations]"
Change component parameters: Designator = "R22" ("R22"); Footprint = "R1206"; UniqueID = "\NWEZENEN" ("\NWEZENEN")
Change component parameters (AddParameter): Name = "Manufacturer"; Value = "Yageo"; VariantName = "[No Variations]"
Change component parameters (AddParameter): Name = "Manufacturer Part Number"; Value = "RC0603FR-072R2L"; VariantName = "[No Variations]"
Change component parameters (AddParameter): Name = "Price"; Value = "0.1"; VariantName = "[No Variations]"
Change component parameters (AddParameter): Name = "Supplier"; Value = "Mouser"; VariantName = "[No Variations]"
Change component parameters (AddParameter): Name = "Supplier Part Number"; Value = "603-RC0603FR-072R2L"; VariantName = "[No Variations]"
Change component parameters (AddParameter): Name = "Value"; Value = "2.2R"; VariantName = "[No Variations]"
Change component parameters: Designator = "R23" ("R23"); Footprint = "R1206"; UniqueID = "\XSRCFQNC" ("\XSRCFQNC")
Change component parameters (AddParameter): Name = "Manufacturer"; Value = "Yageo"; VariantName = "[No Variations]"
Change component parameters (AddParameter): Name = "Manufacturer Part Number"; Value = "RC0603FR-072R2L"; VariantName = "[No Variations]"
Change component parameters (AddParameter): Name = "Price"; Value = "0.1"; VariantName = "[No Variations]"
Change component parameters (AddParameter): Name = "Supplier"; Value = "Mouser"; VariantName = "[No Variations]"
Change component parameters (AddParameter): Name = "Supplier Part Number"; Value = "603-RC0603FR-072R2L"; VariantName = "[No Variations]"
Change component parameters (AddParameter): Name = "Value"; Value = "2.2R"; VariantName = "[No Variations]"
Added Member To Class: ClassName=Driver Member=Component D3 B140HW-7
