Change Component Footprint: Designator=C13 Old Footprint=C0402 New Footprint=C0603
Change Component Footprint: Designator=C15 Old Footprint=C0402 New Footprint=C0603
Change Component Footprint: Designator=C16 Old Footprint=C0402 New Footprint=C0603
Change Component Footprint: Designator=C17 Old Footprint=C0402 New Footprint=C0603
Change Component Footprint: Designator=C18 Old Footprint=C0402 New Footprint=C0603
Change Component Footprint: Designator=C19 Old Footprint=C0402 New Footprint=C0603
Change Component Footprint: Designator=C22 Old Footprint=C0402 New Footprint=C0603
Change Component Footprint: Designator=C23 Old Footprint=C0402 New Footprint=C0603
Change Component Footprint: Designator=C25 Old Footprint=C0402 New Footprint=C0603
Change Component Footprint: Designator=C26 Old Footprint=C0402 New Footprint=C0603
Change Component Footprint: Designator=C27 Old Footprint=C0402 New Footprint=C0603
Change Component Footprint: Designator=C28 Old Footprint=C0402 New Footprint=C0603
Change Component Footprint: Designator=C29 Old Footprint=C0402 New Footprint=C0603
Change Component Footprint: Designator=C32 Old Footprint=C0402 New Footprint=C0603
Change Component Footprint: Designator=C33 Old Footprint=C0402 New Footprint=C0603
Change Component Footprint: Designator=C35 Old Footprint=C0402 New Footprint=C0603
Change Component Footprint: Designator=C36 Old Footprint=C0402 New Footprint=C0603
Change Component Footprint: Designator=C37 Old Footprint=C0402 New Footprint=C0603
Change Component Footprint: Designator=C38 Old Footprint=C0402 New Footprint=C0603
Change Component Footprint: Designator=C39 Old Footprint=C0402 New Footprint=C0603
Change Component Footprint: Designator=C42 Old Footprint=C0402 New Footprint=C0603
Change Component Footprint: Designator=C63 Old Footprint=C0402 New Footprint=C0603
Change Component Footprint: Designator=C64 Old Footprint=C0402 New Footprint=C0603
Change Component Footprint: Designator=C65 Old Footprint=C0402 New Footprint=C0603
Change Component Footprint: Designator=C66 Old Footprint=C0402 New Footprint=C0603
Change Component Footprint: Designator=C67 Old Footprint=C0402 New Footprint=C0603
Change Component Footprint: Designator=C68 Old Footprint=C0402 New Footprint=C0603
Change Component Footprint: Designator=C69 Old Footprint=C0402 New Footprint=C0603
Change Component Footprint: Designator=C70 Old Footprint=C0402 New Footprint=C0603
Change Component Footprint: Designator=C74 Old Footprint=C0402 New Footprint=C0603
Change Component Footprint: Designator=C75 Old Footprint=C0402 New Footprint=C0603
Change Component Footprint: Designator=C76 Old Footprint=C0402 New Footprint=C0603
Change Component Footprint: Designator=C77 Old Footprint=C0402 New Footprint=C0603
Change Component Footprint: Designator=C92 Old Footprint=C0402 New Footprint=C0603
Change Component Footprint: Designator=C94 Old Footprint=C0402 New Footprint=C0603
Change Component Footprint: Designator=R4 Old Footprint=R0805 New Footprint=R0603
Change Component Footprint: Designator=R5 Old Footprint=R0805 New Footprint=R0603
Change Component Footprint: Designator=R6 Old Footprint=R0805 New Footprint=R0603
Change Component Footprint: Designator=R7 Old Footprint=R0805 New Footprint=R0603
Change Component Footprint: Designator=R8 Old Footprint=R0805 New Footprint=R0603
Change Component Footprint: Designator=R9 Old Footprint=R0805 New Footprint=R0603
Change Component Footprint: Designator=R10 Old Footprint=R0805 New Footprint=R0603
Change Component Footprint: Designator=R11 Old Footprint=R0805 New Footprint=R0603
Change Component Footprint: Designator=R15 Old Footprint=R1206 New Footprint=R0603
Change Component Footprint: Designator=R16 Old Footprint=R1206 New Footprint=R0603
Change Component Footprint: Designator=R17 Old Footprint=R1206 New Footprint=R0603
Change Component Footprint: Designator=R25 Old Footprint=R1206 New Footprint=R0603
Change Component Footprint: Designator=R26 Old Footprint=R1206 New Footprint=R0603
Change Component Footprint: Designator=R27 Old Footprint=R1206 New Footprint=R0603
Change Component Footprint: Designator=R28 Old Footprint=R1206 New Footprint=R0603
Change Component Footprint: Designator=R29 Old Footprint=R1206 New Footprint=R0603
Change Component Footprint: Designator=R33 Old Footprint=R1206 New Footprint=R0603
Change Component Footprint: Designator=R34 Old Footprint=R1206 New Footprint=R0603
Change Component Footprint: Designator=R35 Old Footprint=R1206 New Footprint=R0603
Change Component Footprint: Designator=R37 Old Footprint=R1206 New Footprint=R0603
Change Component Footprint: Designator=R38 Old Footprint=R1206 New Footprint=R0603
Change Component Footprint: Designator=R39 Old Footprint=R1206 New Footprint=R0603
Change Component Footprint: Designator=R40 Old Footprint=R1206 New Footprint=R0603
Change Component Footprint: Designator=R41 Old Footprint=R1206 New Footprint=R0603
Change Component Footprint: Designator=R45 Old Footprint=R1206 New Footprint=R0603
Change Component Footprint: Designator=R46 Old Footprint=R1206 New Footprint=R0603
Change Component Footprint: Designator=R47 Old Footprint=R1206 New Footprint=R0603
Change Component Footprint: Designator=R49 Old Footprint=R1206 New Footprint=R0603
Change Component Footprint: Designator=R50 Old Footprint=R1206 New Footprint=R0603
Change Component Comment : Designator=R21 Old Comment=2.2R New Comment=22R
Change Component Comment : Designator=R22 Old Comment=2.2R New Comment=22R
Change Component Comment : Designator=R23 Old Comment=2.2R New Comment=22R
Change Component Comment : Designator=R17 Old Comment=20R New Comment=22R
Change Component Comment : Designator=R25 Old Comment=20R New Comment=22R
Change Component Comment : Designator=R29 Old Comment=20R New Comment=22R
Change Component Comment : Designator=R33 Old Comment=20R New Comment=22R
Change Component Comment : Designator=R34 Old Comment=20R New Comment=22R
Change Component Comment : Designator=R35 Old Comment=20R New Comment=22R
Change Component Comment : Designator=R37 Old Comment=20R New Comment=22R
Change Component Comment : Designator=R41 Old Comment=20R New Comment=22R
Change Component Comment : Designator=R45 Old Comment=20R New Comment=22R
Change Component Comment : Designator=R46 Old Comment=20R New Comment=22R
Change Component Comment : Designator=R47 Old Comment=20R New Comment=22R
Change Component Comment : Designator=R49 Old Comment=20R New Comment=22R
Change Component Comment : Designator=R4 Old Comment=39k New Comment=33k
Change Component Comment : Designator=R5 Old Comment=39k New Comment=33k
Change Component Comment : Designator=R6 Old Comment=39k New Comment=33k
Change Component Comment : Designator=R7 Old Comment=39k New Comment=33k
Change component parameters: Designator = "R4" ("R4"); Footprint = "R0805"; UniqueID = "\YAFGVXFV" ("\YAFGVXFV")
Change component parameters (AddParameter): Name = "Manufacturer"; Value = "Yageo"; VariantName = "[No Variations]"
Change component parameters (AddParameter): Name = "Manufacturer Part Number"; Value = "RC0603FR-0733KL"; VariantName = "[No Variations]"
Change component parameters (AddParameter): Name = "Price"; Value = "0.1"; VariantName = "[No Variations]"
Change component parameters (AddParameter): Name = "Supplier"; Value = "mouser"; VariantName = "[No Variations]"
Change component parameters (AddParameter): Name = "Supplier Part Number"; Value = "603-RC0603FR-0733KL"; VariantName = "[No Variations]"
Change component parameters (AddParameter): Name = "Value"; Value = "33k"; VariantName = "[No Variations]"
Change component parameters: Designator = "R5" ("R5"); Footprint = "R0805"; UniqueID = "\DZPNGVXO" ("\DZPNGVXO")
Change component parameters (AddParameter): Name = "Manufacturer"; Value = "Yageo"; VariantName = "[No Variations]"
Change component parameters (AddParameter): Name = "Manufacturer Part Number"; Value = "RC0603FR-0733KL"; VariantName = "[No Variations]"
Change component parameters (AddParameter): Name = "Price"; Value = "0.1"; VariantName = "[No Variations]"
Change component parameters (AddParameter): Name = "Supplier"; Value = "mouser"; VariantName = "[No Variations]"
Change component parameters (AddParameter): Name = "Supplier Part Number"; Value = "603-RC0603FR-0733KL"; VariantName = "[No Variations]"
Change component parameters (AddParameter): Name = "Value"; Value = "33k"; VariantName = "[No Variations]"
Change component parameters: Designator = "R6" ("R6"); Footprint = "R0805"; UniqueID = "\URQYIFYH" ("\URQYIFYH")
Change component parameters (AddParameter): Name = "Manufacturer"; Value = "Yageo"; VariantName = "[No Variations]"
Change component parameters (AddParameter): Name = "Manufacturer Part Number"; Value = "RC0603FR-0733KL"; VariantName = "[No Variations]"
Change component parameters (AddParameter): Name = "Price"; Value = "0.1"; VariantName = "[No Variations]"
Change component parameters (AddParameter): Name = "Supplier"; Value = "mouser"; VariantName = "[No Variations]"
Change component parameters (AddParameter): Name = "Supplier Part Number"; Value = "603-RC0603FR-0733KL"; VariantName = "[No Variations]"
Change component parameters (AddParameter): Name = "Value"; Value = "33k"; VariantName = "[No Variations]"
Change component parameters: Designator = "R7" ("R7"); Footprint = "R0805"; UniqueID = "\XXQCIBJQ" ("\XXQCIBJQ")
Change component parameters (AddParameter): Name = "Manufacturer"; Value = "Yageo"; VariantName = "[No Variations]"
Change component parameters (AddParameter): Name = "Manufacturer Part Number"; Value = "RC0603FR-0733KL"; VariantName = "[No Variations]"
Change component parameters (AddParameter): Name = "Price"; Value = "0.1"; VariantName = "[No Variations]"
Change component parameters (AddParameter): Name = "Supplier"; Value = "mouser"; VariantName = "[No Variations]"
Change component parameters (AddParameter): Name = "Supplier Part Number"; Value = "603-RC0603FR-0733KL"; VariantName = "[No Variations]"
Change component parameters (AddParameter): Name = "Value"; Value = "33k"; VariantName = "[No Variations]"
Change component parameters: Designator = "R8" ("R8"); Footprint = "R0805"; UniqueID = "\RYKITKIT" ("\RYKITKIT")
Change component parameters (AddParameter): Name = "Manufacturer"; Value = "Yageo"; VariantName = "[No Variations]"
Change component parameters (AddParameter): Name = "Manufacturer Part Number"; Value = "RC0603FR-072K2L"; VariantName = "[No Variations]"
Change component parameters (AddParameter): Name = "Price"; Value = "0.1"; VariantName = "[No Variations]"
Change component parameters (AddParameter): Name = "Supplier"; Value = "Mouser"; VariantName = "[No Variations]"
Change component parameters (AddParameter): Name = "Supplier Part Number"; Value = "603-RC0603FR-072K2L"; VariantName = "[No Variations]"
Change component parameters (AddParameter): Name = "Value"; Value = "2.2k"; VariantName = "[No Variations]"
Change component parameters: Designator = "R9" ("R9"); Footprint = "R0805"; UniqueID = "\OTRVPYRJ" ("\OTRVPYRJ")
Change component parameters (AddParameter): Name = "Manufacturer"; Value = "Yageo"; VariantName = "[No Variations]"
Change component parameters (AddParameter): Name = "Manufacturer Part Number"; Value = "RC0603FR-072K2L"; VariantName = "[No Variations]"
Change component parameters (AddParameter): Name = "Price"; Value = "0.1"; VariantName = "[No Variations]"
Change component parameters (AddParameter): Name = "Supplier"; Value = "Mouser"; VariantName = "[No Variations]"
Change component parameters (AddParameter): Name = "Supplier Part Number"; Value = "603-RC0603FR-072K2L"; VariantName = "[No Variations]"
Change component parameters (AddParameter): Name = "Value"; Value = "2.2k"; VariantName = "[No Variations]"
Change component parameters: Designator = "R10" ("R10"); Footprint = "R0805"; UniqueID = "\PIMZKGJC" ("\PIMZKGJC")
Change component parameters (AddParameter): Name = "Manufacturer"; Value = "Yageo"; VariantName = "[No Variations]"
Change component parameters (AddParameter): Name = "Manufacturer Part Number"; Value = "RC0603FR-072K2L"; VariantName = "[No Variations]"
Change component parameters (AddParameter): Name = "Price"; Value = "0.1"; VariantName = "[No Variations]"
Change component parameters (AddParameter): Name = "Supplier"; Value = "Mouser"; VariantName = "[No Variations]"
Change component parameters (AddParameter): Name = "Supplier Part Number"; Value = "603-RC0603FR-072K2L"; VariantName = "[No Variations]"
Change component parameters (AddParameter): Name = "Value"; Value = "2.2k"; VariantName = "[No Variations]"
Change component parameters: Designator = "R11" ("R11"); Footprint = "R0805"; UniqueID = "\LCIMNGUX" ("\LCIMNGUX")
Change component parameters (AddParameter): Name = "Manufacturer"; Value = "Yageo"; VariantName = "[No Variations]"
Change component parameters (AddParameter): Name = "Manufacturer Part Number"; Value = "RC0603FR-072K2L"; VariantName = "[No Variations]"
Change component parameters (AddParameter): Name = "Price"; Value = "0.1"; VariantName = "[No Variations]"
Change component parameters (AddParameter): Name = "Supplier"; Value = "Mouser"; VariantName = "[No Variations]"
Change component parameters (AddParameter): Name = "Supplier Part Number"; Value = "603-RC0603FR-072K2L"; VariantName = "[No Variations]"
Change component parameters (AddParameter): Name = "Value"; Value = "2.2k"; VariantName = "[No Variations]"
Change component parameters: Designator = "R15" ("R15"); Footprint = "R1206"; UniqueID = "\EWZSWXBK" ("\EWZSWXBK")
Change component parameters (AddParameter): Name = "Manufacturer"; Value = "Yageo"; VariantName = "[No Variations]"
Change component parameters (AddParameter): Name = "Manufacturer Part Number"; Value = "RC0603FR-072R2L"; VariantName = "[No Variations]"
Change component parameters (AddParameter): Name = "Price"; Value = "0.1"; VariantName = "[No Variations]"
Change component parameters (AddParameter): Name = "Supplier"; Value = "Mouser"; VariantName = "[No Variations]"
Change component parameters (AddParameter): Name = "Supplier Part Number"; Value = "603-RC0603FR-072R2L"; VariantName = "[No Variations]"
Change component parameters (AddParameter): Name = "Value"; Value = "2.2R"; VariantName = "[No Variations]"
Change component parameters: Designator = "R17" ("R17"); Footprint = "R1206"; UniqueID = "\EKQNMAGJ" ("\EKQNMAGJ")
Change component parameters (AddParameter): Name = "Manufacturer"; Value = "Yageo"; VariantName = "[No Variations]"
Change component parameters (AddParameter): Name = "Manufacturer Part Number"; Value = "RC0603FR-0722RL"; VariantName = "[No Variations]"
Change component parameters (AddParameter): Name = "Price"; Value = "0.1"; VariantName = "[No Variations]"
Change component parameters (AddParameter): Name = "Supplier"; Value = "Mouser"; VariantName = "[No Variations]"
Change component parameters (AddParameter): Name = "Supplier Part Number"; Value = "603-RC0603FR-0722RL"; VariantName = "[No Variations]"
Change component parameters (AddParameter): Name = "Value"; Value = "22R"; VariantName = "[No Variations]"
Change component parameters: Designator = "R21" ("R21"); Footprint = "R0603"; UniqueID = "\IMKUCZIM" ("\IMKUCZIM")
Change component parameters (AddParameter): Name = "Manufacturer"; Value = "Yageo"; VariantName = "[No Variations]"
Change component parameters (AddParameter): Name = "Manufacturer Part Number"; Value = "RC0603FR-0722RL"; VariantName = "[No Variations]"
Change component parameters (AddParameter): Name = "Price"; Value = "0.1"; VariantName = "[No Variations]"
Change component parameters (AddParameter): Name = "Supplier"; Value = "Mouser"; VariantName = "[No Variations]"
Change component parameters (AddParameter): Name = "Supplier Part Number"; Value = "603-RC0603FR-0722RL"; VariantName = "[No Variations]"
Change component parameters (AddParameter): Name = "Value"; Value = "22R"; VariantName = "[No Variations]"
Change component parameters: Designator = "R22" ("R22"); Footprint = "R0603"; UniqueID = "\OJMPPBXR" ("\OJMPPBXR")
Change component parameters (AddParameter): Name = "Manufacturer"; Value = "Yageo"; VariantName = "[No Variations]"
Change component parameters (AddParameter): Name = "Manufacturer Part Number"; Value = "RC0603FR-0722RL"; VariantName = "[No Variations]"
Change component parameters (AddParameter): Name = "Price"; Value = "0.1"; VariantName = "[No Variations]"
Change component parameters (AddParameter): Name = "Supplier"; Value = "Mouser"; VariantName = "[No Variations]"
Change component parameters (AddParameter): Name = "Supplier Part Number"; Value = "603-RC0603FR-0722RL"; VariantName = "[No Variations]"
Change component parameters (AddParameter): Name = "Value"; Value = "22R"; VariantName = "[No Variations]"
Change component parameters: Designator = "R23" ("R23"); Footprint = "R0603"; UniqueID = "\EMKBLIUQ" ("\EMKBLIUQ")
Change component parameters (AddParameter): Name = "Manufacturer"; Value = "Yageo"; VariantName = "[No Variations]"
Change component parameters (AddParameter): Name = "Manufacturer Part Number"; Value = "RC0603FR-0722RL"; VariantName = "[No Variations]"
Change component parameters (AddParameter): Name = "Price"; Value = "0.1"; VariantName = "[No Variations]"
Change component parameters (AddParameter): Name = "Supplier"; Value = "Mouser"; VariantName = "[No Variations]"
Change component parameters (AddParameter): Name = "Supplier Part Number"; Value = "603-RC0603FR-0722RL"; VariantName = "[No Variations]"
Change component parameters (AddParameter): Name = "Value"; Value = "22R"; VariantName = "[No Variations]"
Change component parameters: Designator = "R25" ("R25"); Footprint = "R1206"; UniqueID = "\PZJLKDAP" ("\PZJLKDAP")
Change component parameters (AddParameter): Name = "Manufacturer"; Value = "Yageo"; VariantName = "[No Variations]"
Change component parameters (AddParameter): Name = "Manufacturer Part Number"; Value = "RC0603FR-0722RL"; VariantName = "[No Variations]"
Change component parameters (AddParameter): Name = "Price"; Value = "0.1"; VariantName = "[No Variations]"
Change component parameters (AddParameter): Name = "Supplier"; Value = "Mouser"; VariantName = "[No Variations]"
Change component parameters (AddParameter): Name = "Supplier Part Number"; Value = "603-RC0603FR-0722RL"; VariantName = "[No Variations]"
Change component parameters (AddParameter): Name = "Value"; Value = "22R"; VariantName = "[No Variations]"
Change component parameters: Designator = "R27" ("R27"); Footprint = "R1206"; UniqueID = "\HGHRPHYA" ("\HGHRPHYA")
Change component parameters (AddParameter): Name = "Manufacturer"; Value = "Yageo"; VariantName = "[No Variations]"
Change component parameters (AddParameter): Name = "Manufacturer Part Number"; Value = "RC0603FR-072R2L"; VariantName = "[No Variations]"
Change component parameters (AddParameter): Name = "Price"; Value = "0.1"; VariantName = "[No Variations]"
Change component parameters (AddParameter): Name = "Supplier"; Value = "Mouser"; VariantName = "[No Variations]"
Change component parameters (AddParameter): Name = "Supplier Part Number"; Value = "603-RC0603FR-072R2L"; VariantName = "[No Variations]"
Change component parameters (AddParameter): Name = "Value"; Value = "2.2R"; VariantName = "[No Variations]"
Change component parameters: Designator = "R29" ("R29"); Footprint = "R1206"; UniqueID = "\BRBWLPSP" ("\BRBWLPSP")
Change component parameters (AddParameter): Name = "Manufacturer"; Value = "Yageo"; VariantName = "[No Variations]"
Change component parameters (AddParameter): Name = "Manufacturer Part Number"; Value = "RC0603FR-0722RL"; VariantName = "[No Variations]"
Change component parameters (AddParameter): Name = "Price"; Value = "0.1"; VariantName = "[No Variations]"
Change component parameters (AddParameter): Name = "Supplier"; Value = "Mouser"; VariantName = "[No Variations]"
Change component parameters (AddParameter): Name = "Supplier Part Number"; Value = "603-RC0603FR-0722RL"; VariantName = "[No Variations]"
Change component parameters (AddParameter): Name = "Value"; Value = "22R"; VariantName = "[No Variations]"
Change component parameters: Designator = "R33" ("R33"); Footprint = "R1206"; UniqueID = "\BSXZVPMH" ("\BSXZVPMH")
Change component parameters (AddParameter): Name = "Manufacturer"; Value = "Yageo"; VariantName = "[No Variations]"
Change component parameters (AddParameter): Name = "Manufacturer Part Number"; Value = "RC0603FR-0722RL"; VariantName = "[No Variations]"
Change component parameters (AddParameter): Name = "Price"; Value = "0.1"; VariantName = "[No Variations]"
Change component parameters (AddParameter): Name = "Supplier"; Value = "Mouser"; VariantName = "[No Variations]"
Change component parameters (AddParameter): Name = "Supplier Part Number"; Value = "603-RC0603FR-0722RL"; VariantName = "[No Variations]"
Change component parameters (AddParameter): Name = "Value"; Value = "22R"; VariantName = "[No Variations]"
Change component parameters: Designator = "R34" ("R34"); Footprint = "R1206"; UniqueID = "\RROYZHOK" ("\RROYZHOK")
Change component parameters (AddParameter): Name = "Manufacturer"; Value = "Yageo"; VariantName = "[No Variations]"
Change component parameters (AddParameter): Name = "Manufacturer Part Number"; Value = "RC0603FR-0722RL"; VariantName = "[No Variations]"
Change component parameters (AddParameter): Name = "Price"; Value = "0.1"; VariantName = "[No Variations]"
Change component parameters (AddParameter): Name = "Supplier"; Value = "Mouser"; VariantName = "[No Variations]"
Change component parameters (AddParameter): Name = "Supplier Part Number"; Value = "603-RC0603FR-0722RL"; VariantName = "[No Variations]"
Change component parameters (AddParameter): Name = "Value"; Value = "22R"; VariantName = "[No Variations]"
Change component parameters: Designator = "R35" ("R35"); Footprint = "R1206"; UniqueID = "\NCIYBISX" ("\NCIYBISX")
Change component parameters (AddParameter): Name = "Manufacturer"; Value = "Yageo"; VariantName = "[No Variations]"
Change component parameters (AddParameter): Name = "Manufacturer Part Number"; Value = "RC0603FR-0722RL"; VariantName = "[No Variations]"
Change component parameters (AddParameter): Name = "Price"; Value = "0.1"; VariantName = "[No Variations]"
Change component parameters (AddParameter): Name = "Supplier"; Value = "Mouser"; VariantName = "[No Variations]"
Change component parameters (AddParameter): Name = "Supplier Part Number"; Value = "603-RC0603FR-0722RL"; VariantName = "[No Variations]"
Change component parameters (AddParameter): Name = "Value"; Value = "22R"; VariantName = "[No Variations]"
Change component parameters: Designator = "R37" ("R37"); Footprint = "R1206"; UniqueID = "\UZPPRVHZ" ("\UZPPRVHZ")
Change component parameters (AddParameter): Name = "Manufacturer"; Value = "Yageo"; VariantName = "[No Variations]"
Change component parameters (AddParameter): Name = "Manufacturer Part Number"; Value = "RC0603FR-0722RL"; VariantName = "[No Variations]"
Change component parameters (AddParameter): Name = "Price"; Value = "0.1"; VariantName = "[No Variations]"
Change component parameters (AddParameter): Name = "Supplier"; Value = "Mouser"; VariantName = "[No Variations]"
Change component parameters (AddParameter): Name = "Supplier Part Number"; Value = "603-RC0603FR-0722RL"; VariantName = "[No Variations]"
Change component parameters (AddParameter): Name = "Value"; Value = "22R"; VariantName = "[No Variations]"
Change component parameters: Designator = "R39" ("R39"); Footprint = "R1206"; UniqueID = "\LNQOJKKO" ("\LNQOJKKO")
Change component parameters (AddParameter): Name = "Manufacturer"; Value = "Yageo"; VariantName = "[No Variations]"
Change component parameters (AddParameter): Name = "Manufacturer Part Number"; Value = "RC0603FR-072R2L"; VariantName = "[No Variations]"
Change component parameters (AddParameter): Name = "Price"; Value = "0.1"; VariantName = "[No Variations]"
Change component parameters (AddParameter): Name = "Supplier"; Value = "Mouser"; VariantName = "[No Variations]"
Change component parameters (AddParameter): Name = "Supplier Part Number"; Value = "603-RC0603FR-072R2L"; VariantName = "[No Variations]"
Change component parameters (AddParameter): Name = "Value"; Value = "2.2R"; VariantName = "[No Variations]"
Change component parameters: Designator = "R41" ("R41"); Footprint = "R1206"; UniqueID = "\EGXPPPSL" ("\EGXPPPSL")
Change component parameters (AddParameter): Name = "Manufacturer"; Value = "Yageo"; VariantName = "[No Variations]"
Change component parameters (AddParameter): Name = "Manufacturer Part Number"; Value = "RC0603FR-0722RL"; VariantName = "[No Variations]"
Change component parameters (AddParameter): Name = "Price"; Value = "0.1"; VariantName = "[No Variations]"
Change component parameters (AddParameter): Name = "Supplier"; Value = "Mouser"; VariantName = "[No Variations]"
Change component parameters (AddParameter): Name = "Supplier Part Number"; Value = "603-RC0603FR-0722RL"; VariantName = "[No Variations]"
Change component parameters (AddParameter): Name = "Value"; Value = "22R"; VariantName = "[No Variations]"
Change component parameters: Designator = "R45" ("R45"); Footprint = "R1206"; UniqueID = "\QQVNIOMT" ("\QQVNIOMT")
Change component parameters (AddParameter): Name = "Manufacturer"; Value = "Yageo"; VariantName = "[No Variations]"
Change component parameters (AddParameter): Name = "Manufacturer Part Number"; Value = "RC0603FR-0722RL"; VariantName = "[No Variations]"
Change component parameters (AddParameter): Name = "Price"; Value = "0.1"; VariantName = "[No Variations]"
Change component parameters (AddParameter): Name = "Supplier"; Value = "Mouser"; VariantName = "[No Variations]"
Change component parameters (AddParameter): Name = "Supplier Part Number"; Value = "603-RC0603FR-0722RL"; VariantName = "[No Variations]"
Change component parameters (AddParameter): Name = "Value"; Value = "22R"; VariantName = "[No Variations]"
Change component parameters: Designator = "R46" ("R46"); Footprint = "R1206"; UniqueID = "\PDFWKQKA" ("\PDFWKQKA")
Change component parameters (AddParameter): Name = "Manufacturer"; Value = "Yageo"; VariantName = "[No Variations]"
Change component parameters (AddParameter): Name = "Manufacturer Part Number"; Value = "RC0603FR-0722RL"; VariantName = "[No Variations]"
Change component parameters (AddParameter): Name = "Price"; Value = "0.1"; VariantName = "[No Variations]"
Change component parameters (AddParameter): Name = "Supplier"; Value = "Mouser"; VariantName = "[No Variations]"
Change component parameters (AddParameter): Name = "Supplier Part Number"; Value = "603-RC0603FR-0722RL"; VariantName = "[No Variations]"
Change component parameters (AddParameter): Name = "Value"; Value = "22R"; VariantName = "[No Variations]"
Change component parameters: Designator = "R47" ("R47"); Footprint = "R1206"; UniqueID = "\XCGAVJDT" ("\XCGAVJDT")
Change component parameters (AddParameter): Name = "Manufacturer"; Value = "Yageo"; VariantName = "[No Variations]"
Change component parameters (AddParameter): Name = "Manufacturer Part Number"; Value = "RC0603FR-0722RL"; VariantName = "[No Variations]"
Change component parameters (AddParameter): Name = "Price"; Value = "0.1"; VariantName = "[No Variations]"
Change component parameters (AddParameter): Name = "Supplier"; Value = "Mouser"; VariantName = "[No Variations]"
Change component parameters (AddParameter): Name = "Supplier Part Number"; Value = "603-RC0603FR-0722RL"; VariantName = "[No Variations]"
Change component parameters (AddParameter): Name = "Value"; Value = "22R"; VariantName = "[No Variations]"
Change component parameters: Designator = "R49" ("R49"); Footprint = "R1206"; UniqueID = "\AVMIQPDE" ("\AVMIQPDE")
Change component parameters (AddParameter): Name = "Manufacturer"; Value = "Yageo"; VariantName = "[No Variations]"
Change component parameters (AddParameter): Name = "Manufacturer Part Number"; Value = "RC0603FR-0722RL"; VariantName = "[No Variations]"
Change component parameters (AddParameter): Name = "Price"; Value = "0.1"; VariantName = "[No Variations]"
Change component parameters (AddParameter): Name = "Supplier"; Value = "Mouser"; VariantName = "[No Variations]"
Change component parameters (AddParameter): Name = "Supplier Part Number"; Value = "603-RC0603FR-0722RL"; VariantName = "[No Variations]"
Change component parameters (AddParameter): Name = "Value"; Value = "22R"; VariantName = "[No Variations]"
